GPU 0: NVIDIA A100 80GB PCIe (UUID: GPU-439e77c6-925a-153f-7807-eb1495e35f3b)
nvcc: NVIDIA (R) Cuda compiler driver
Copyright (c) 2005-2022 NVIDIA Corporation
Built on Wed_Jun__8_16:49:14_PDT_2022
Cuda compilation tools, release 11.7, V11.7.99
Build cuda_11.7.r11.7/compiler.31442593_0
Python 3.10.20

===== Fold 1 =====
{'loss': '0.5824', 'grad_norm': '2.844', 'learning_rate': '1.998e-05', 'epoch': '0.1316'}
{'loss': '0.4291', 'grad_norm': '5.512', 'learning_rate': '1.995e-05', 'epoch': '0.2632'}
{'loss': '0.3384', 'grad_norm': '8.445', 'learning_rate': '1.992e-05', 'epoch': '0.3947'}
{'loss': '0.2671', 'grad_norm': '8.629', 'learning_rate': '1.99e-05', 'epoch': '0.5263'}
{'loss': '0.2926', 'grad_norm': '15.36', 'learning_rate': '1.987e-05', 'epoch': '0.6579'}
{'loss': '0.2177', 'grad_norm': '9.588', 'learning_rate': '1.984e-05', 'epoch': '0.7895'}
{'loss': '0.2403', 'grad_norm': '6.936', 'learning_rate': '1.982e-05', 'epoch': '0.9211'}
{'eval_loss': '0.1784', 'eval_accuracy': '0.9356', 'eval_precision': '0.9536', 'eval_recall': '0.96', 'eval_f1': '0.9568', 'eval_runtime': '0.2567', 'eval_samples_per_second': '2361', 'eval_steps_per_second': '38.95', 'epoch': '1'}
{'loss': '0.1545', 'grad_norm': '12.31', 'learning_rate': '1.979e-05', 'epoch': '1.053'}
{'loss': '0.1303', 'grad_norm': '8.467', 'learning_rate': '1.977e-05', 'epoch': '1.184'}
{'loss': '0.1622', 'grad_norm': '16.26', 'learning_rate': '1.974e-05', 'epoch': '1.316'}
{'loss': '0.1303', 'grad_norm': '13.63', 'learning_rate': '1.971e-05', 'epoch': '1.447'}
{'loss': '0.1939', 'grad_norm': '17.37', 'learning_rate': '1.969e-05', 'epoch': '1.579'}
{'loss': '0.1142', 'grad_norm': '10.13', 'learning_rate': '1.966e-05', 'epoch': '1.711'}
{'loss': '0.0861', 'grad_norm': '1.572', 'learning_rate': '1.963e-05', 'epoch': '1.842'}
{'loss': '0.1168', 'grad_norm': '13.75', 'learning_rate': '1.961e-05', 'epoch': '1.974'}
{'eval_loss': '0.2301', 'eval_accuracy': '0.9455', 'eval_precision': '0.9523', 'eval_recall': '0.9756', 'eval_f1': '0.9638', 'eval_runtime': '0.1674', 'eval_samples_per_second': '3621', 'eval_steps_per_second': '59.75', 'epoch': '2'}
{'loss': '0.0693', 'grad_norm': '0.5003', 'learning_rate': '1.958e-05', 'epoch': '2.105'}
{'loss': '0.05334', 'grad_norm': '11.23', 'learning_rate': '1.956e-05', 'epoch': '2.237'}
{'loss': '0.09454', 'grad_norm': '0.2675', 'learning_rate': '1.953e-05', 'epoch': '2.368'}
{'loss': '0.1136', 'grad_norm': '7.854', 'learning_rate': '1.95e-05', 'epoch': '2.5'}
{'loss': '0.1483', 'grad_norm': '16.54', 'learning_rate': '1.948e-05', 'epoch': '2.632'}
{'loss': '0.1004', 'grad_norm': '0.2673', 'learning_rate': '1.945e-05', 'epoch': '2.763'}
{'loss': '0.1152', 'grad_norm': '17.78', 'learning_rate': '1.942e-05', 'epoch': '2.895'}
{'eval_loss': '0.3626', 'eval_accuracy': '0.9109', 'eval_precision': '0.9806', 'eval_recall': '0.8978', 'eval_f1': '0.9374', 'eval_runtime': '0.166', 'eval_samples_per_second': '3651', 'eval_steps_per_second': '60.25', 'epoch': '3'}
{'loss': '0.09736', 'grad_norm': '15.48', 'learning_rate': '1.94e-05', 'epoch': '3.026'}
{'loss': '0.03598', 'grad_norm': '0.2679', 'learning_rate': '1.937e-05', 'epoch': '3.158'}
{'loss': '0.03038', 'grad_norm': '0.2957', 'learning_rate': '1.934e-05', 'epoch': '3.289'}
{'loss': '0.06049', 'grad_norm': '11.44', 'learning_rate': '1.932e-05', 'epoch': '3.421'}
{'loss': '0.03463', 'grad_norm': '16.25', 'learning_rate': '1.929e-05', 'epoch': '3.553'}
{'loss': '0.04232', 'grad_norm': '8.466', 'learning_rate': '1.927e-05', 'epoch': '3.684'}
{'loss': '0.05798', 'grad_norm': '61.14', 'learning_rate': '1.924e-05', 'epoch': '3.816'}
{'loss': '0.03728', 'grad_norm': '0.04274', 'learning_rate': '1.921e-05', 'epoch': '3.947'}
{'eval_loss': '0.2869', 'eval_accuracy': '0.9488', 'eval_precision': '0.9666', 'eval_recall': '0.9644', 'eval_f1': '0.9655', 'eval_runtime': '0.166', 'eval_samples_per_second': '3650', 'eval_steps_per_second': '60.24', 'epoch': '4'}
{'loss': '0.01613', 'grad_norm': '0.4901', 'learning_rate': '1.919e-05', 'epoch': '4.079'}
{'loss': '0.02857', 'grad_norm': '7.742', 'learning_rate': '1.916e-05', 'epoch': '4.211'}
{'loss': '0.03805', 'grad_norm': '0.05145', 'learning_rate': '1.913e-05', 'epoch': '4.342'}
{'loss': '0.04392', 'grad_norm': '0.09838', 'learning_rate': '1.911e-05', 'epoch': '4.474'}
{'loss': '0.02804', 'grad_norm': '8.688', 'learning_rate': '1.908e-05', 'epoch': '4.605'}
{'loss': '0.04076', 'grad_norm': '27.25', 'learning_rate': '1.906e-05', 'epoch': '4.737'}
{'loss': '0.02048', 'grad_norm': '0.1692', 'learning_rate': '1.903e-05', 'epoch': '4.868'}
{'loss': '0.04467', 'grad_norm': '20.17', 'learning_rate': '1.9e-05', 'epoch': '5'}
{'eval_loss': '0.3064', 'eval_accuracy': '0.9472', 'eval_precision': '0.9583', 'eval_recall': '0.9711', 'eval_f1': '0.9647', 'eval_runtime': '0.1635', 'eval_samples_per_second': '3706', 'eval_steps_per_second': '61.16', 'epoch': '5'}
{'loss': '0.07207', 'grad_norm': '0.03831', 'learning_rate': '1.898e-05', 'epoch': '5.132'}
{'loss': '0.002886', 'grad_norm': '0.02597', 'learning_rate': '1.895e-05', 'epoch': '5.263'}
{'loss': '0.01412', 'grad_norm': '23.65', 'learning_rate': '1.892e-05', 'epoch': '5.395'}
{'loss': '0.01762', 'grad_norm': '0.04697', 'learning_rate': '1.89e-05', 'epoch': '5.526'}
{'loss': '0.02302', 'grad_norm': '32.85', 'learning_rate': '1.887e-05', 'epoch': '5.658'}
{'loss': '0.01847', 'grad_norm': '0.01434', 'learning_rate': '1.884e-05', 'epoch': '5.789'}
{'loss': '0.01094', 'grad_norm': '0.0117', 'learning_rate': '1.882e-05', 'epoch': '5.921'}
{'eval_loss': '0.3159', 'eval_accuracy': '0.9521', 'eval_precision': '0.9626', 'eval_recall': '0.9733', 'eval_f1': '0.968', 'eval_runtime': '0.1657', 'eval_samples_per_second': '3658', 'eval_steps_per_second': '60.36', 'epoch': '6'}
{'loss': '0.001362', 'grad_norm': '0.01331', 'learning_rate': '1.879e-05', 'epoch': '6.053'}
{'loss': '0.02837', 'grad_norm': '0.009507', 'learning_rate': '1.877e-05', 'epoch': '6.184'}
{'loss': '0.005839', 'grad_norm': '0.008782', 'learning_rate': '1.874e-05', 'epoch': '6.316'}
{'loss': '0.01705', 'grad_norm': '45.9', 'learning_rate': '1.871e-05', 'epoch': '6.447'}
{'loss': '0.02918', 'grad_norm': '0.007763', 'learning_rate': '1.869e-05', 'epoch': '6.579'}
{'loss': '0.02563', 'grad_norm': '0.3385', 'learning_rate': '1.866e-05', 'epoch': '6.711'}
{'loss': '0.05027', 'grad_norm': '0.08667', 'learning_rate': '1.863e-05', 'epoch': '6.842'}
{'loss': '0.006521', 'grad_norm': '0.02501', 'learning_rate': '1.861e-05', 'epoch': '6.974'}
{'eval_loss': '0.418', 'eval_accuracy': '0.9439', 'eval_precision': '0.9502', 'eval_recall': '0.9756', 'eval_f1': '0.9627', 'eval_runtime': '0.1669', 'eval_samples_per_second': '3631', 'eval_steps_per_second': '59.92', 'epoch': '7'}
{'loss': '0.02827', 'grad_norm': '0.006883', 'learning_rate': '1.858e-05', 'epoch': '7.105'}
{'loss': '0.03516', 'grad_norm': '41.34', 'learning_rate': '1.856e-05', 'epoch': '7.237'}
{'loss': '0.05451', 'grad_norm': '1.218', 'learning_rate': '1.853e-05', 'epoch': '7.368'}
{'loss': '0.1177', 'grad_norm': '0.01334', 'learning_rate': '1.85e-05', 'epoch': '7.5'}
{'loss': '0.01457', 'grad_norm': '0.1942', 'learning_rate': '1.848e-05', 'epoch': '7.632'}
{'loss': '0.03165', 'grad_norm': '0.0143', 'learning_rate': '1.845e-05', 'epoch': '7.763'}
{'loss': '0.0009471', 'grad_norm': '0.006708', 'learning_rate': '1.842e-05', 'epoch': '7.895'}
{'eval_loss': '0.375', 'eval_accuracy': '0.9373', 'eval_precision': '0.9682', 'eval_recall': '0.9467', 'eval_f1': '0.9573', 'eval_runtime': '0.167', 'eval_samples_per_second': '3629', 'eval_steps_per_second': '59.88', 'epoch': '8'}
{'loss': '0.0003871', 'grad_norm': '0.008826', 'learning_rate': '1.84e-05', 'epoch': '8.026'}
{'loss': '0.01146', 'grad_norm': '0.009087', 'learning_rate': '1.837e-05', 'epoch': '8.158'}
{'loss': '0.0004979', 'grad_norm': '0.006292', 'learning_rate': '1.834e-05', 'epoch': '8.289'}
{'loss': '0.0003589', 'grad_norm': '0.1758', 'learning_rate': '1.832e-05', 'epoch': '8.421'}
{'loss': '0.0005466', 'grad_norm': '0.004623', 'learning_rate': '1.829e-05', 'epoch': '8.553'}
{'loss': '0.004334', 'grad_norm': '0.004337', 'learning_rate': '1.827e-05', 'epoch': '8.684'}
{'loss': '0.01369', 'grad_norm': '0.006687', 'learning_rate': '1.824e-05', 'epoch': '8.816'}
{'loss': '0.01789', 'grad_norm': '28.67', 'learning_rate': '1.821e-05', 'epoch': '8.947'}
{'eval_loss': '0.4285', 'eval_accuracy': '0.9389', 'eval_precision': '0.9661', 'eval_recall': '0.9511', 'eval_f1': '0.9586', 'eval_runtime': '0.1657', 'eval_samples_per_second': '3657', 'eval_steps_per_second': '60.35', 'epoch': '9'}
{'train_runtime': '1705', 'train_samples_per_second': '142', 'train_steps_per_second': '4.457', 'train_loss': '0.07987', 'epoch': '9'}
Fold F1: 0.9568106312292359
Точность определения арабских заимств.: {'accuracy': 0.9356321839080459, 'precision': 0.6338028169014085, 'recall': 0.9574468085106383, 'f1': 0.7627118644067796}
Точность определения китайских заимств.: {'accuracy': 0.9335006273525721, 'precision': 0.2777777777777778, 'recall': 0.9523809523809523, 'f1': 0.43010752688172044}
Точность определения английских заимств.: {'accuracy': 0.9579766536964981, 'precision': 0.9069767441860465, 'recall': 0.9960707269155207, 'f1': 0.949438202247191}
Точность определения французских заимств.: {'accuracy': 0.9619952494061758, 'precision': 0.9451476793248945, 'recall': 0.986784140969163, 'f1': 0.9655172413793104}
Точность определения немецких заимств.: {'accuracy': 0.9456106870229007, 'precision': 0.8369905956112853, 'recall': 0.9816176470588235, 'f1': 0.9035532994923858}
Точность определения итальянских заимтсв.: {'accuracy': 0.9412381951731374, 'precision': 0.7688888888888888, 'recall': 0.9774011299435028, 'f1': 0.8606965174129353}
Точность определения японских заимств.: {'accuracy': 0.9404494382022472, 'precision': 0.6848484848484848, 'recall': 0.9912280701754386, 'f1': 0.8100358422939068}
Точность определения польских заимств.: {'accuracy': 0.9206730769230769, 'precision': 0.44680851063829785, 'recall': 0.75, 'f1': 0.56}

===== Fold 2 =====
{'loss': '0.6171', 'grad_norm': '1.671', 'learning_rate': '1.998e-05', 'epoch': '0.1316'}
{'loss': '0.5509', 'grad_norm': '4.901', 'learning_rate': '1.995e-05', 'epoch': '0.2632'}
{'loss': '0.5307', 'grad_norm': '4.656', 'learning_rate': '1.992e-05', 'epoch': '0.3947'}
{'loss': '0.4965', 'grad_norm': '7.944', 'learning_rate': '1.99e-05', 'epoch': '0.5263'}
{'loss': '0.4288', 'grad_norm': '11.94', 'learning_rate': '1.987e-05', 'epoch': '0.6579'}
{'loss': '0.336', 'grad_norm': '6.256', 'learning_rate': '1.984e-05', 'epoch': '0.7895'}
{'loss': '0.306', 'grad_norm': '3.988', 'learning_rate': '1.982e-05', 'epoch': '0.9211'}
{'eval_loss': '0.1737', 'eval_accuracy': '0.9472', 'eval_precision': '0.9604', 'eval_recall': '0.969', 'eval_f1': '0.9647', 'eval_runtime': '0.1554', 'eval_samples_per_second': '3899', 'eval_steps_per_second': '64.34', 'epoch': '1'}
{'loss': '0.2086', 'grad_norm': '27.91', 'learning_rate': '1.979e-05', 'epoch': '1.053'}
{'loss': '0.1983', 'grad_norm': '6.33', 'learning_rate': '1.977e-05', 'epoch': '1.184'}
{'loss': '0.1365', 'grad_norm': '6.412', 'learning_rate': '1.974e-05', 'epoch': '1.316'}
{'loss': '0.1923', 'grad_norm': '25.09', 'learning_rate': '1.971e-05', 'epoch': '1.447'}
{'loss': '0.1532', 'grad_norm': '13.26', 'learning_rate': '1.969e-05', 'epoch': '1.579'}
{'loss': '0.1519', 'grad_norm': '16.79', 'learning_rate': '1.966e-05', 'epoch': '1.711'}
{'loss': '0.1211', 'grad_norm': '7.16', 'learning_rate': '1.963e-05', 'epoch': '1.842'}
{'loss': '0.1852', 'grad_norm': '15.15', 'learning_rate': '1.961e-05', 'epoch': '1.974'}
{'eval_loss': '0.175', 'eval_accuracy': '0.9389', 'eval_precision': '0.958', 'eval_recall': '0.9601', 'eval_f1': '0.959', 'eval_runtime': '0.1654', 'eval_samples_per_second': '3663', 'eval_steps_per_second': '60.45', 'epoch': '2'}
{'loss': '0.1364', 'grad_norm': '1.56', 'learning_rate': '1.958e-05', 'epoch': '2.105'}
{'loss': '0.08194', 'grad_norm': '14.73', 'learning_rate': '1.956e-05', 'epoch': '2.237'}
{'loss': '0.06041', 'grad_norm': '1.147', 'learning_rate': '1.953e-05', 'epoch': '2.368'}
{'loss': '0.09578', 'grad_norm': '0.9567', 'learning_rate': '1.95e-05', 'epoch': '2.5'}
{'loss': '0.09484', 'grad_norm': '25.39', 'learning_rate': '1.948e-05', 'epoch': '2.632'}
{'loss': '0.06114', 'grad_norm': '0.9221', 'learning_rate': '1.945e-05', 'epoch': '2.763'}
{'loss': '0.1065', 'grad_norm': '3.091', 'learning_rate': '1.942e-05', 'epoch': '2.895'}
{'eval_loss': '0.2088', 'eval_accuracy': '0.9439', 'eval_precision': '0.9728', 'eval_recall': '0.9512', 'eval_f1': '0.9619', 'eval_runtime': '0.1654', 'eval_samples_per_second': '3663', 'eval_steps_per_second': '60.45', 'epoch': '3'}
{'loss': '0.1015', 'grad_norm': '2.867', 'learning_rate': '1.94e-05', 'epoch': '3.026'}
{'loss': '0.03654', 'grad_norm': '22.52', 'learning_rate': '1.937e-05', 'epoch': '3.158'}
{'loss': '0.07402', 'grad_norm': '0.1155', 'learning_rate': '1.934e-05', 'epoch': '3.289'}
{'loss': '0.05302', 'grad_norm': '18.44', 'learning_rate': '1.932e-05', 'epoch': '3.421'}
{'loss': '0.03514', 'grad_norm': '27.68', 'learning_rate': '1.929e-05', 'epoch': '3.553'}
{'loss': '0.09718', 'grad_norm': '13.97', 'learning_rate': '1.927e-05', 'epoch': '3.684'}
{'loss': '0.07733', 'grad_norm': '0.1559', 'learning_rate': '1.924e-05', 'epoch': '3.816'}
{'loss': '0.07312', 'grad_norm': '0.1896', 'learning_rate': '1.921e-05', 'epoch': '3.947'}
{'eval_loss': '0.1872', 'eval_accuracy': '0.9554', 'eval_precision': '0.9629', 'eval_recall': '0.9778', 'eval_f1': '0.9703', 'eval_runtime': '0.1655', 'eval_samples_per_second': '3661', 'eval_steps_per_second': '60.42', 'epoch': '4'}
{'loss': '0.02084', 'grad_norm': '18.84', 'learning_rate': '1.919e-05', 'epoch': '4.079'}
{'loss': '0.03396', 'grad_norm': '7.968', 'learning_rate': '1.916e-05', 'epoch': '4.211'}
{'loss': '0.03552', 'grad_norm': '19.21', 'learning_rate': '1.913e-05', 'epoch': '4.342'}
{'loss': '0.03323', 'grad_norm': '13.07', 'learning_rate': '1.911e-05', 'epoch': '4.474'}
{'loss': '0.0492', 'grad_norm': '0.04834', 'learning_rate': '1.908e-05', 'epoch': '4.605'}
{'loss': '0.02016', 'grad_norm': '0.06038', 'learning_rate': '1.906e-05', 'epoch': '4.737'}
{'loss': '0.002206', 'grad_norm': '0.04172', 'learning_rate': '1.903e-05', 'epoch': '4.868'}
{'loss': '0.0641', 'grad_norm': '0.2327', 'learning_rate': '1.9e-05', 'epoch': '5'}
{'eval_loss': '0.2342', 'eval_accuracy': '0.9571', 'eval_precision': '0.967', 'eval_recall': '0.9756', 'eval_f1': '0.9713', 'eval_runtime': '0.1634', 'eval_samples_per_second': '3710', 'eval_steps_per_second': '61.21', 'epoch': '5'}
{'loss': '0.04313', 'grad_norm': '0.227', 'learning_rate': '1.898e-05', 'epoch': '5.132'}
{'loss': '0.02831', 'grad_norm': '10.84', 'learning_rate': '1.895e-05', 'epoch': '5.263'}
{'loss': '0.06168', 'grad_norm': '52.02', 'learning_rate': '1.892e-05', 'epoch': '5.395'}
{'loss': '0.01721', 'grad_norm': '0.2294', 'learning_rate': '1.89e-05', 'epoch': '5.526'}
{'loss': '0.02598', 'grad_norm': '14.22', 'learning_rate': '1.887e-05', 'epoch': '5.658'}
{'loss': '0.01051', 'grad_norm': '1.452', 'learning_rate': '1.884e-05', 'epoch': '5.789'}
{'loss': '0.01466', 'grad_norm': '0.02165', 'learning_rate': '1.882e-05', 'epoch': '5.921'}
{'eval_loss': '0.3048', 'eval_accuracy': '0.9472', 'eval_precision': '0.9505', 'eval_recall': '0.98', 'eval_f1': '0.9651', 'eval_runtime': '0.1652', 'eval_samples_per_second': '3669', 'eval_steps_per_second': '60.54', 'epoch': '6'}
{'loss': '0.02087', 'grad_norm': '0.024', 'learning_rate': '1.879e-05', 'epoch': '6.053'}
{'loss': '0.01919', 'grad_norm': '0.01729', 'learning_rate': '1.877e-05', 'epoch': '6.184'}
{'loss': '0.01781', 'grad_norm': '1.54', 'learning_rate': '1.874e-05', 'epoch': '6.316'}
{'loss': '0.0192', 'grad_norm': '0.03663', 'learning_rate': '1.871e-05', 'epoch': '6.447'}
{'loss': '0.02006', 'grad_norm': '0.2038', 'learning_rate': '1.869e-05', 'epoch': '6.579'}
{'loss': '0.009713', 'grad_norm': '0.01791', 'learning_rate': '1.866e-05', 'epoch': '6.711'}
{'loss': '0.002102', 'grad_norm': '0.009552', 'learning_rate': '1.863e-05', 'epoch': '6.842'}
{'loss': '0.0009507', 'grad_norm': '0.09537', 'learning_rate': '1.861e-05', 'epoch': '6.974'}
{'eval_loss': '0.3099', 'eval_accuracy': '0.9521', 'eval_precision': '0.9689', 'eval_recall': '0.9667', 'eval_f1': '0.9678', 'eval_runtime': '0.1655', 'eval_samples_per_second': '3662', 'eval_steps_per_second': '60.44', 'epoch': '7'}
{'loss': '0.02008', 'grad_norm': '0.2212', 'learning_rate': '1.858e-05', 'epoch': '7.105'}
{'loss': '0.01557', 'grad_norm': '0.007432', 'learning_rate': '1.856e-05', 'epoch': '7.237'}
{'loss': '0.01979', 'grad_norm': '26.41', 'learning_rate': '1.853e-05', 'epoch': '7.368'}
{'loss': '0.0176', 'grad_norm': '0.006331', 'learning_rate': '1.85e-05', 'epoch': '7.5'}
{'loss': '0.000301', 'grad_norm': '0.006413', 'learning_rate': '1.848e-05', 'epoch': '7.632'}
{'loss': '0.0006251', 'grad_norm': '0.01207', 'learning_rate': '1.845e-05', 'epoch': '7.763'}
{'loss': '0.001007', 'grad_norm': '0.00575', 'learning_rate': '1.842e-05', 'epoch': '7.895'}
{'eval_loss': '0.342', 'eval_accuracy': '0.9505', 'eval_precision': '0.9667', 'eval_recall': '0.9667', 'eval_f1': '0.9667', 'eval_runtime': '0.1649', 'eval_samples_per_second': '3676', 'eval_steps_per_second': '60.66', 'epoch': '8'}
{'loss': '0.00025', 'grad_norm': '0.006211', 'learning_rate': '1.84e-05', 'epoch': '8.026'}
{'loss': '0.0002373', 'grad_norm': '0.132', 'learning_rate': '1.837e-05', 'epoch': '8.158'}
{'loss': '0.00119', 'grad_norm': '0.08101', 'learning_rate': '1.834e-05', 'epoch': '8.289'}
{'loss': '0.007467', 'grad_norm': '0.005109', 'learning_rate': '1.832e-05', 'epoch': '8.421'}
{'loss': '0.0002162', 'grad_norm': '0.003915', 'learning_rate': '1.829e-05', 'epoch': '8.553'}
{'loss': '0.0001769', 'grad_norm': '0.004443', 'learning_rate': '1.827e-05', 'epoch': '8.684'}
{'loss': '0.01414', 'grad_norm': '0.01419', 'learning_rate': '1.824e-05', 'epoch': '8.816'}
{'loss': '0.04053', 'grad_norm': '0.04448', 'learning_rate': '1.821e-05', 'epoch': '8.947'}
{'eval_loss': '0.3416', 'eval_accuracy': '0.9538', 'eval_precision': '0.971', 'eval_recall': '0.9667', 'eval_f1': '0.9689', 'eval_runtime': '0.1654', 'eval_samples_per_second': '3663', 'eval_steps_per_second': '60.45', 'epoch': '9'}
{'train_runtime': '1697', 'train_samples_per_second': '142.6', 'train_steps_per_second': '4.478', 'train_loss': '0.09514', 'epoch': '9'}
Fold F1: 0.9646799116997793
Точность определения арабских заимств.: {'accuracy': 0.9149425287356322, 'precision': 0.5617283950617284, 'recall': 0.9680851063829787, 'f1': 0.7109375}
Точность определения китайских заимств.: {'accuracy': 0.9084065244667503, 'precision': 0.2111111111111111, 'recall': 0.9047619047619048, 'f1': 0.34234234234234234}
Точность определения английских заимств.: {'accuracy': 0.9424124513618677, 'precision': 0.8769497400346621, 'recall': 0.9941060903732809, 'f1': 0.9318600368324125}
Точность определения французских заимств.: {'accuracy': 0.9429928741092637, 'precision': 0.9255765199161425, 'recall': 0.9724669603524229, 'f1': 0.9484425349087003}
Точность определения немецких заимств.: {'accuracy': 0.9293893129770993, 'precision': 0.7911764705882353, 'recall': 0.9889705882352942, 'f1': 0.8790849673202614}
Точность определения итальянских заимтсв.: {'accuracy': 0.9202518363064008, 'precision': 0.7078189300411523, 'recall': 0.9717514124293786, 'f1': 0.819047619047619}
Точность определения японских заимств.: {'accuracy': 0.9157303370786517, 'precision': 0.6077348066298343, 'recall': 0.9649122807017544, 'f1': 0.7457627118644068}
Точность определения польских заимств.: {'accuracy': 0.8966346153846154, 'precision': 0.36607142857142855, 'recall': 0.7321428571428571, 'f1': 0.4880952380952381}

===== Fold 3 =====
{'loss': '0.601', 'grad_norm': '1.823', 'learning_rate': '1.998e-05', 'epoch': '0.1316'}
{'loss': '0.5471', 'grad_norm': '12.89', 'learning_rate': '1.995e-05', 'epoch': '0.2632'}
{'loss': '0.4847', 'grad_norm': '5.938', 'learning_rate': '1.992e-05', 'epoch': '0.3947'}
{'loss': '0.3812', 'grad_norm': '6.626', 'learning_rate': '1.99e-05', 'epoch': '0.5263'}
{'loss': '0.2507', 'grad_norm': '3.685', 'learning_rate': '1.987e-05', 'epoch': '0.6579'}
{'loss': '0.3244', 'grad_norm': '11.39', 'learning_rate': '1.984e-05', 'epoch': '0.7895'}
{'loss': '0.2651', 'grad_norm': '6.711', 'learning_rate': '1.982e-05', 'epoch': '0.9211'}
{'eval_loss': '0.1889', 'eval_accuracy': '0.9223', 'eval_precision': '0.9719', 'eval_recall': '0.9222', 'eval_f1': '0.9464', 'eval_runtime': '0.1647', 'eval_samples_per_second': '3674', 'eval_steps_per_second': '60.72', 'epoch': '1'}
{'loss': '0.1995', 'grad_norm': '3.989', 'learning_rate': '1.979e-05', 'epoch': '1.053'}
{'loss': '0.1515', 'grad_norm': '4.902', 'learning_rate': '1.977e-05', 'epoch': '1.184'}
{'loss': '0.1436', 'grad_norm': '8.639', 'learning_rate': '1.974e-05', 'epoch': '1.316'}
{'loss': '0.1464', 'grad_norm': '14.16', 'learning_rate': '1.971e-05', 'epoch': '1.447'}
{'loss': '0.1402', 'grad_norm': '0.8188', 'learning_rate': '1.969e-05', 'epoch': '1.579'}
{'loss': '0.1519', 'grad_norm': '1.027', 'learning_rate': '1.966e-05', 'epoch': '1.711'}
{'loss': '0.1132', 'grad_norm': '6.38', 'learning_rate': '1.963e-05', 'epoch': '1.842'}
{'loss': '0.1362', 'grad_norm': '11.5', 'learning_rate': '1.961e-05', 'epoch': '1.974'}
{'eval_loss': '0.1427', 'eval_accuracy': '0.9455', 'eval_precision': '0.9883', 'eval_recall': '0.9378', 'eval_f1': '0.9624', 'eval_runtime': '0.165', 'eval_samples_per_second': '3666', 'eval_steps_per_second': '60.59', 'epoch': '2'}
{'loss': '0.08753', 'grad_norm': '0.6029', 'learning_rate': '1.958e-05', 'epoch': '2.105'}
{'loss': '0.09251', 'grad_norm': '1.699', 'learning_rate': '1.956e-05', 'epoch': '2.237'}
{'loss': '0.08125', 'grad_norm': '8.196', 'learning_rate': '1.953e-05', 'epoch': '2.368'}
{'loss': '0.1039', 'grad_norm': '22.01', 'learning_rate': '1.95e-05', 'epoch': '2.5'}
{'loss': '0.1021', 'grad_norm': '8.211', 'learning_rate': '1.948e-05', 'epoch': '2.632'}
{'loss': '0.05324', 'grad_norm': '9.561', 'learning_rate': '1.945e-05', 'epoch': '2.763'}
{'loss': '0.08353', 'grad_norm': '0.2299', 'learning_rate': '1.942e-05', 'epoch': '2.895'}
{'eval_loss': '0.2036', 'eval_accuracy': '0.9438', 'eval_precision': '0.9771', 'eval_recall': '0.9467', 'eval_f1': '0.9616', 'eval_runtime': '0.1655', 'eval_samples_per_second': '3656', 'eval_steps_per_second': '60.44', 'epoch': '3'}
{'loss': '0.07151', 'grad_norm': '70.44', 'learning_rate': '1.94e-05', 'epoch': '3.026'}
{'loss': '0.04616', 'grad_norm': '0.2223', 'learning_rate': '1.937e-05', 'epoch': '3.158'}
{'loss': '0.03953', 'grad_norm': '0.06904', 'learning_rate': '1.934e-05', 'epoch': '3.289'}
{'loss': '0.09544', 'grad_norm': '28.3', 'learning_rate': '1.932e-05', 'epoch': '3.421'}
{'loss': '0.02669', 'grad_norm': '0.9224', 'learning_rate': '1.929e-05', 'epoch': '3.553'}
{'loss': '0.06989', 'grad_norm': '40.2', 'learning_rate': '1.927e-05', 'epoch': '3.684'}
{'loss': '0.02485', 'grad_norm': '1.19', 'learning_rate': '1.924e-05', 'epoch': '3.816'}
{'loss': '0.09411', 'grad_norm': '0.2948', 'learning_rate': '1.921e-05', 'epoch': '3.947'}
{'eval_loss': '0.2104', 'eval_accuracy': '0.9504', 'eval_precision': '0.9688', 'eval_recall': '0.9644', 'eval_f1': '0.9666', 'eval_runtime': '0.1652', 'eval_samples_per_second': '3662', 'eval_steps_per_second': '60.52', 'epoch': '4'}
{'loss': '0.02818', 'grad_norm': '0.1884', 'learning_rate': '1.919e-05', 'epoch': '4.079'}
{'loss': '0.02022', 'grad_norm': '17.45', 'learning_rate': '1.916e-05', 'epoch': '4.211'}
{'loss': '0.02504', 'grad_norm': '0.09319', 'learning_rate': '1.913e-05', 'epoch': '4.342'}
{'loss': '0.03082', 'grad_norm': '0.1702', 'learning_rate': '1.911e-05', 'epoch': '4.474'}
{'loss': '0.04173', 'grad_norm': '0.08176', 'learning_rate': '1.908e-05', 'epoch': '4.605'}
{'loss': '0.06765', 'grad_norm': '68.25', 'learning_rate': '1.906e-05', 'epoch': '4.737'}
{'loss': '0.02137', 'grad_norm': '0.1429', 'learning_rate': '1.903e-05', 'epoch': '4.868'}
{'loss': '0.08301', 'grad_norm': '0.1196', 'learning_rate': '1.9e-05', 'epoch': '5'}
{'eval_loss': '0.2704', 'eval_accuracy': '0.9471', 'eval_precision': '0.9504', 'eval_recall': '0.98', 'eval_f1': '0.965', 'eval_runtime': '0.1608', 'eval_samples_per_second': '3763', 'eval_steps_per_second': '62.2', 'epoch': '5'}
{'loss': '0.02276', 'grad_norm': '0.02915', 'learning_rate': '1.898e-05', 'epoch': '5.132'}
{'loss': '0.009926', 'grad_norm': '0.04437', 'learning_rate': '1.895e-05', 'epoch': '5.263'}
{'loss': '0.001117', 'grad_norm': '0.0684', 'learning_rate': '1.892e-05', 'epoch': '5.395'}
{'loss': '0.01943', 'grad_norm': '23.87', 'learning_rate': '1.89e-05', 'epoch': '5.526'}
{'loss': '0.002372', 'grad_norm': '0.01427', 'learning_rate': '1.887e-05', 'epoch': '5.658'}
{'loss': '0.004832', 'grad_norm': '0.0252', 'learning_rate': '1.884e-05', 'epoch': '5.789'}
{'loss': '0.02602', 'grad_norm': '0.009991', 'learning_rate': '1.882e-05', 'epoch': '5.921'}
{'eval_loss': '0.3123', 'eval_accuracy': '0.9455', 'eval_precision': '0.9838', 'eval_recall': '0.9422', 'eval_f1': '0.9625', 'eval_runtime': '0.1653', 'eval_samples_per_second': '3661', 'eval_steps_per_second': '60.51', 'epoch': '6'}
{'loss': '0.02107', 'grad_norm': '0.0145', 'learning_rate': '1.879e-05', 'epoch': '6.053'}
{'loss': '0.03498', 'grad_norm': '0.01607', 'learning_rate': '1.877e-05', 'epoch': '6.184'}
{'loss': '0.001236', 'grad_norm': '0.008319', 'learning_rate': '1.874e-05', 'epoch': '6.316'}
{'loss': '0.0133', 'grad_norm': '0.007135', 'learning_rate': '1.871e-05', 'epoch': '6.447'}
{'loss': '0.0005154', 'grad_norm': '0.00759', 'learning_rate': '1.869e-05', 'epoch': '6.579'}
{'loss': '0.0003782', 'grad_norm': '0.007625', 'learning_rate': '1.866e-05', 'epoch': '6.711'}
{'loss': '0.01513', 'grad_norm': '0.6852', 'learning_rate': '1.863e-05', 'epoch': '6.842'}
{'loss': '0.04055', 'grad_norm': '0.005495', 'learning_rate': '1.861e-05', 'epoch': '6.974'}
{'eval_loss': '0.3841', 'eval_accuracy': '0.9455', 'eval_precision': '0.9465', 'eval_recall': '0.9822', 'eval_f1': '0.964', 'eval_runtime': '0.1558', 'eval_samples_per_second': '3883', 'eval_steps_per_second': '64.18', 'epoch': '7'}
{'loss': '0.0002182', 'grad_norm': '0.00505', 'learning_rate': '1.858e-05', 'epoch': '7.105'}
{'loss': '0.0002318', 'grad_norm': '0.004061', 'learning_rate': '1.856e-05', 'epoch': '7.237'}
{'loss': '0.02702', 'grad_norm': '0.004849', 'learning_rate': '1.853e-05', 'epoch': '7.368'}
{'loss': '0.05079', 'grad_norm': '14.41', 'learning_rate': '1.85e-05', 'epoch': '7.5'}
{'loss': '0.007567', 'grad_norm': '0.01067', 'learning_rate': '1.848e-05', 'epoch': '7.632'}
{'loss': '0.07215', 'grad_norm': '31.96', 'learning_rate': '1.845e-05', 'epoch': '7.763'}
{'loss': '0.03474', 'grad_norm': '1.175', 'learning_rate': '1.842e-05', 'epoch': '7.895'}
{'eval_loss': '0.3049', 'eval_accuracy': '0.9471', 'eval_precision': '0.9563', 'eval_recall': '0.9733', 'eval_f1': '0.9648', 'eval_runtime': '0.1653', 'eval_samples_per_second': '3660', 'eval_steps_per_second': '60.49', 'epoch': '8'}
{'loss': '0.01528', 'grad_norm': '0.01044', 'learning_rate': '1.84e-05', 'epoch': '8.026'}
{'loss': '0.0004954', 'grad_norm': '0.01395', 'learning_rate': '1.837e-05', 'epoch': '8.158'}
{'loss': '0.0006086', 'grad_norm': '0.4627', 'learning_rate': '1.834e-05', 'epoch': '8.289'}
{'loss': '0.01414', 'grad_norm': '0.3106', 'learning_rate': '1.832e-05', 'epoch': '8.421'}
{'loss': '0.0003748', 'grad_norm': '0.009521', 'learning_rate': '1.829e-05', 'epoch': '8.553'}
{'loss': '0.0002773', 'grad_norm': '0.007774', 'learning_rate': '1.827e-05', 'epoch': '8.684'}
{'loss': '0.001133', 'grad_norm': '0.005828', 'learning_rate': '1.824e-05', 'epoch': '8.816'}
{'loss': '0.02033', 'grad_norm': '0.009427', 'learning_rate': '1.821e-05', 'epoch': '8.947'}
{'eval_loss': '0.3668', 'eval_accuracy': '0.9421', 'eval_precision': '0.9727', 'eval_recall': '0.9489', 'eval_f1': '0.9606', 'eval_runtime': '0.1646', 'eval_samples_per_second': '3675', 'eval_steps_per_second': '60.75', 'epoch': '9'}
{'loss': '0.002308', 'grad_norm': '0.009536', 'learning_rate': '1.819e-05', 'epoch': '9.079'}
{'loss': '0.01508', 'grad_norm': '0.005863', 'learning_rate': '1.816e-05', 'epoch': '9.211'}
{'loss': '0.0002281', 'grad_norm': '0.004509', 'learning_rate': '1.813e-05', 'epoch': '9.342'}
{'loss': '0.000194', 'grad_norm': '0.005922', 'learning_rate': '1.811e-05', 'epoch': '9.474'}
{'loss': '0.0001938', 'grad_norm': '0.005781', 'learning_rate': '1.808e-05', 'epoch': '9.605'}
{'loss': '0.02142', 'grad_norm': '2.118', 'learning_rate': '1.806e-05', 'epoch': '9.737'}
{'loss': '0.0003972', 'grad_norm': '0.02934', 'learning_rate': '1.803e-05', 'epoch': '9.868'}
{'loss': '0.0118', 'grad_norm': '0.004965', 'learning_rate': '1.8e-05', 'epoch': '10'}
{'eval_loss': '0.3844', 'eval_accuracy': '0.9421', 'eval_precision': '0.9482', 'eval_recall': '0.9756', 'eval_f1': '0.9617', 'eval_runtime': '0.162', 'eval_samples_per_second': '3734', 'eval_steps_per_second': '61.72', 'epoch': '10'}
{'train_runtime': '1884', 'train_samples_per_second': '128.5', 'train_steps_per_second': '4.033', 'train_loss': '0.07813', 'epoch': '10'}
Fold F1: 0.9647326507394767
Точность определения арабских заимств.: {'accuracy': 0.9804597701149426, 'precision': 0.8811881188118812, 'recall': 0.9468085106382979, 'f1': 0.9128205128205128}
Точность определения китайских заимств.: {'accuracy': 0.9824341279799247, 'precision': 0.6129032258064516, 'recall': 0.9047619047619048, 'f1': 0.7307692307692307}
Точность определения английских заимств.: {'accuracy': 0.9898832684824903, 'precision': 0.9769230769230769, 'recall': 0.9980353634577603, 'f1': 0.9873663751214772}
Точность определения французских заимств.: {'accuracy': 0.9774346793349169, 'precision': 0.9865771812080537, 'recall': 0.9713656387665198, 'f1': 0.978912319644839}
Точность определения немецких заимств.: {'accuracy': 0.9809160305343512, 'precision': 0.9565217391304348, 'recall': 0.9705882352941176, 'f1': 0.9635036496350365}
Точность определения итальянских заимтсв.: {'accuracy': 0.9842602308499475, 'precision': 0.9354838709677419, 'recall': 0.9830508474576272, 'f1': 0.9586776859504132}
Точность определения японских заимств.: {'accuracy': 0.9820224719101124, 'precision': 0.9016393442622951, 'recall': 0.9649122807017544, 'f1': 0.9322033898305084}
Точность определения польских заимств.: {'accuracy': 0.9651442307692307, 'precision': 0.7647058823529411, 'recall': 0.6964285714285714, 'f1': 0.7289719626168224}

===== Fold 4 =====
{'loss': '0.5699', 'grad_norm': '7.434', 'learning_rate': '1.998e-05', 'epoch': '0.1316'}
{'loss': '0.4846', 'grad_norm': '5.069', 'learning_rate': '1.995e-05', 'epoch': '0.2632'}
{'loss': '0.3449', 'grad_norm': '8.769', 'learning_rate': '1.992e-05', 'epoch': '0.3947'}
{'loss': '0.2448', 'grad_norm': '10.45', 'learning_rate': '1.99e-05', 'epoch': '0.5263'}
{'loss': '0.2003', 'grad_norm': '13.53', 'learning_rate': '1.987e-05', 'epoch': '0.6579'}
{'loss': '0.2929', 'grad_norm': '11.66', 'learning_rate': '1.984e-05', 'epoch': '0.7895'}
{'loss': '0.1832', 'grad_norm': '9.885', 'learning_rate': '1.982e-05', 'epoch': '0.9211'}
{'eval_loss': '0.173', 'eval_accuracy': '0.9405', 'eval_precision': '0.9662', 'eval_recall': '0.9533', 'eval_f1': '0.9597', 'eval_runtime': '0.164', 'eval_samples_per_second': '3689', 'eval_steps_per_second': '60.97', 'epoch': '1'}
{'loss': '0.1997', 'grad_norm': '9.724', 'learning_rate': '1.979e-05', 'epoch': '1.053'}
{'loss': '0.1403', 'grad_norm': '20.55', 'learning_rate': '1.977e-05', 'epoch': '1.184'}
{'loss': '0.128', 'grad_norm': '10.54', 'learning_rate': '1.974e-05', 'epoch': '1.316'}
{'loss': '0.1948', 'grad_norm': '2.306', 'learning_rate': '1.971e-05', 'epoch': '1.447'}
{'loss': '0.05661', 'grad_norm': '2.381', 'learning_rate': '1.969e-05', 'epoch': '1.579'}
{'loss': '0.171', 'grad_norm': '0.1912', 'learning_rate': '1.966e-05', 'epoch': '1.711'}
{'loss': '0.1528', 'grad_norm': '6.521', 'learning_rate': '1.963e-05', 'epoch': '1.842'}
{'loss': '0.1241', 'grad_norm': '5.553', 'learning_rate': '1.961e-05', 'epoch': '1.974'}
{'eval_loss': '0.2838', 'eval_accuracy': '0.9107', 'eval_precision': '0.9925', 'eval_recall': '0.8867', 'eval_f1': '0.9366', 'eval_runtime': '0.1651', 'eval_samples_per_second': '3665', 'eval_steps_per_second': '60.58', 'epoch': '2'}
{'loss': '0.06716', 'grad_norm': '8.38', 'learning_rate': '1.958e-05', 'epoch': '2.105'}
{'loss': '0.07044', 'grad_norm': '3.801', 'learning_rate': '1.956e-05', 'epoch': '2.237'}
{'loss': '0.07371', 'grad_norm': '54.03', 'learning_rate': '1.953e-05', 'epoch': '2.368'}
{'loss': '0.08531', 'grad_norm': '2.483', 'learning_rate': '1.95e-05', 'epoch': '2.5'}
{'loss': '0.1051', 'grad_norm': '3.557', 'learning_rate': '1.948e-05', 'epoch': '2.632'}
{'loss': '0.09678', 'grad_norm': '26.02', 'learning_rate': '1.945e-05', 'epoch': '2.763'}
{'loss': '0.1086', 'grad_norm': '14.41', 'learning_rate': '1.942e-05', 'epoch': '2.895'}
{'eval_loss': '0.1965', 'eval_accuracy': '0.9421', 'eval_precision': '0.956', 'eval_recall': '0.9667', 'eval_f1': '0.9613', 'eval_runtime': '0.1648', 'eval_samples_per_second': '3672', 'eval_steps_per_second': '60.69', 'epoch': '3'}
{'loss': '0.06462', 'grad_norm': '4.729', 'learning_rate': '1.94e-05', 'epoch': '3.026'}
{'loss': '0.01782', 'grad_norm': '0.5478', 'learning_rate': '1.937e-05', 'epoch': '3.158'}
{'loss': '0.09097', 'grad_norm': '0.1255', 'learning_rate': '1.934e-05', 'epoch': '3.289'}
{'loss': '0.07124', 'grad_norm': '36.87', 'learning_rate': '1.932e-05', 'epoch': '3.421'}
{'loss': '0.06228', 'grad_norm': '0.1137', 'learning_rate': '1.929e-05', 'epoch': '3.553'}
{'loss': '0.04902', 'grad_norm': '6.096', 'learning_rate': '1.927e-05', 'epoch': '3.684'}
{'loss': '0.06306', 'grad_norm': '6.92', 'learning_rate': '1.924e-05', 'epoch': '3.816'}
{'loss': '0.05677', 'grad_norm': '43.44', 'learning_rate': '1.921e-05', 'epoch': '3.947'}
{'eval_loss': '0.2414', 'eval_accuracy': '0.9471', 'eval_precision': '0.986', 'eval_recall': '0.9422', 'eval_f1': '0.9636', 'eval_runtime': '0.1655', 'eval_samples_per_second': '3656', 'eval_steps_per_second': '60.43', 'epoch': '4'}
{'loss': '0.0259', 'grad_norm': '0.1079', 'learning_rate': '1.919e-05', 'epoch': '4.079'}
{'loss': '0.04334', 'grad_norm': '0.05161', 'learning_rate': '1.916e-05', 'epoch': '4.211'}
{'loss': '0.0186', 'grad_norm': '0.1261', 'learning_rate': '1.913e-05', 'epoch': '4.342'}
{'loss': '0.03315', 'grad_norm': '0.07072', 'learning_rate': '1.911e-05', 'epoch': '4.474'}
{'loss': '0.00919', 'grad_norm': '0.04285', 'learning_rate': '1.908e-05', 'epoch': '4.605'}
{'loss': '0.03706', 'grad_norm': '0.06891', 'learning_rate': '1.906e-05', 'epoch': '4.737'}
{'loss': '0.01661', 'grad_norm': '0.01935', 'learning_rate': '1.903e-05', 'epoch': '4.868'}
{'loss': '0.1526', 'grad_norm': '44.02', 'learning_rate': '1.9e-05', 'epoch': '5'}
{'eval_loss': '0.4342', 'eval_accuracy': '0.924', 'eval_precision': '0.9903', 'eval_recall': '0.9067', 'eval_f1': '0.9466', 'eval_runtime': '0.1634', 'eval_samples_per_second': '3703', 'eval_steps_per_second': '61.21', 'epoch': '5'}
{'loss': '0.02355', 'grad_norm': '0.04846', 'learning_rate': '1.898e-05', 'epoch': '5.132'}
{'loss': '0.05218', 'grad_norm': '0.7749', 'learning_rate': '1.895e-05', 'epoch': '5.263'}
{'loss': '0.03828', 'grad_norm': '0.2747', 'learning_rate': '1.892e-05', 'epoch': '5.395'}
{'loss': '0.01478', 'grad_norm': '0.02168', 'learning_rate': '1.89e-05', 'epoch': '5.526'}
{'loss': '0.001243', 'grad_norm': '0.03791', 'learning_rate': '1.887e-05', 'epoch': '5.658'}
{'loss': '0.03806', 'grad_norm': '2.159', 'learning_rate': '1.884e-05', 'epoch': '5.789'}
{'loss': '0.03955', 'grad_norm': '37.83', 'learning_rate': '1.882e-05', 'epoch': '5.921'}
{'eval_loss': '0.2722', 'eval_accuracy': '0.9488', 'eval_precision': '0.9625', 'eval_recall': '0.9689', 'eval_f1': '0.9657', 'eval_runtime': '0.1656', 'eval_samples_per_second': '3654', 'eval_steps_per_second': '60.4', 'epoch': '6'}
{'loss': '0.01982', 'grad_norm': '0.0185', 'learning_rate': '1.879e-05', 'epoch': '6.053'}
{'loss': '0.005808', 'grad_norm': '0.0138', 'learning_rate': '1.877e-05', 'epoch': '6.184'}
{'loss': '0.01329', 'grad_norm': '2.771', 'learning_rate': '1.874e-05', 'epoch': '6.316'}
{'loss': '0.005309', 'grad_norm': '0.01877', 'learning_rate': '1.871e-05', 'epoch': '6.447'}
{'loss': '0.1048', 'grad_norm': '66.79', 'learning_rate': '1.869e-05', 'epoch': '6.579'}
{'loss': '0.0713', 'grad_norm': '0.01304', 'learning_rate': '1.866e-05', 'epoch': '6.711'}
{'loss': '0.004239', 'grad_norm': '0.01105', 'learning_rate': '1.863e-05', 'epoch': '6.842'}
{'loss': '0.03949', 'grad_norm': '0.01096', 'learning_rate': '1.861e-05', 'epoch': '6.974'}
{'eval_loss': '0.2944', 'eval_accuracy': '0.9504', 'eval_precision': '0.9709', 'eval_recall': '0.9622', 'eval_f1': '0.9665', 'eval_runtime': '0.1659', 'eval_samples_per_second': '3647', 'eval_steps_per_second': '60.28', 'epoch': '7'}
{'loss': '0.0005192', 'grad_norm': '0.008268', 'learning_rate': '1.858e-05', 'epoch': '7.105'}
{'loss': '0.0004884', 'grad_norm': '0.06583', 'learning_rate': '1.856e-05', 'epoch': '7.237'}
{'loss': '0.01881', 'grad_norm': '0.009396', 'learning_rate': '1.853e-05', 'epoch': '7.368'}
{'loss': '0.02657', 'grad_norm': '0.1047', 'learning_rate': '1.85e-05', 'epoch': '7.5'}
{'loss': '0.0004816', 'grad_norm': '0.005762', 'learning_rate': '1.848e-05', 'epoch': '7.632'}
{'loss': '0.02428', 'grad_norm': '0.0119', 'learning_rate': '1.845e-05', 'epoch': '7.763'}
{'loss': '0.01903', 'grad_norm': '31.51', 'learning_rate': '1.842e-05', 'epoch': '7.895'}
{'eval_loss': '0.4033', 'eval_accuracy': '0.9421', 'eval_precision': '0.9462', 'eval_recall': '0.9778', 'eval_f1': '0.9617', 'eval_runtime': '0.1653', 'eval_samples_per_second': '3661', 'eval_steps_per_second': '60.51', 'epoch': '8'}
{'loss': '0.01261', 'grad_norm': '0.004264', 'learning_rate': '1.84e-05', 'epoch': '8.026'}
{'loss': '0.0005589', 'grad_norm': '0.004157', 'learning_rate': '1.837e-05', 'epoch': '8.158'}
{'loss': '0.01694', 'grad_norm': '0.009216', 'learning_rate': '1.834e-05', 'epoch': '8.289'}
{'loss': '0.0002233', 'grad_norm': '0.005758', 'learning_rate': '1.832e-05', 'epoch': '8.421'}
{'loss': '0.0007957', 'grad_norm': '0.005151', 'learning_rate': '1.829e-05', 'epoch': '8.553'}
{'loss': '0.0001912', 'grad_norm': '0.003784', 'learning_rate': '1.827e-05', 'epoch': '8.684'}
{'loss': '0.005795', 'grad_norm': '0.008551', 'learning_rate': '1.824e-05', 'epoch': '8.816'}
{'loss': '0.01515', 'grad_norm': '0.003277', 'learning_rate': '1.821e-05', 'epoch': '8.947'}
{'eval_loss': '0.3076', 'eval_accuracy': '0.9554', 'eval_precision': '0.9628', 'eval_recall': '0.9778', 'eval_f1': '0.9702', 'eval_runtime': '0.1655', 'eval_samples_per_second': '3656', 'eval_steps_per_second': '60.42', 'epoch': '9'}
{'train_runtime': '1697', 'train_samples_per_second': '142.7', 'train_steps_per_second': '4.477', 'train_loss': '0.08075', 'epoch': '9'}
Fold F1: 0.959731543624161
Точность определения арабских заимств.: {'accuracy': 0.9459770114942528, 'precision': 0.6850393700787402, 'recall': 0.925531914893617, 'f1': 0.7873303167420814}
Точность определения китайских заимств.: {'accuracy': 0.9485570890840652, 'precision': 0.3333333333333333, 'recall': 0.9523809523809523, 'f1': 0.49382716049382713}
Точность определения английских заимств.: {'accuracy': 0.9657587548638132, 'precision': 0.926605504587156, 'recall': 0.9921414538310412, 'f1': 0.9582542694497154}
Точность определения французских заимств.: {'accuracy': 0.9637767220902613, 'precision': 0.9568500539374326, 'recall': 0.9768722466960352, 'f1': 0.9667574931880109}
Точность определения немецких заимств.: {'accuracy': 0.9541984732824428, 'precision': 0.868421052631579, 'recall': 0.9705882352941176, 'f1': 0.9166666666666666}
Точность определения итальянских заимтсв.: {'accuracy': 0.9527806925498427, 'precision': 0.8113207547169812, 'recall': 0.9717514124293786, 'f1': 0.884318766066838}
Точность определения японских заимств.: {'accuracy': 0.9516853932584269, 'precision': 0.7350993377483444, 'recall': 0.9736842105263158, 'f1': 0.8377358490566038}
Точность определения польских заимств.: {'accuracy': 0.9302884615384616, 'precision': 0.48717948717948717, 'recall': 0.6785714285714286, 'f1': 0.5671641791044776}

===== Fold 5 =====
{'loss': '0.5979', 'grad_norm': '1.549', 'learning_rate': '1.998e-05', 'epoch': '0.1316'}
{'loss': '0.5532', 'grad_norm': '3.182', 'learning_rate': '1.995e-05', 'epoch': '0.2632'}
{'loss': '0.5324', 'grad_norm': '3.534', 'learning_rate': '1.992e-05', 'epoch': '0.3947'}
{'loss': '0.5108', 'grad_norm': '9.175', 'learning_rate': '1.99e-05', 'epoch': '0.5263'}
{'loss': '0.457', 'grad_norm': '17.36', 'learning_rate': '1.987e-05', 'epoch': '0.6579'}
{'loss': '0.3806', 'grad_norm': '7.313', 'learning_rate': '1.984e-05', 'epoch': '0.7895'}
{'loss': '0.3226', 'grad_norm': '24.11', 'learning_rate': '1.982e-05', 'epoch': '0.9211'}
{'eval_loss': '0.1992', 'eval_accuracy': '0.9174', 'eval_precision': '0.9902', 'eval_recall': '0.8978', 'eval_f1': '0.9417', 'eval_runtime': '0.1594', 'eval_samples_per_second': '3795', 'eval_steps_per_second': '62.73', 'epoch': '1'}
{'loss': '0.3122', 'grad_norm': '9.343', 'learning_rate': '1.979e-05', 'epoch': '1.053'}
{'loss': '0.2013', 'grad_norm': '9.838', 'learning_rate': '1.977e-05', 'epoch': '1.184'}
{'loss': '0.1833', 'grad_norm': '4.135', 'learning_rate': '1.974e-05', 'epoch': '1.316'}
{'loss': '0.1626', 'grad_norm': '1.533', 'learning_rate': '1.971e-05', 'epoch': '1.447'}
{'loss': '0.2233', 'grad_norm': '18.28', 'learning_rate': '1.969e-05', 'epoch': '1.579'}
{'loss': '0.1899', 'grad_norm': '6.375', 'learning_rate': '1.966e-05', 'epoch': '1.711'}
{'loss': '0.1925', 'grad_norm': '15.38', 'learning_rate': '1.963e-05', 'epoch': '1.842'}
{'loss': '0.09513', 'grad_norm': '4.907', 'learning_rate': '1.961e-05', 'epoch': '1.974'}
{'eval_loss': '0.144', 'eval_accuracy': '0.9537', 'eval_precision': '0.9839', 'eval_recall': '0.9533', 'eval_f1': '0.9684', 'eval_runtime': '0.1652', 'eval_samples_per_second': '3661', 'eval_steps_per_second': '60.52', 'epoch': '2'}
{'loss': '0.1272', 'grad_norm': '22.67', 'learning_rate': '1.958e-05', 'epoch': '2.105'}
{'loss': '0.111', 'grad_norm': '1.095', 'learning_rate': '1.956e-05', 'epoch': '2.237'}
{'loss': '0.09567', 'grad_norm': '1.888', 'learning_rate': '1.953e-05', 'epoch': '2.368'}
{'loss': '0.1413', 'grad_norm': '10.21', 'learning_rate': '1.95e-05', 'epoch': '2.5'}
{'loss': '0.1364', 'grad_norm': '15.69', 'learning_rate': '1.948e-05', 'epoch': '2.632'}
{'loss': '0.1436', 'grad_norm': '21.7', 'learning_rate': '1.945e-05', 'epoch': '2.763'}
{'loss': '0.1169', 'grad_norm': '37.83', 'learning_rate': '1.942e-05', 'epoch': '2.895'}
{'eval_loss': '0.1377', 'eval_accuracy': '0.9702', 'eval_precision': '0.98', 'eval_recall': '0.98', 'eval_f1': '0.98', 'eval_runtime': '0.1654', 'eval_samples_per_second': '3657', 'eval_steps_per_second': '60.45', 'epoch': '3'}
{'loss': '0.1046', 'grad_norm': '18.73', 'learning_rate': '1.94e-05', 'epoch': '3.026'}
{'loss': '0.08018', 'grad_norm': '0.821', 'learning_rate': '1.937e-05', 'epoch': '3.158'}
{'loss': '0.08437', 'grad_norm': '2.51', 'learning_rate': '1.934e-05', 'epoch': '3.289'}
{'loss': '0.0958', 'grad_norm': '3.745', 'learning_rate': '1.932e-05', 'epoch': '3.421'}
{'loss': '0.0703', 'grad_norm': '10.11', 'learning_rate': '1.929e-05', 'epoch': '3.553'}
{'loss': '0.1051', 'grad_norm': '0.1089', 'learning_rate': '1.927e-05', 'epoch': '3.684'}
{'loss': '0.1037', 'grad_norm': '2.367', 'learning_rate': '1.924e-05', 'epoch': '3.816'}
{'loss': '0.07518', 'grad_norm': '0.1628', 'learning_rate': '1.921e-05', 'epoch': '3.947'}
{'eval_loss': '0.1366', 'eval_accuracy': '0.9686', 'eval_precision': '0.9821', 'eval_recall': '0.9756', 'eval_f1': '0.9788', 'eval_runtime': '0.1654', 'eval_samples_per_second': '3658', 'eval_steps_per_second': '60.46', 'epoch': '4'}
{'loss': '0.05104', 'grad_norm': '6.732', 'learning_rate': '1.919e-05', 'epoch': '4.079'}
{'loss': '0.01876', 'grad_norm': '18.4', 'learning_rate': '1.916e-05', 'epoch': '4.211'}
{'loss': '0.07256', 'grad_norm': '8.971', 'learning_rate': '1.913e-05', 'epoch': '4.342'}
{'loss': '0.02122', 'grad_norm': '1.501', 'learning_rate': '1.911e-05', 'epoch': '4.474'}
{'loss': '0.03474', 'grad_norm': '0.05238', 'learning_rate': '1.908e-05', 'epoch': '4.605'}
{'loss': '0.05313', 'grad_norm': '3.153', 'learning_rate': '1.906e-05', 'epoch': '4.737'}
{'loss': '0.01007', 'grad_norm': '1.686', 'learning_rate': '1.903e-05', 'epoch': '4.868'}
{'loss': '0.06564', 'grad_norm': '2.019', 'learning_rate': '1.9e-05', 'epoch': '5'}
{'eval_loss': '0.1914', 'eval_accuracy': '0.9669', 'eval_precision': '0.9736', 'eval_recall': '0.9822', 'eval_f1': '0.9779', 'eval_runtime': '0.1616', 'eval_samples_per_second': '3744', 'eval_steps_per_second': '61.89', 'epoch': '5'}
{'loss': '0.03753', 'grad_norm': '4.705', 'learning_rate': '1.898e-05', 'epoch': '5.132'}
{'loss': '0.03487', 'grad_norm': '0.03611', 'learning_rate': '1.895e-05', 'epoch': '5.263'}
{'loss': '0.02366', 'grad_norm': '0.0271', 'learning_rate': '1.892e-05', 'epoch': '5.395'}
{'loss': '0.03352', 'grad_norm': '10.77', 'learning_rate': '1.89e-05', 'epoch': '5.526'}
{'loss': '0.02132', 'grad_norm': '0.4172', 'learning_rate': '1.887e-05', 'epoch': '5.658'}
{'loss': '0.007791', 'grad_norm': '0.5915', 'learning_rate': '1.884e-05', 'epoch': '5.789'}
{'loss': '0.06525', 'grad_norm': '0.02417', 'learning_rate': '1.882e-05', 'epoch': '5.921'}
{'eval_loss': '0.1708', 'eval_accuracy': '0.9669', 'eval_precision': '0.9886', 'eval_recall': '0.9667', 'eval_f1': '0.9775', 'eval_runtime': '0.1672', 'eval_samples_per_second': '3619', 'eval_steps_per_second': '59.82', 'epoch': '6'}
{'loss': '0.04988', 'grad_norm': '0.05156', 'learning_rate': '1.879e-05', 'epoch': '6.053'}
{'loss': '0.01171', 'grad_norm': '0.03081', 'learning_rate': '1.877e-05', 'epoch': '6.184'}
{'loss': '0.01676', 'grad_norm': '0.02259', 'learning_rate': '1.874e-05', 'epoch': '6.316'}
{'loss': '0.001318', 'grad_norm': '0.0145', 'learning_rate': '1.871e-05', 'epoch': '6.447'}
{'loss': '0.003081', 'grad_norm': '0.02531', 'learning_rate': '1.869e-05', 'epoch': '6.579'}
{'loss': '0.009165', 'grad_norm': '0.01845', 'learning_rate': '1.866e-05', 'epoch': '6.711'}
{'loss': '0.0006919', 'grad_norm': '0.1395', 'learning_rate': '1.863e-05', 'epoch': '6.842'}
{'loss': '0.006828', 'grad_norm': '0.009792', 'learning_rate': '1.861e-05', 'epoch': '6.974'}
{'eval_loss': '0.1812', 'eval_accuracy': '0.9752', 'eval_precision': '0.9866', 'eval_recall': '0.98', 'eval_f1': '0.9833', 'eval_runtime': '0.1658', 'eval_samples_per_second': '3650', 'eval_steps_per_second': '60.33', 'epoch': '7'}
{'loss': '0.0004346', 'grad_norm': '0.0109', 'learning_rate': '1.858e-05', 'epoch': '7.105'}
{'loss': '0.01193', 'grad_norm': '0.006677', 'learning_rate': '1.856e-05', 'epoch': '7.237'}
{'loss': '0.0003548', 'grad_norm': '0.007414', 'learning_rate': '1.853e-05', 'epoch': '7.368'}
{'loss': '0.00721', 'grad_norm': '0.1011', 'learning_rate': '1.85e-05', 'epoch': '7.5'}
{'loss': '0.05717', 'grad_norm': '0.02774', 'learning_rate': '1.848e-05', 'epoch': '7.632'}
{'loss': '0.01953', 'grad_norm': '0.007515', 'learning_rate': '1.845e-05', 'epoch': '7.763'}
{'loss': '0.0004664', 'grad_norm': '0.006817', 'learning_rate': '1.842e-05', 'epoch': '7.895'}
{'eval_loss': '0.2479', 'eval_accuracy': '0.9653', 'eval_precision': '0.9735', 'eval_recall': '0.98', 'eval_f1': '0.9767', 'eval_runtime': '0.1656', 'eval_samples_per_second': '3654', 'eval_steps_per_second': '60.4', 'epoch': '8'}
{'loss': '0.01182', 'grad_norm': '0.004958', 'learning_rate': '1.84e-05', 'epoch': '8.026'}
{'loss': '0.01334', 'grad_norm': '0.005808', 'learning_rate': '1.837e-05', 'epoch': '8.158'}
{'loss': '0.05125', 'grad_norm': '94.48', 'learning_rate': '1.834e-05', 'epoch': '8.289'}
{'loss': '0.00516', 'grad_norm': '51.28', 'learning_rate': '1.832e-05', 'epoch': '8.421'}
{'loss': '0.0003284', 'grad_norm': '0.00672', 'learning_rate': '1.829e-05', 'epoch': '8.553'}
{'loss': '0.0002498', 'grad_norm': '0.005349', 'learning_rate': '1.827e-05', 'epoch': '8.684'}
{'loss': '0.0003934', 'grad_norm': '0.005437', 'learning_rate': '1.824e-05', 'epoch': '8.816'}
{'loss': '0.000352', 'grad_norm': '0.0905', 'learning_rate': '1.821e-05', 'epoch': '8.947'}
{'eval_loss': '0.3165', 'eval_accuracy': '0.9537', 'eval_precision': '0.993', 'eval_recall': '0.9444', 'eval_f1': '0.9681', 'eval_runtime': '0.1655', 'eval_samples_per_second': '3657', 'eval_steps_per_second': '60.44', 'epoch': '9'}
{'loss': '0.05571', 'grad_norm': '0.006079', 'learning_rate': '1.819e-05', 'epoch': '9.079'}
{'loss': '0.03107', 'grad_norm': '61.23', 'learning_rate': '1.816e-05', 'epoch': '9.211'}
{'loss': '0.01224', 'grad_norm': '0.01094', 'learning_rate': '1.813e-05', 'epoch': '9.342'}
{'loss': '0.0009957', 'grad_norm': '0.007751', 'learning_rate': '1.811e-05', 'epoch': '9.474'}
{'loss': '0.02056', 'grad_norm': '0.005217', 'learning_rate': '1.808e-05', 'epoch': '9.605'}
{'loss': '0.004554', 'grad_norm': '21.22', 'learning_rate': '1.806e-05', 'epoch': '9.737'}
{'loss': '0.0004043', 'grad_norm': '0.04654', 'learning_rate': '1.803e-05', 'epoch': '9.868'}
{'loss': '0.01862', 'grad_norm': '0.01247', 'learning_rate': '1.8e-05', 'epoch': '10'}
{'eval_loss': '0.2679', 'eval_accuracy': '0.9669', 'eval_precision': '0.9821', 'eval_recall': '0.9733', 'eval_f1': '0.9777', 'eval_runtime': '0.1631', 'eval_samples_per_second': '3710', 'eval_steps_per_second': '61.32', 'epoch': '10'}
{'loss': '0.01641', 'grad_norm': '0.004458', 'learning_rate': '1.798e-05', 'epoch': '10.13'}
{'loss': '0.0001749', 'grad_norm': '0.02129', 'learning_rate': '1.795e-05', 'epoch': '10.26'}
{'loss': '0.007507', 'grad_norm': '0.004234', 'learning_rate': '1.792e-05', 'epoch': '10.39'}
{'loss': '0.0001444', 'grad_norm': '0.003657', 'learning_rate': '1.79e-05', 'epoch': '10.53'}
{'loss': '0.05296', 'grad_norm': '0.003449', 'learning_rate': '1.787e-05', 'epoch': '10.66'}
{'loss': '0.006108', 'grad_norm': '0.004221', 'learning_rate': '1.784e-05', 'epoch': '10.79'}
{'loss': '0.0001506', 'grad_norm': '0.003339', 'learning_rate': '1.782e-05', 'epoch': '10.92'}
{'eval_loss': '0.2437', 'eval_accuracy': '0.9653', 'eval_precision': '0.9864', 'eval_recall': '0.9667', 'eval_f1': '0.9764', 'eval_runtime': '0.1657', 'eval_samples_per_second': '3652', 'eval_steps_per_second': '60.36', 'epoch': '11'}
{'loss': '0.03366', 'grad_norm': '0.005967', 'learning_rate': '1.779e-05', 'epoch': '11.05'}
{'loss': '0.008135', 'grad_norm': '81.26', 'learning_rate': '1.777e-05', 'epoch': '11.18'}
{'loss': '0.02419', 'grad_norm': '0.006836', 'learning_rate': '1.774e-05', 'epoch': '11.32'}
{'loss': '0.01733', 'grad_norm': '21.89', 'learning_rate': '1.771e-05', 'epoch': '11.45'}
{'loss': '0.0003145', 'grad_norm': '0.00327', 'learning_rate': '1.769e-05', 'epoch': '11.58'}
{'loss': '0.005725', 'grad_norm': '0.00314', 'learning_rate': '1.766e-05', 'epoch': '11.71'}
{'loss': '0.01562', 'grad_norm': '0.002678', 'learning_rate': '1.763e-05', 'epoch': '11.84'}
{'loss': '0.0001406', 'grad_norm': '0.00333', 'learning_rate': '1.761e-05', 'epoch': '11.97'}
{'eval_loss': '0.2586', 'eval_accuracy': '0.9669', 'eval_precision': '0.9799', 'eval_recall': '0.9756', 'eval_f1': '0.9777', 'eval_runtime': '0.1647', 'eval_samples_per_second': '3673', 'eval_steps_per_second': '60.71', 'epoch': '12'}
{'train_runtime': '2261', 'train_samples_per_second': '107.1', 'train_steps_per_second': '3.361', 'train_loss': '0.08409', 'epoch': '12'}
Fold F1: 0.977728285077951
Точность определения арабских заимств.: {'accuracy': 0.9850574712643678, 'precision': 0.8857142857142857, 'recall': 0.9893617021276596, 'f1': 0.9346733668341709}
Точность определения китайских заимств.: {'accuracy': 0.9849435382685069, 'precision': 0.6363636363636364, 'recall': 1.0, 'f1': 0.7777777777777778}
Точность определения английских заимств.: {'accuracy': 0.9906614785992218, 'precision': 0.9769673704414588, 'recall': 1.0, 'f1': 0.9883495145631068}
Точность определения французских заимств.: {'accuracy': 0.9910926365795725, 'precision': 0.9869138495092693, 'recall': 0.9966960352422908, 'f1': 0.9917808219178083}
Точность определения немецких заимств.: {'accuracy': 0.9885496183206107, 'precision': 0.9577464788732394, 'recall': 1.0, 'f1': 0.9784172661870504}
Точность определения итальянских заимтсв.: {'accuracy': 0.9874081846799581, 'precision': 0.9365079365079365, 'recall': 1.0, 'f1': 0.9672131147540983}
Точность определения японских заимств.: {'accuracy': 0.9853932584269663, 'precision': 0.904, 'recall': 0.9912280701754386, 'f1': 0.9456066945606695}
Точность определения польских заимств.: {'accuracy': 0.9795673076923077, 'precision': 0.8095238095238095, 'recall': 0.9107142857142857, 'f1': 0.8571428571428571}

===== FINAL RESULT =====
Mean F1: 0.9647366044741208
Std F1: 0.0071646169556375825
