GPU 0: NVIDIA A100 80GB PCIe (UUID: GPU-614301ad-da52-aeb4-f2e9-e6725ab87783)
nvcc: NVIDIA (R) Cuda compiler driver
Copyright (c) 2005-2022 NVIDIA Corporation
Built on Wed_Jun__8_16:49:14_PDT_2022
Cuda compilation tools, release 11.7, V11.7.99
Build cuda_11.7.r11.7/compiler.31442593_0
Python 3.10.20

===== Fold 1 =====
{'loss': '0.4946', 'grad_norm': '2.752', 'learning_rate': '1.97e-05', 'epoch': '0.1316'}
{'loss': '0.3229', 'grad_norm': '2.548', 'learning_rate': '1.937e-05', 'epoch': '0.2632'}
{'loss': '0.2751', 'grad_norm': '4.951', 'learning_rate': '1.905e-05', 'epoch': '0.3947'}
{'loss': '0.212', 'grad_norm': '8.46', 'learning_rate': '1.872e-05', 'epoch': '0.5263'}
{'loss': '0.2153', 'grad_norm': '8.042', 'learning_rate': '1.839e-05', 'epoch': '0.6579'}
{'loss': '0.1481', 'grad_norm': '9.828', 'learning_rate': '1.806e-05', 'epoch': '0.7895'}
{'loss': '0.1468', 'grad_norm': '6.209', 'learning_rate': '1.773e-05', 'epoch': '0.9211'}
{'eval_loss': '0.188', 'eval_accuracy': '0.934', 'eval_precision': '0.9399', 'eval_recall': '0.9733', 'eval_f1': '0.9563', 'eval_runtime': '0.1578', 'eval_samples_per_second': '3841', 'eval_steps_per_second': '63.38', 'epoch': '1'}
{'loss': '0.1033', 'grad_norm': '10.72', 'learning_rate': '1.74e-05', 'epoch': '1.053'}
{'loss': '0.08618', 'grad_norm': '1.749', 'learning_rate': '1.707e-05', 'epoch': '1.184'}
{'loss': '0.1027', 'grad_norm': '12.9', 'learning_rate': '1.674e-05', 'epoch': '1.316'}
{'loss': '0.08218', 'grad_norm': '8.254', 'learning_rate': '1.641e-05', 'epoch': '1.447'}
{'loss': '0.1615', 'grad_norm': '7.549', 'learning_rate': '1.609e-05', 'epoch': '1.579'}
{'loss': '0.1246', 'grad_norm': '6.107', 'learning_rate': '1.576e-05', 'epoch': '1.711'}
g'loss': '0.07993', 'grad_norm': '2.934', 'learning_rate': '1.543e-05', 'epoch': '1.842'}
{'loss': '0.09111', 'grad_norm': '5.546', 'learning_rate': '1.51e-05', 'epoch': '1.974'}
{'eval_loss': '0.1936', 'eval_accuracy': '0.9422', 'eval_precision': '0.9462', 'eval_recall': '0.9778', 'eval_f1': '0.9617', 'eval_runtime': '0.1674', 'eval_samples_per_second': '3620', 'eval_steps_per_second': '59.73', 'epoch': '2'}
{'loss': '0.05094', 'grad_norm': '0.2559', 'learning_rate': '1.477e-05', 'epoch': '2.105'}
{'loss': '0.0463', 'grad_norm': '11.13', 'learning_rate': '1.444e-05', 'epoch': '2.237'}
{'loss': '0.06103', 'grad_norm': '13.77', 'learning_rate': '1.411e-05', 'epoch': '2.368'}
{'loss': '0.1197', 'grad_norm': '18.21', 'learning_rate': '1.378e-05', 'epoch': '2.5'}
{'loss': '0.08204', 'grad_norm': '12.93', 'learning_rate': '1.345e-05', 'epoch': '2.632'}
{'loss': '0.04406', 'grad_norm': '0.07987', 'learning_rate': '1.313e-05', 'epoch': '2.763'}
{'loss': '0.1938', 'grad_norm': '8.118', 'learning_rate': '1.28e-05', 'epoch': '2.895'}
{'eval_loss': '0.211', 'eval_accuracy': '0.9406', 'eval_precision': '0.9461', 'eval_recall': '0.9756', 'eval_f1': '0.9606', 'eval_runtime': '0.1661', 'eval_samples_per_second': '3648', 'eval_steps_per_second': '60.19', 'epoch': '3'}
{'loss': '0.07861', 'grad_norm': '1.032', 'learning_rate': '1.247e-05', 'epoch': '3.026'}
{'loss': '0.03495', 'grad_norm': '0.2848', 'learning_rate': '1.214e-05', 'epoch': '3.158'}
{'loss': '0.03392', 'grad_norm': '1.249', 'learning_rate': '1.181e-05', 'epoch': '3.289'}
{'loss': '0.02277', 'grad_norm': '0.07372', 'learning_rate': '1.148e-05', 'epoch': '3.421'}
{'loss': '0.04574', 'grad_norm': '27.54', 'learning_rate': '1.115e-05', 'epoch': '3.553'}
{'loss': '0.01529', 'grad_norm': '0.9156', 'learning_rate': '1.082e-05', 'epoch': '3.684'}
{'loss': '0.02657', 'grad_norm': '0.2362', 'learning_rate': '1.049e-05', 'epoch': '3.816'}
{'loss': '0.03118', 'grad_norm': '0.04066', 'learning_rate': '1.016e-05', 'epoch': '3.947'}
{'eval_loss': '0.2659', 'eval_accuracy': '0.9406', 'eval_precision': '0.9641', 'eval_recall': '0.9556', 'eval_f1': '0.9598', 'eval_runtime': '0.1663', 'eval_samples_per_second': '3644', 'eval_steps_per_second': '60.13', 'epoch': '4'}
{'loss': '0.02502', 'grad_norm': '0.02653', 'learning_rate': '9.836e-06', 'epoch': '4.079'}
{'loss': '0.01172', 'grad_norm': '0.04549', 'learning_rate': '9.507e-06', 'epoch': '4.211'}
{'loss': '0.0138', 'grad_norm': '0.02893', 'learning_rate': '9.178e-06', 'epoch': '4.342'}
{'loss': '0.0382', 'grad_norm': '0.2605', 'learning_rate': '8.849e-06', 'epoch': '4.474'}
{'loss': '0.03031', 'grad_norm': '3.034', 'learning_rate': '8.52e-06', 'epoch': '4.605'}
{'loss': '0.0483', 'grad_norm': '0.7358', 'learning_rate': '8.191e-06', 'epoch': '4.737'}
{'loss': '0.01305', 'grad_norm': '4.284', 'learning_rate': '7.862e-06', 'epoch': '4.868'}
{'loss': '0.02136', 'grad_norm': '0.07868', 'learning_rate': '7.533e-06', 'epoch': '5'}
{'eval_loss': '0.2336', 'eval_accuracy': '0.9488', 'eval_precision': '0.9708', 'eval_recall': '0.96', 'eval_f1': '0.9654', 'eval_runtime': '0.1648', 'eval_samples_per_second': '3677', 'eval_steps_per_second': '60.67', 'epoch': '5'}
{'loss': '0.05074', 'grad_norm': '0.05627', 'learning_rate': '7.204e-06', 'epoch': '5.132'}
{'loss': '0.006076', 'grad_norm': '0.1606', 'learning_rate': '6.875e-06', 'epoch': '5.263'}
{'loss': '0.02356', 'grad_norm': '0.04353', 'learning_rate': '6.546e-06', 'epoch': '5.395'}
{'loss': '0.007468', 'grad_norm': '0.3103', 'learning_rate': '6.217e-06', 'epoch': '5.526'}
{'loss': '0.01917', 'grad_norm': '2.329', 'learning_rate': '5.888e-06', 'epoch': '5.658'}
{'loss': '0.03164', 'grad_norm': '0.05358', 'learning_rate': '5.559e-06', 'epoch': '5.789'}
{'loss': '0.02148', 'grad_norm': '0.02849', 'learning_rate': '5.23e-06', 'epoch': '5.921'}
{'eval_loss': '0.2648', 'eval_accuracy': '0.9488', 'eval_precision': '0.9525', 'eval_recall': '0.98', 'eval_f1': '0.966', 'eval_runtime': '0.1659', 'eval_samples_per_second': '3654', 'eval_steps_per_second': '60.29', 'epoch': '6'}
{'loss': '0.01587', 'grad_norm': '0.05365', 'learning_rate': '4.901e-06', 'epoch': '6.053'}
{'loss': '0.004648', 'grad_norm': '0.03085', 'learning_rate': '4.572e-06', 'epoch': '6.184'}
{'loss': '0.01059', 'grad_norm': '0.02932', 'learning_rate': '4.243e-06', 'epoch': '6.316'}
{'loss': '0.008839', 'grad_norm': '0.0436', 'learning_rate': '3.914e-06', 'epoch': '6.447'}
{'loss': '0.007451', 'grad_norm': '0.02383', 'learning_rate': '3.586e-06', 'epoch': '6.579'}
{'loss': '0.01542', 'grad_norm': '0.1321', 'learning_rate': '3.257e-06', 'epoch': '6.711'}
{'loss': '0.005298', 'grad_norm': '7.939', 'learning_rate': '2.928e-06', 'epoch': '6.842'}
{'loss': '0.01111', 'grad_norm': '0.02385', 'learning_rate': '2.599e-06', 'epoch': '6.974'}
{'eval_loss': '0.2646', 'eval_accuracy': '0.9505', 'eval_precision': '0.9626', 'eval_recall': '0.9711', 'eval_f1': '0.9668', 'eval_runtime': '0.1656', 'eval_samples_per_second': '3661', 'eval_steps_per_second': '60.41', 'epoch': '7'}
{'loss': '0.01977', 'grad_norm': '0.02993', 'learning_rate': '2.27e-06', 'epoch': '7.105'}
{'loss': '0.001781', 'grad_norm': '0.02477', 'learning_rate': '1.941e-06', 'epoch': '7.237'}
{'loss': '0.03325', 'grad_norm': '31.77', 'learning_rate': '1.612e-06', 'epoch': '7.368'}
{'loss': '0.001238', 'grad_norm': '0.0195', 'learning_rate': '1.283e-06', 'epoch': '7.5'}
{'loss': '0.007745', 'grad_norm': '1.016', 'learning_rate': '9.539e-07', 'epoch': '7.632'}
{'loss': '0.002358', 'grad_norm': '0.02193', 'learning_rate': '6.25e-07', 'epoch': '7.763'}
{'loss': '0.002136', 'grad_norm': '0.01793', 'learning_rate': '2.961e-07', 'epoch': '7.895'}
{'eval_loss': '0.2765', 'eval_accuracy': '0.9488', 'eval_precision': '0.9584', 'eval_recall': '0.9733', 'eval_f1': '0.9658', 'eval_runtime': '0.1727', 'eval_samples_per_second': '3509', 'eval_steps_per_second': '57.91', 'epoch': '8'}
{'train_runtime': '211.3', 'train_samples_per_second': '91.64', 'train_steps_per_second': '2.877', 'train_loss': '0.0665', 'epoch': '8'}
Fold F1: 0.9563318777292577
Точность определения арабских заимств.: {'accuracy': 0.8954022988505748, 'precision': 0.5081081081081081, 'recall': 1.0, 'f1': 0.6738351254480287}
Точность определения китайских заимств.: {'accuracy': 0.8845671267252195, 'precision': 0.18018018018018017, 'recall': 0.9523809523809523, 'f1': 0.30303030303030304}
Точность определения английских заимств.: {'accuracy': 0.9284046692607004, 'precision': 0.8480801335559266, 'recall': 0.9980353634577603, 'f1': 0.9169675090252708}
Точность определения французских заимств.: {'accuracy': 0.9382422802850356, 'precision': 0.907707910750507, 'recall': 0.98568281938326, 'f1': 0.9450897571277719}
Точность определения немецких заимств.: {'accuracy': 0.9093511450381679, 'precision': 0.7465181058495822, 'recall': 0.9852941176470589, 'f1': 0.849445324881141}
Точность определения итальянских заимтсв.: {'accuracy': 0.9024134312696747, 'precision': 0.6578947368421053, 'recall': 0.9887005649717514, 'f1': 0.7900677200902935}
Точность определения японских заимств.: {'accuracy': 0.8977528089887641, 'precision': 0.5560975609756098, 'recall': 1.0, 'f1': 0.7147335423197492}
Точность определения польских заимств.: {'accuracy': 0.8725961538461539, 'precision': 0.3106060606060606, 'recall': 0.7321428571428571, 'f1': 0.43617021276595747}

===== Fold 2 =====
{'loss': '0.4499', 'grad_norm': '5.327', 'learning_rate': '1.97e-05', 'epoch': '0.1316'}
{'loss': '0.3238', 'grad_norm': '2.121', 'learning_rate': '1.937e-05', 'epoch': '0.2632'}
{'loss': '0.2552', 'grad_norm': '2.616', 'learning_rate': '1.905e-05', 'epoch': '0.3947'}
{'loss': '0.2157', 'grad_norm': '5.433', 'learning_rate': '1.872e-05', 'epoch': '0.5263'}
{'loss': '0.1813', 'grad_norm': '6.061', 'learning_rate': '1.839e-05', 'epoch': '0.6579'}
{'loss': '0.1443', 'grad_norm': '7.513', 'learning_rate': '1.806e-05', 'epoch': '0.7895'}
{'loss': '0.1365', 'grad_norm': '6.907', 'learning_rate': '1.773e-05', 'epoch': '0.9211'}
{'eval_loss': '0.2252', 'eval_accuracy': '0.9208', 'eval_precision': '0.9104', 'eval_recall': '0.9911', 'eval_f1': '0.949', 'eval_runtime': '0.1605', 'eval_samples_per_second': '3777', 'eval_steps_per_second': '62.32', 'epoch': '1'}
{'loss': '0.1056', 'grad_norm': '8.413', 'learning_rate': '1.74e-05', 'epoch': '1.053'}
{'loss': '0.107', 'grad_norm': '3.392', 'learning_rate': '1.707e-05', 'epoch': '1.184'}
{'loss': '0.09587', 'grad_norm': '10.33', 'learning_rate': '1.674e-05', 'epoch': '1.316'}
{'loss': '0.1731', 'grad_norm': '8.276', 'learning_rate': '1.641e-05', 'epoch': '1.447'}
{'loss': '0.09022', 'grad_norm': '5.878', 'learning_rate': '1.609e-05', 'epoch': '1.579'}
{'loss': '0.08147', 'grad_norm': '11.79', 'learning_rate': '1.576e-05', 'epoch': '1.711'}
{'loss': '0.06566', 'grad_norm': '4.183', 'learning_rate': '1.543e-05', 'epoch': '1.842'}
{'loss': '0.1021', 'grad_norm': '0.4623', 'learning_rate': '1.51e-05', 'epoch': '1.974'}
{'eval_loss': '0.2469', 'eval_accuracy': '0.9389', 'eval_precision': '0.9423', 'eval_recall': '0.9778', 'eval_f1': '0.9597', 'eval_runtime': '0.1655', 'eval_samples_per_second': '3661', 'eval_steps_per_second': '60.42', 'epoch': '2'}
{'loss': '0.05952', 'grad_norm': '1.633', 'learning_rate': '1.477e-05', 'epoch': '2.105'}
{'loss': '0.04142', 'grad_norm': '22.77', 'learning_rate': '1.444e-05', 'epoch': '2.237'}
{'loss': '0.07459', 'grad_norm': '7.475', 'learning_rate': '1.411e-05', 'epoch': '2.368'}
{'loss': '0.06826', 'grad_norm': '10.84', 'learning_rate': '1.378e-05', 'epoch': '2.5'}
{'loss': '0.06971', 'grad_norm': '11.17', 'learning_rate': '1.345e-05', 'epoch': '2.632'}
{'loss': '0.02034', 'grad_norm': '0.5599', 'learning_rate': '1.313e-05', 'epoch': '2.763'}
{'loss': '0.06602', 'grad_norm': '10.66', 'learning_rate': '1.28e-05', 'epoch': '2.895'}
{'eval_loss': '0.1974', 'eval_accuracy': '0.9505', 'eval_precision': '0.9647', 'eval_recall': '0.969', 'eval_f1': '0.9668', 'eval_runtime': '0.1662', 'eval_samples_per_second': '3646', 'eval_steps_per_second': '60.16', 'epoch': '3'}
{'loss': '0.04415', 'grad_norm': '2.069', 'learning_rate': '1.247e-05', 'epoch': '3.026'}
{'loss': '0.02296', 'grad_norm': '5.281', 'learning_rate': '1.214e-05', 'epoch': '3.158'}
{'loss': '0.02212', 'grad_norm': '0.07029', 'learning_rate': '1.181e-05', 'epoch': '3.289'}
{'loss': '0.07534', 'grad_norm': '17.23', 'learning_rate': '1.148e-05', 'epoch': '3.421'}
{'loss': '0.03478', 'grad_norm': '6.631', 'learning_rate': '1.115e-05', 'epoch': '3.553'}
{'loss': '0.04349', 'grad_norm': '0.1425', 'learning_rate': '1.082e-05', 'epoch': '3.684'}
{'loss': '0.0375', 'grad_norm': '0.1093', 'learning_rate': '1.049e-05', 'epoch': '3.816'}
{'loss': '0.05034', 'grad_norm': '0.1215', 'learning_rate': '1.016e-05', 'epoch': '3.947'}
{'eval_loss': '0.2017', 'eval_accuracy': '0.9538', 'eval_precision': '0.9628', 'eval_recall': '0.9756', 'eval_f1': '0.9692', 'eval_runtime': '0.1659', 'eval_samples_per_second': '3653', 'eval_steps_per_second': '60.28', 'epoch': '4'}
{'loss': '0.02477', 'grad_norm': '0.6271', 'learning_rate': '9.836e-06', 'epoch': '4.079'}
{'loss': '0.003124', 'grad_norm': '6.561', 'learning_rate': '9.507e-06', 'epoch': '4.211'}
{'loss': '0.011', 'grad_norm': '0.1501', 'learning_rate': '9.178e-06', 'epoch': '4.342'}
{'loss': '0.01468', 'grad_norm': '0.08756', 'learning_rate': '8.849e-06', 'epoch': '4.474'}
{'loss': '0.03286', 'grad_norm': '0.2971', 'learning_rate': '8.52e-06', 'epoch': '4.605'}
{'loss': '0.01509', 'grad_norm': '0.6421', 'learning_rate': '8.191e-06', 'epoch': '4.737'}
{'loss': '0.005063', 'grad_norm': '5.12', 'learning_rate': '7.862e-06', 'epoch': '4.868'}
{'loss': '0.05746', 'grad_norm': '0.07584', 'learning_rate': '7.533e-06', 'epoch': '5'}
{'eval_loss': '0.2396', 'eval_accuracy': '0.9538', 'eval_precision': '0.969', 'eval_recall': '0.969', 'eval_f1': '0.969', 'eval_runtime': '0.1645', 'eval_samples_per_second': '3684', 'eval_steps_per_second': '60.8', 'epoch': '5'}
{'loss': '0.04312', 'grad_norm': '0.8994', 'learning_rate': '7.204e-06', 'epoch': '5.132'}
{'loss': '0.006819', 'grad_norm': '11.29', 'learning_rate': '6.875e-06', 'epoch': '5.263'}
{'loss': '0.02464', 'grad_norm': '3.821', 'learning_rate': '6.546e-06', 'epoch': '5.395'}
{'loss': '0.002458', 'grad_norm': '0.06829', 'learning_rate': '6.217e-06', 'epoch': '5.526'}
{'loss': '0.001054', 'grad_norm': '0.2121', 'learning_rate': '5.888e-06', 'epoch': '5.658'}
{'loss': '0.006626', 'grad_norm': '0.01925', 'learning_rate': '5.559e-06', 'epoch': '5.789'}
{'loss': '0.01019', 'grad_norm': '0.3939', 'learning_rate': '5.23e-06', 'epoch': '5.921'}
{'eval_loss': '0.2538', 'eval_accuracy': '0.9455', 'eval_precision': '0.9485', 'eval_recall': '0.98', 'eval_f1': '0.964', 'eval_runtime': '0.166', 'eval_samples_per_second': '3651', 'eval_steps_per_second': '60.25', 'epoch': '6'}
{'loss': '0.001164', 'grad_norm': '0.03686', 'learning_rate': '4.901e-06', 'epoch': '6.053'}
{'loss': '0.0007785', 'grad_norm': '0.02161', 'learning_rate': '4.572e-06', 'epoch': '6.184'}
{'loss': '0.001128', 'grad_norm': '10.15', 'learning_rate': '4.243e-06', 'epoch': '6.316'}
{'loss': '0.01128', 'grad_norm': '0.01223', 'learning_rate': '3.914e-06', 'epoch': '6.447'}
{'loss': '0.001167', 'grad_norm': '4.062', 'learning_rate': '3.586e-06', 'epoch': '6.579'}
{'loss': '0.0005986', 'grad_norm': '0.01638', 'learning_rate': '3.257e-06', 'epoch': '6.711'}
{'loss': '0.0007659', 'grad_norm': '0.01076', 'learning_rate': '2.928e-06', 'epoch': '6.842'}
{'loss': '0.0009712', 'grad_norm': '0.01267', 'learning_rate': '2.599e-06', 'epoch': '6.974'}
{'eval_loss': '0.2798', 'eval_accuracy': '0.9521', 'eval_precision': '0.9668', 'eval_recall': '0.969', 'eval_f1': '0.9679', 'eval_runtime': '0.1664', 'eval_samples_per_second': '3643', 'eval_steps_per_second': '60.11', 'epoch': '7'}
{'loss': '0.001543', 'grad_norm': '0.01883', 'learning_rate': '2.27e-06', 'epoch': '7.105'}
{'loss': '0.003417', 'grad_norm': '0.01109', 'learning_rate': '1.941e-06', 'epoch': '7.237'}
{'loss': '0.01811', 'grad_norm': '7.479', 'learning_rate': '1.612e-06', 'epoch': '7.368'}
{'loss': '0.002334', 'grad_norm': '0.01135', 'learning_rate': '1.283e-06', 'epoch': '7.5'}
{'loss': '0.0006715', 'grad_norm': '0.01054', 'learning_rate': '9.539e-07', 'epoch': '7.632'}
{'loss': '0.0006404', 'grad_norm': '0.0116', 'learning_rate': '6.25e-07', 'epoch': '7.763'}
{'loss': '0.00529', 'grad_norm': '0.008847', 'learning_rate': '2.961e-07', 'epoch': '7.895'}
{'eval_loss': '0.2808', 'eval_accuracy': '0.9521', 'eval_precision': '0.9668', 'eval_recall': '0.969', 'eval_f1': '0.9679', 'eval_runtime': '0.1653', 'eval_samples_per_second': '3665', 'eval_steps_per_second': '60.48', 'epoch': '8'}
{'train_runtime': '211.1', 'train_samples_per_second': '91.77', 'train_steps_per_second': '2.881', 'train_loss': '0.05868', 'epoch': '8'}
Fold F1: 0.9668141592920354
Точность определения арабских заимств.: {'accuracy': 0.9666666666666667, 'precision': 0.7777777777777778, 'recall': 0.9680851063829787, 'f1': 0.8625592417061612}
Точность определения китайских заимств.: {'accuracy': 0.9661229611041405, 'precision': 0.43478260869565216, 'recall': 0.9523809523809523, 'f1': 0.5970149253731343}
Точность определения английских заимств.: {'accuracy': 0.9797665369649805, 'precision': 0.9514018691588785, 'recall': 1.0, 'f1': 0.975095785440613}
Точность определения французских заимств.: {'accuracy': 0.9827790973871734, 'precision': 0.9720730397422127, 'recall': 0.9966960352422908, 'f1': 0.9842305600870038}
Точность определения немецких заимств.: {'accuracy': 0.9742366412213741, 'precision': 0.9124579124579124, 'recall': 0.9963235294117647, 'f1': 0.9525483304042179}
Точность определения итальянских заимтсв.: {'accuracy': 0.9716684155299056, 'precision': 0.8712871287128713, 'recall': 0.9943502824858758, 'f1': 0.9287598944591029}
Точность определения японских заимств.: {'accuracy': 0.9696629213483146, 'precision': 0.8129496402877698, 'recall': 0.9912280701754386, 'f1': 0.8932806324110671}
Точность определения польских заимств.: {'accuracy': 0.9627403846153846, 'precision': 0.6623376623376623, 'recall': 0.9107142857142857, 'f1': 0.7669172932330827}

===== Fold 3 =====
{'loss': '0.4292', 'grad_norm': '2.38', 'learning_rate': '1.97e-05', 'epoch': '0.1316'}
{'loss': '0.3102', 'grad_norm': '2.552', 'learning_rate': '1.937e-05', 'epoch': '0.2632'}
{'loss': '0.2396', 'grad_norm': '4.852', 'learning_rate': '1.905e-05', 'epoch': '0.3947'}
{'loss': '0.1953', 'grad_norm': '2.588', 'learning_rate': '1.872e-05', 'epoch': '0.5263'}
{'loss': '0.1543', 'grad_norm': '10.75', 'learning_rate': '1.839e-05', 'epoch': '0.6579'}
{'loss': '0.1879', 'grad_norm': '8.178', 'learning_rate': '1.806e-05', 'epoch': '0.7895'}
{'loss': '0.1334', 'grad_norm': '2.494', 'learning_rate': '1.773e-05', 'epoch': '0.9211'}
{'eval_loss': '0.1775', 'eval_accuracy': '0.9273', 'eval_precision': '0.9765', 'eval_recall': '0.9244', 'eval_f1': '0.9498', 'eval_runtime': '0.1571', 'eval_samples_per_second': '3852', 'eval_steps_per_second': '63.67', 'epoch': '1'}
{'loss': '0.1299', 'grad_norm': '3.631', 'learning_rate': '1.74e-05', 'epoch': '1.053'}
{'loss': '0.09561', 'grad_norm': '4.807', 'learning_rate': '1.707e-05', 'epoch': '1.184'}
{'loss': '0.08235', 'grad_norm': '8.74', 'learning_rate': '1.674e-05', 'epoch': '1.316'}
{'loss': '0.1211', 'grad_norm': '14.81', 'learning_rate': '1.641e-05', 'epoch': '1.447'}
{'loss': '0.07452', 'grad_norm': '8.8', 'learning_rate': '1.609e-05', 'epoch': '1.579'}
{'loss': '0.09393', 'grad_norm': '2.009', 'learning_rate': '1.576e-05', 'epoch': '1.711'}
{'loss': '0.05976', 'grad_norm': '1.227', 'learning_rate': '1.543e-05', 'epoch': '1.842'}
{'loss': '0.09889', 'grad_norm': '4.134', 'learning_rate': '1.51e-05', 'epoch': '1.974'}
{'eval_loss': '0.1379', 'eval_accuracy': '0.9405', 'eval_precision': '0.9705', 'eval_recall': '0.9489', 'eval_f1': '0.9596', 'eval_runtime': '0.1658', 'eval_samples_per_second': '3650', 'eval_steps_per_second': '60.33', 'epoch': '2'}
{'loss': '0.06272', 'grad_norm': '0.6862', 'learning_rate': '1.477e-05', 'epoch': '2.105'}
{'loss': '0.03449', 'grad_norm': '0.1755', 'learning_rate': '1.444e-05', 'epoch': '2.237'}
{'loss': '0.04154', 'grad_norm': '9.046', 'learning_rate': '1.411e-05', 'epoch': '2.368'}
{'loss': '0.06687', 'grad_norm': '30.66', 'learning_rate': '1.378e-05', 'epoch': '2.5'}
{'loss': '0.08772', 'grad_norm': '12.44', 'learning_rate': '1.345e-05', 'epoch': '2.632'}
{'loss': '0.0713', 'grad_norm': '13.68', 'learning_rate': '1.313e-05', 'epoch': '2.763'}
{'loss': '0.06756', 'grad_norm': '2.892', 'learning_rate': '1.28e-05', 'epoch': '2.895'}
{'eval_loss': '0.1727', 'eval_accuracy': '0.9488', 'eval_precision': '0.9666', 'eval_recall': '0.9644', 'eval_f1': '0.9655', 'eval_runtime': '0.1655', 'eval_samples_per_second': '3655', 'eval_steps_per_second': '60.41', 'epoch': '3'}
{'loss': '0.05071', 'grad_norm': '20.48', 'learning_rate': '1.247e-05', 'epoch': '3.026'}
{'loss': '0.03076', 'grad_norm': '0.872', 'learning_rate': '1.214e-05', 'epoch': '3.158'}
{'loss': '0.03807', 'grad_norm': '0.05319', 'learning_rate': '1.181e-05', 'epoch': '3.289'}
{'loss': '0.04119', 'grad_norm': '2', 'learning_rate': '1.148e-05', 'epoch': '3.421'}
{'loss': '0.02415', 'grad_norm': '1.753', 'learning_rate': '1.115e-05', 'epoch': '3.553'}
{'loss': '0.08274', 'grad_norm': '5.124', 'learning_rate': '1.082e-05', 'epoch': '3.684'}
{'loss': '0.02002', 'grad_norm': '0.0764', 'learning_rate': '1.049e-05', 'epoch': '3.816'}
{'loss': '0.06383', 'grad_norm': '0.08502', 'learning_rate': '1.016e-05', 'epoch': '3.947'}
{'eval_loss': '0.2123', 'eval_accuracy': '0.9438', 'eval_precision': '0.9815', 'eval_recall': '0.9422', 'eval_f1': '0.9615', 'eval_runtime': '0.1664', 'eval_samples_per_second': '3636', 'eval_steps_per_second': '60.09', 'epoch': '4'}
{'loss': '0.01516', 'grad_norm': '7.283', 'learning_rate': '9.836e-06', 'epoch': '4.079'}
{'loss': '0.02089', 'grad_norm': '0.1691', 'learning_rate': '9.507e-06', 'epoch': '4.211'}
{'loss': '0.005384', 'grad_norm': '0.03778', 'learning_rate': '9.178e-06', 'epoch': '4.342'}
{'loss': '0.04889', 'grad_norm': '0.1995', 'learning_rate': '8.849e-06', 'epoch': '4.474'}
{'loss': '0.05407', 'grad_norm': '0.03816', 'learning_rate': '8.52e-06', 'epoch': '4.605'}
{'loss': '0.04618', 'grad_norm': '14.98', 'learning_rate': '8.191e-06', 'epoch': '4.737'}
{'loss': '0.004999', 'grad_norm': '0.02358', 'learning_rate': '7.862e-06', 'epoch': '4.868'}
{'loss': '0.02178', 'grad_norm': '0.5449', 'learning_rate': '7.533e-06', 'epoch': '5'}
{'eval_loss': '0.1998', 'eval_accuracy': '0.9554', 'eval_precision': '0.9669', 'eval_recall': '0.9733', 'eval_f1': '0.9701', 'eval_runtime': '0.1645', 'eval_samples_per_second': '3678', 'eval_steps_per_second': '60.8', 'epoch': '5'}
{'loss': '0.03888', 'grad_norm': '0.0314', 'learning_rate': '7.204e-06', 'epoch': '5.132'}
{'loss': '0.05935', 'grad_norm': '0.03309', 'learning_rate': '6.875e-06', 'epoch': '5.263'}
{'loss': '0.00339', 'grad_norm': '0.3973', 'learning_rate': '6.546e-06', 'epoch': '5.395'}
{'loss': '0.01881', 'grad_norm': '30.13', 'learning_rate': '6.217e-06', 'epoch': '5.526'}
{'loss': '0.001515', 'grad_norm': '0.987', 'learning_rate': '5.888e-06', 'epoch': '5.658'}
{'loss': '0.01943', 'grad_norm': '0.09829', 'learning_rate': '5.559e-06', 'epoch': '5.789'}
{'loss': '0.01626', 'grad_norm': '1.491', 'learning_rate': '5.23e-06', 'epoch': '5.921'}
{'eval_loss': '0.2208', 'eval_accuracy': '0.9521', 'eval_precision': '0.973', 'eval_recall': '0.9622', 'eval_f1': '0.9676', 'eval_runtime': '0.1655', 'eval_samples_per_second': '3656', 'eval_steps_per_second': '60.43', 'epoch': '6'}
{'loss': '0.00957', 'grad_norm': '0.02072', 'learning_rate': '4.901e-06', 'epoch': '6.053'}
{'loss': '0.02052', 'grad_norm': '2.044', 'learning_rate': '4.572e-06', 'epoch': '6.184'}
{'loss': '0.003102', 'grad_norm': '0.02209', 'learning_rate': '4.243e-06', 'epoch': '6.316'}
{'loss': '0.005515', 'grad_norm': '0.0146', 'learning_rate': '3.914e-06', 'epoch': '6.447'}
{'loss': '0.00796', 'grad_norm': '0.1166', 'learning_rate': '3.586e-06', 'epoch': '6.579'}
{'loss': '0.02029', 'grad_norm': '0.05896', 'learning_rate': '3.257e-06', 'epoch': '6.711'}
{'loss': '0.01534', 'grad_norm': '6.54', 'learning_rate': '2.928e-06', 'epoch': '6.842'}
{'loss': '0.01142', 'grad_norm': '0.01533', 'learning_rate': '2.599e-06', 'epoch': '6.974'}
{'eval_loss': '0.2387', 'eval_accuracy': '0.9504', 'eval_precision': '0.9626', 'eval_recall': '0.9711', 'eval_f1': '0.9668', 'eval_runtime': '0.1651', 'eval_samples_per_second': '3665', 'eval_steps_per_second': '60.58', 'epoch': '7'}
{'loss': '0.001513', 'grad_norm': '0.01418', 'learning_rate': '2.27e-06', 'epoch': '7.105'}
{'loss': '0.02588', 'grad_norm': '57.41', 'learning_rate': '1.941e-06', 'epoch': '7.237'}
{'loss': '0.001604', 'grad_norm': '0.01537', 'learning_rate': '1.612e-06', 'epoch': '7.368'}
{'loss': '0.02257', 'grad_norm': '0.01906', 'learning_rate': '1.283e-06', 'epoch': '7.5'}
{'loss': '0.002981', 'grad_norm': '0.01446', 'learning_rate': '9.539e-07', 'epoch': '7.632'}
{'loss': '0.01439', 'grad_norm': '0.04985', 'learning_rate': '6.25e-07', 'epoch': '7.763'}
{'loss': '0.04814', 'grad_norm': '31.18', 'learning_rate': '2.961e-07', 'epoch': '7.895'}
{'eval_loss': '0.2257', 'eval_accuracy': '0.9521', 'eval_precision': '0.9709', 'eval_recall': '0.9644', 'eval_f1': '0.9677', 'eval_runtime': '0.1657', 'eval_samples_per_second': '3651', 'eval_steps_per_second': '60.34', 'epoch': '8'}
{'train_runtime': '211.6', 'train_samples_per_second': '91.58', 'train_steps_per_second': '2.874', 'train_loss': '0.06211', 'epoch': '8'}
Fold F1: 0.9595505617977528
Точность определения арабских заимств.: {'accuracy': 0.9632183908045977, 'precision': 0.7540983606557377, 'recall': 0.9787234042553191, 'f1': 0.8518518518518519}
Точность определения китайских заимств.: {'accuracy': 0.9598494353826851, 'precision': 0.3877551020408163, 'recall': 0.9047619047619048, 'f1': 0.5428571428571428}
Точность определения английских заимств.: {'accuracy': 0.9766536964980544, 'precision': 0.9443413729128015, 'recall': 1.0, 'f1': 0.9713740458015268}
Точность определения французских заимств.: {'accuracy': 0.9738717339667459, 'precision': 0.9675324675324676, 'recall': 0.9845814977973568, 'f1': 0.9759825327510917}
Точность определения немецких заимств.: {'accuracy': 0.9637404580152672, 'precision': 0.8979591836734694, 'recall': 0.9705882352941176, 'f1': 0.9328621908127208}
Точность определения итальянских заимтсв.: {'accuracy': 0.9664218258132214, 'precision': 0.8536585365853658, 'recall': 0.9887005649717514, 'f1': 0.9162303664921466}
Точность определения японских заимств.: {'accuracy': 0.9640449438202248, 'precision': 0.7887323943661971, 'recall': 0.9824561403508771, 'f1': 0.875}
Точность определения польских заимств.: {'accuracy': 0.9519230769230769, 'precision': 0.6052631578947368, 'recall': 0.8214285714285714, 'f1': 0.696969696969697}

===== Fold 4 =====
{'loss': '0.4311', 'grad_norm': '1.266', 'learning_rate': '1.97e-05', 'epoch': '0.1316'}
{'loss': '0.3138', 'grad_norm': '2.303', 'learning_rate': '1.937e-05', 'epoch': '0.2632'}
{'loss': '0.2248', 'grad_norm': '8.102', 'learning_rate': '1.905e-05', 'epoch': '0.3947'}
{'loss': '0.1855', 'grad_norm': '2.354', 'learning_rate': '1.872e-05', 'epoch': '0.5263'}
{'loss': '0.1596', 'grad_norm': '5.28', 'learning_rate': '1.839e-05', 'epoch': '0.6579'}
{'loss': '0.1868', 'grad_norm': '4.513', 'learning_rate': '1.806e-05', 'epoch': '0.7895'}
{'loss': '0.1279', 'grad_norm': '5.788', 'learning_rate': '1.773e-05', 'epoch': '0.9211'}
{'eval_loss': '0.1621', 'eval_accuracy': '0.9306', 'eval_precision': '0.934', 'eval_recall': '0.9756', 'eval_f1': '0.9543', 'eval_runtime': '0.1662', 'eval_samples_per_second': '3640', 'eval_steps_per_second': '60.16', 'epoch': '1'}
{'loss': '0.1537', 'grad_norm': '6.202', 'learning_rate': '1.74e-05', 'epoch': '1.053'}
{'loss': '0.1161', 'grad_norm': '5.128', 'learning_rate': '1.707e-05', 'epoch': '1.184'}
{'loss': '0.09104', 'grad_norm': '6.32', 'learning_rate': '1.674e-05', 'epoch': '1.316'}
{'loss': '0.1198', 'grad_norm': '6.903', 'learning_rate': '1.641e-05', 'epoch': '1.447'}
{'loss': '0.03945', 'grad_norm': '0.5701', 'learning_rate': '1.609e-05', 'epoch': '1.579'}
{'loss': '0.1279', 'grad_norm': '0.4543', 'learning_rate': '1.576e-05', 'epoch': '1.711'}
{'loss': '0.1073', 'grad_norm': '6.223', 'learning_rate': '1.543e-05', 'epoch': '1.842'}
{'loss': '0.07421', 'grad_norm': '11.24', 'learning_rate': '1.51e-05', 'epoch': '1.974'}
{'eval_loss': '0.1814', 'eval_accuracy': '0.9388', 'eval_precision': '0.9661', 'eval_recall': '0.9511', 'eval_f1': '0.9586', 'eval_runtime': '0.1658', 'eval_samples_per_second': '3648', 'eval_steps_per_second': '60.3', 'epoch': '2'}
{'loss': '0.04342', 'grad_norm': '0.9787', 'learning_rate': '1.477e-05', 'epoch': '2.105'}
{'loss': '0.05128', 'grad_norm': '7.55', 'learning_rate': '1.444e-05', 'epoch': '2.237'}
{'loss': '0.0237', 'grad_norm': '0.4394', 'learning_rate': '1.411e-05', 'epoch': '2.368'}
{'loss': '0.07095', 'grad_norm': '0.1849', 'learning_rate': '1.378e-05', 'epoch': '2.5'}
{'loss': '0.1089', 'grad_norm': '25.27', 'learning_rate': '1.345e-05', 'epoch': '2.632'}
{'loss': '0.07045', 'grad_norm': '24.43', 'learning_rate': '1.313e-05', 'epoch': '2.763'}
{'loss': '0.06865', 'grad_norm': '3.631', 'learning_rate': '1.28e-05', 'epoch': '2.895'}
{'eval_loss': '0.2164', 'eval_accuracy': '0.9405', 'eval_precision': '0.958', 'eval_recall': '0.9622', 'eval_f1': '0.9601', 'eval_runtime': '0.1663', 'eval_samples_per_second': '3638', 'eval_steps_per_second': '60.12', 'epoch': '3'}
{'loss': '0.076', 'grad_norm': '13.61', 'learning_rate': '1.247e-05', 'epoch': '3.026'}
{'loss': '0.03154', 'grad_norm': '0.2501', 'learning_rate': '1.214e-05', 'epoch': '3.158'}
{'loss': '0.04031', 'grad_norm': '0.119', 'learning_rate': '1.181e-05', 'epoch': '3.289'}
{'loss': '0.0255', 'grad_norm': '1.082', 'learning_rate': '1.148e-05', 'epoch': '3.421'}
{'loss': '0.04058', 'grad_norm': '0.1817', 'learning_rate': '1.115e-05', 'epoch': '3.553'}
{'loss': '0.02154', 'grad_norm': '15.26', 'learning_rate': '1.082e-05', 'epoch': '3.684'}
{'loss': '0.0378', 'grad_norm': '40.95', 'learning_rate': '1.049e-05', 'epoch': '3.816'}
{'loss': '0.07256', 'grad_norm': '22.3', 'learning_rate': '1.016e-05', 'epoch': '3.947'}
{'eval_loss': '0.2491', 'eval_accuracy': '0.9438', 'eval_precision': '0.9622', 'eval_recall': '0.9622', 'eval_f1': '0.9622', 'eval_runtime': '0.1655', 'eval_samples_per_second': '3655', 'eval_steps_per_second': '60.41', 'epoch': '4'}
{'loss': '0.03945', 'grad_norm': '0.1916', 'learning_rate': '9.836e-06', 'epoch': '4.079'}
{'loss': '0.02961', 'grad_norm': '0.1748', 'learning_rate': '9.507e-06', 'epoch': '4.211'}
{'loss': '0.009956', 'grad_norm': '0.04083', 'learning_rate': '9.178e-06', 'epoch': '4.342'}
{'loss': '0.02645', 'grad_norm': '4.364', 'learning_rate': '8.849e-06', 'epoch': '4.474'}
{'loss': '0.01', 'grad_norm': '0.06809', 'learning_rate': '8.52e-06', 'epoch': '4.605'}
{'loss': '0.01863', 'grad_norm': '0.03594', 'learning_rate': '8.191e-06', 'epoch': '4.737'}
{'loss': '0.01832', 'grad_norm': '0.0323', 'learning_rate': '7.862e-06', 'epoch': '4.868'}
{'loss': '0.02655', 'grad_norm': '79.39', 'learning_rate': '7.533e-06', 'epoch': '5'}
{'eval_loss': '0.247', 'eval_accuracy': '0.9455', 'eval_precision': '0.9793', 'eval_recall': '0.9467', 'eval_f1': '0.9627', 'eval_runtime': '0.1646', 'eval_samples_per_second': '3676', 'eval_steps_per_second': '60.76', 'epoch': '5'}
{'loss': '0.02467', 'grad_norm': '1.753', 'learning_rate': '7.204e-06', 'epoch': '5.132'}
{'loss': '0.01431', 'grad_norm': '0.1677', 'learning_rate': '6.875e-06', 'epoch': '5.263'}
{'loss': '0.01093', 'grad_norm': '0.03928', 'learning_rate': '6.546e-06', 'epoch': '5.395'}
{'loss': '0.003958', 'grad_norm': '0.02668', 'learning_rate': '6.217e-06', 'epoch': '5.526'}
{'loss': '0.008024', 'grad_norm': '17.65', 'learning_rate': '5.888e-06', 'epoch': '5.658'}
{'loss': '0.01589', 'grad_norm': '0.3407', 'learning_rate': '5.559e-06', 'epoch': '5.789'}
{'loss': '0.02495', 'grad_norm': '0.08248', 'learning_rate': '5.23e-06', 'epoch': '5.921'}
{'eval_loss': '0.2598', 'eval_accuracy': '0.9521', 'eval_precision': '0.9795', 'eval_recall': '0.9556', 'eval_f1': '0.9674', 'eval_runtime': '0.166', 'eval_samples_per_second': '3644', 'eval_steps_per_second': '60.23', 'epoch': '6'}
{'loss': '0.003017', 'grad_norm': '0.02215', 'learning_rate': '4.901e-06', 'epoch': '6.053'}
{'loss': '0.008077', 'grad_norm': '12.92', 'learning_rate': '4.572e-06', 'epoch': '6.184'}
{'loss': '0.007864', 'grad_norm': '2.067', 'learning_rate': '4.243e-06', 'epoch': '6.316'}
{'loss': '0.03429', 'grad_norm': '0.09682', 'learning_rate': '3.914e-06', 'epoch': '6.447'}
{'loss': '0.009333', 'grad_norm': '0.03086', 'learning_rate': '3.586e-06', 'epoch': '6.579'}
{'loss': '0.01203', 'grad_norm': '0.02481', 'learning_rate': '3.257e-06', 'epoch': '6.711'}
{'loss': '0.001013', 'grad_norm': '0.0415', 'learning_rate': '2.928e-06', 'epoch': '6.842'}
{'loss': '0.008636', 'grad_norm': '0.02039', 'learning_rate': '2.599e-06', 'epoch': '6.974'}
{'eval_loss': '0.2657', 'eval_accuracy': '0.9504', 'eval_precision': '0.9709', 'eval_recall': '0.9622', 'eval_f1': '0.9665', 'eval_runtime': '0.1649', 'eval_samples_per_second': '3669', 'eval_steps_per_second': '60.65', 'epoch': '7'}
{'loss': '0.01248', 'grad_norm': '0.01428', 'learning_rate': '2.27e-06', 'epoch': '7.105'}
{'loss': '0.01342', 'grad_norm': '0.01335', 'learning_rate': '1.941e-06', 'epoch': '7.237'}
{'loss': '0.008262', 'grad_norm': '2.961', 'learning_rate': '1.612e-06', 'epoch': '7.368'}
{'loss': '0.01362', 'grad_norm': '5.634', 'learning_rate': '1.283e-06', 'epoch': '7.5'}
{'loss': '0.02451', 'grad_norm': '0.01949', 'learning_rate': '9.539e-07', 'epoch': '7.632'}
{'loss': '0.001594', 'grad_norm': '0.01602', 'learning_rate': '6.25e-07', 'epoch': '7.763'}
{'loss': '0.0008741', 'grad_norm': '0.01443', 'learning_rate': '2.961e-07', 'epoch': '7.895'}
{'eval_loss': '0.2746', 'eval_accuracy': '0.9504', 'eval_precision': '0.9667', 'eval_recall': '0.9667', 'eval_f1': '0.9667', 'eval_runtime': '0.1664', 'eval_samples_per_second': '3635', 'eval_steps_per_second': '60.09', 'epoch': '8'}
{'train_runtime': '216.5', 'train_samples_per_second': '89.48', 'train_steps_per_second': '2.808', 'train_loss': '0.06059', 'epoch': '8'}
Fold F1: 0.9543478260869566
Точность определения арабских заимств.: {'accuracy': 0.906896551724138, 'precision': 0.5389221556886228, 'recall': 0.9574468085106383, 'f1': 0.6896551724137931}
Точность определения китайских заимств.: {'accuracy': 0.903387703889586, 'precision': 0.21428571428571427, 'recall': 1.0, 'f1': 0.35294117647058826}
Точность определения английских заимств.: {'accuracy': 0.935408560311284, 'precision': 0.8672413793103448, 'recall': 0.9882121807465619, 'f1': 0.9237832874196511}
Точность определения французских заимств.: {'accuracy': 0.9477434679334917, 'precision': 0.9209445585215605, 'recall': 0.987885462555066, 'f1': 0.953241232731137}
Точность определения немецких заимств.: {'accuracy': 0.9198473282442748, 'precision': 0.7748538011695907, 'recall': 0.9742647058823529, 'f1': 0.8631921824104235}
Точность определения итальянских заимтсв.: {'accuracy': 0.9160545645330536, 'precision': 0.6932270916334662, 'recall': 0.9830508474576272, 'f1': 0.8130841121495327}
Точность определения японских заимств.: {'accuracy': 0.9101123595505618, 'precision': 0.5904255319148937, 'recall': 0.9736842105263158, 'f1': 0.7350993377483444}
Точность определения польских заимств.: {'accuracy': 0.8930288461538461, 'precision': 0.36363636363636365, 'recall': 0.7857142857142857, 'f1': 0.4971751412429379}

===== Fold 5 =====
{'loss': '0.431', 'grad_norm': '1.411', 'learning_rate': '1.97e-05', 'epoch': '0.1316'}
{'loss': '0.293', 'grad_norm': '2.507', 'learning_rate': '1.937e-05', 'epoch': '0.2632'}
{'loss': '0.2193', 'grad_norm': '10.36', 'learning_rate': '1.905e-05', 'epoch': '0.3947'}
{'loss': '0.2116', 'grad_norm': '3.427', 'learning_rate': '1.872e-05', 'epoch': '0.5263'}
{'loss': '0.1878', 'grad_norm': '7.35', 'learning_rate': '1.839e-05', 'epoch': '0.6579'}
{'loss': '0.1665', 'grad_norm': '10.71', 'learning_rate': '1.806e-05', 'epoch': '0.7895'}
{'loss': '0.1593', 'grad_norm': '6.642', 'learning_rate': '1.773e-05', 'epoch': '0.9211'}
{'eval_loss': '0.1518', 'eval_accuracy': '0.9421', 'eval_precision': '0.9814', 'eval_recall': '0.94', 'eval_f1': '0.9603', 'eval_runtime': '0.1662', 'eval_samples_per_second': '3641', 'eval_steps_per_second': '60.18', 'epoch': '1'}
{'loss': '0.1895', 'grad_norm': '11.14', 'learning_rate': '1.74e-05', 'epoch': '1.053'}
{'loss': '0.09154', 'grad_norm': '15.09', 'learning_rate': '1.707e-05', 'epoch': '1.184'}
{'loss': '0.1005', 'grad_norm': '10.9', 'learning_rate': '1.674e-05', 'epoch': '1.316'}
{'loss': '0.07705', 'grad_norm': '8.045', 'learning_rate': '1.641e-05', 'epoch': '1.447'}
{'loss': '0.09146', 'grad_norm': '4.345', 'learning_rate': '1.609e-05', 'epoch': '1.579'}
{'loss': '0.1268', 'grad_norm': '13.57', 'learning_rate': '1.576e-05', 'epoch': '1.711'}
{'loss': '0.09688', 'grad_norm': '9.55', 'learning_rate': '1.543e-05', 'epoch': '1.842'}
{'loss': '0.04568', 'grad_norm': '3.449', 'learning_rate': '1.51e-05', 'epoch': '1.974'}
{'eval_loss': '0.1447', 'eval_accuracy': '0.9603', 'eval_precision': '0.9754', 'eval_recall': '0.9711', 'eval_f1': '0.9733', 'eval_runtime': '0.1664', 'eval_samples_per_second': '3635', 'eval_steps_per_second': '60.09', 'epoch': '2'}
{'loss': '0.05801', 'grad_norm': '11.7', 'learning_rate': '1.477e-05', 'epoch': '2.105'}
{'loss': '0.06721', 'grad_norm': '14.6', 'learning_rate': '1.444e-05', 'epoch': '2.237'}
{'loss': '0.06527', 'grad_norm': '5.557', 'learning_rate': '1.411e-05', 'epoch': '2.368'}
{'loss': '0.1226', 'grad_norm': '8.012', 'learning_rate': '1.378e-05', 'epoch': '2.5'}
{'loss': '0.04668', 'grad_norm': '7.069', 'learning_rate': '1.345e-05', 'epoch': '2.632'}
{'loss': '0.08587', 'grad_norm': '7.002', 'learning_rate': '1.313e-05', 'epoch': '2.763'}
{'loss': '0.03709', 'grad_norm': '4.516', 'learning_rate': '1.28e-05', 'epoch': '2.895'}
{'eval_loss': '0.1382', 'eval_accuracy': '0.962', 'eval_precision': '0.9886', 'eval_recall': '0.96', 'eval_f1': '0.9741', 'eval_runtime': '0.1665', 'eval_samples_per_second': '3634', 'eval_steps_per_second': '60.07', 'epoch': '3'}
{'loss': '0.1008', 'grad_norm': '0.07563', 'learning_rate': '1.247e-05', 'epoch': '3.026'}
{'loss': '0.02615', 'grad_norm': '7.773', 'learning_rate': '1.214e-05', 'epoch': '3.158'}
{'loss': '0.01555', 'grad_norm': '1.015', 'learning_rate': '1.181e-05', 'epoch': '3.289'}
{'loss': '0.04287', 'grad_norm': '0.8321', 'learning_rate': '1.148e-05', 'epoch': '3.421'}
{'loss': '0.06646', 'grad_norm': '1.158', 'learning_rate': '1.115e-05', 'epoch': '3.553'}
{'loss': '0.04882', 'grad_norm': '0.1484', 'learning_rate': '1.082e-05', 'epoch': '3.684'}
{'loss': '0.02855', 'grad_norm': '5.5', 'learning_rate': '1.049e-05', 'epoch': '3.816'}
{'loss': '0.04199', 'grad_norm': '0.06903', 'learning_rate': '1.016e-05', 'epoch': '3.947'}
{'eval_loss': '0.1575', 'eval_accuracy': '0.9653', 'eval_precision': '0.982', 'eval_recall': '0.9711', 'eval_f1': '0.9765', 'eval_runtime': '0.1663', 'eval_samples_per_second': '3639', 'eval_steps_per_second': '60.15', 'epoch': '4'}
{'loss': '0.02735', 'grad_norm': '0.1285', 'learning_rate': '9.836e-06', 'epoch': '4.079'}
{'loss': '0.03427', 'grad_norm': '1.538', 'learning_rate': '9.507e-06', 'epoch': '4.211'}
{'loss': '0.05594', 'grad_norm': '1.472', 'learning_rate': '9.178e-06', 'epoch': '4.342'}
{'loss': '0.01645', 'grad_norm': '0.255', 'learning_rate': '8.849e-06', 'epoch': '4.474'}
{'loss': '0.02737', 'grad_norm': '6.753', 'learning_rate': '8.52e-06', 'epoch': '4.605'}
{'loss': '0.01953', 'grad_norm': '9.649', 'learning_rate': '8.191e-06', 'epoch': '4.737'}
{'loss': '0.02368', 'grad_norm': '0.4117', 'learning_rate': '7.862e-06', 'epoch': '4.868'}
{'loss': '0.02192', 'grad_norm': '18.88', 'learning_rate': '7.533e-06', 'epoch': '5'}
{'eval_loss': '0.1799', 'eval_accuracy': '0.9686', 'eval_precision': '0.9778', 'eval_recall': '0.98', 'eval_f1': '0.9789', 'eval_runtime': '0.1643', 'eval_samples_per_second': '3683', 'eval_steps_per_second': '60.88', 'epoch': '5'}
{'loss': '0.01778', 'grad_norm': '6.16', 'learning_rate': '7.204e-06', 'epoch': '5.132'}
{'loss': '0.03388', 'grad_norm': '7.751', 'learning_rate': '6.875e-06', 'epoch': '5.263'}
{'loss': '0.03825', 'grad_norm': '0.01955', 'learning_rate': '6.546e-06', 'epoch': '5.395'}
{'loss': '0.01537', 'grad_norm': '0.03084', 'learning_rate': '6.217e-06', 'epoch': '5.526'}
{'loss': '0.007568', 'grad_norm': '11.81', 'learning_rate': '5.888e-06', 'epoch': '5.658'}
{'loss': '0.01231', 'grad_norm': '1.286', 'learning_rate': '5.559e-06', 'epoch': '5.789'}
{'loss': '0.001166', 'grad_norm': '0.2207', 'learning_rate': '5.23e-06', 'epoch': '5.921'}
{'eval_loss': '0.1881', 'eval_accuracy': '0.9636', 'eval_precision': '0.9842', 'eval_recall': '0.9667', 'eval_f1': '0.9753', 'eval_runtime': '0.1659', 'eval_samples_per_second': '3647', 'eval_steps_per_second': '60.28', 'epoch': '6'}
{'loss': '0.004712', 'grad_norm': '0.8181', 'learning_rate': '4.901e-06', 'epoch': '6.053'}
{'loss': '0.001378', 'grad_norm': '0.03662', 'learning_rate': '4.572e-06', 'epoch': '6.184'}
{'loss': '0.001085', 'grad_norm': '0.02232', 'learning_rate': '4.243e-06', 'epoch': '6.316'}
{'loss': '0.003755', 'grad_norm': '0.01325', 'learning_rate': '3.914e-06', 'epoch': '6.447'}
{'loss': '0.001008', 'grad_norm': '0.01289', 'learning_rate': '3.586e-06', 'epoch': '6.579'}
{'loss': '0.004768', 'grad_norm': '0.01951', 'learning_rate': '3.257e-06', 'epoch': '6.711'}
{'loss': '0.005467', 'grad_norm': '0.0517', 'learning_rate': '2.928e-06', 'epoch': '6.842'}
{'loss': '0.004565', 'grad_norm': '0.01432', 'learning_rate': '2.599e-06', 'epoch': '6.974'}
{'eval_loss': '0.211', 'eval_accuracy': '0.962', 'eval_precision': '0.9841', 'eval_recall': '0.9644', 'eval_f1': '0.9742', 'eval_runtime': '0.1658', 'eval_samples_per_second': '3648', 'eval_steps_per_second': '60.3', 'epoch': '7'}
{'loss': '0.000694', 'grad_norm': '0.01663', 'learning_rate': '2.27e-06', 'epoch': '7.105'}
{'loss': '0.01716', 'grad_norm': '0.01139', 'learning_rate': '1.941e-06', 'epoch': '7.237'}
{'loss': '0.002392', 'grad_norm': '0.01272', 'learning_rate': '1.612e-06', 'epoch': '7.368'}
{'loss': '0.006199', 'grad_norm': '0.02753', 'learning_rate': '1.283e-06', 'epoch': '7.5'}
{'loss': '0.005361', 'grad_norm': '0.01177', 'learning_rate': '9.539e-07', 'epoch': '7.632'}
{'loss': '0.0006405', 'grad_norm': '0.01507', 'learning_rate': '6.25e-07', 'epoch': '7.763'}
{'loss': '0.03253', 'grad_norm': '0.01379', 'learning_rate': '2.961e-07', 'epoch': '7.895'}
{'eval_loss': '0.2091', 'eval_accuracy': '0.9636', 'eval_precision': '0.9842', 'eval_recall': '0.9667', 'eval_f1': '0.9753', 'eval_runtime': '0.1655', 'eval_samples_per_second': '3656', 'eval_steps_per_second': '60.44', 'epoch': '8'}
{'train_runtime': '212.6', 'train_samples_per_second': '91.15', 'train_steps_per_second': '2.86', 'train_loss': '0.0623', 'epoch': '8'}
Fold F1: 0.9740698985343855
Точность определения арабских заимств.: {'accuracy': 0.9850574712643678, 'precision': 0.8932038834951457, 'recall': 0.9787234042553191, 'f1': 0.934010152284264}
Точность определения китайских заимств.: {'accuracy': 0.9836888331242158, 'precision': 0.6333333333333333, 'recall': 0.9047619047619048, 'f1': 0.7450980392156863}
Точность определения английских заимств.: {'accuracy': 0.9906614785992218, 'precision': 0.9788053949903661, 'recall': 0.9980353634577603, 'f1': 0.9883268482490273}
Точность определения французских заимств.: {'accuracy': 0.9887173396674585, 'precision': 0.9879253567508233, 'recall': 0.9911894273127754, 'f1': 0.9895547003848268}
Точность определения немецких заимств.: {'accuracy': 0.9856870229007634, 'precision': 0.9605734767025089, 'recall': 0.9852941176470589, 'f1': 0.9727767695099818}
Точность определения итальянских заимтсв.: {'accuracy': 0.9842602308499475, 'precision': 0.9402173913043478, 'recall': 0.9774011299435028, 'f1': 0.9584487534626038}
Точность определения японских заимств.: {'accuracy': 0.9865168539325843, 'precision': 0.9112903225806451, 'recall': 0.9912280701754386, 'f1': 0.9495798319327731}
Точность определения польских заимств.: {'accuracy': 0.9771634615384616, 'precision': 0.8135593220338984, 'recall': 0.8571428571428571, 'f1': 0.8347826086956521}

===== FINAL RESULT =====
Mean F1: 0.9622228646880776
Std F1: 0.0072841383862701165
