GPU 0: NVIDIA A100-PCIE-40GB (UUID: GPU-652be242-d142-eda7-b6ce-e948951500e2)
nvcc: NVIDIA (R) Cuda compiler driver
Copyright (c) 2005-2022 NVIDIA Corporation
Built on Wed_Jun__8_16:49:14_PDT_2022
Cuda compilation tools, release 11.7, V11.7.99
Build cuda_11.7.r11.7/compiler.31442593_0
Python 3.10.20

===== Fold 1 =====
{'loss': '0.6093', 'grad_norm': '44.72', 'learning_rate': '1.97e-05', 'epoch': '0.1316'}
{'loss': '0.5786', 'grad_norm': '30.82', 'learning_rate': '1.937e-05', 'epoch': '0.2632'}
{'loss': '0.5722', 'grad_norm': '35.89', 'learning_rate': '1.905e-05', 'epoch': '0.3947'}
{'loss': '0.5855', 'grad_norm': '47.86', 'learning_rate': '1.872e-05', 'epoch': '0.5263'}
{'loss': '0.5989', 'grad_norm': '51.94', 'learning_rate': '1.839e-05', 'epoch': '0.6579'}
{'loss': '0.5793', 'grad_norm': '37.06', 'learning_rate': '1.806e-05', 'epoch': '0.7895'}
{'loss': '0.5706', 'grad_norm': '30.73', 'learning_rate': '1.773e-05', 'epoch': '0.9211'}
{'eval_loss': '0.5546', 'eval_accuracy': '0.7426', 'eval_precision': '0.7426', 'eval_recall': '1', 'eval_f1': '0.8523', 'eval_runtime': '0.5643', 'eval_samples_per_second': '1074', 'eval_steps_per_second': '17.72', 'epoch': '1'}
{'loss': '0.5958', 'grad_norm': '24.06', 'learning_rate': '1.74e-05', 'epoch': '1.053'}
{'loss': '0.5484', 'grad_norm': '32.92', 'learning_rate': '1.707e-05', 'epoch': '1.184'}
{'loss': '0.5564', 'grad_norm': '23.46', 'learning_rate': '1.674e-05', 'epoch': '1.316'}
{'loss': '0.5919', 'grad_norm': '52.61', 'learning_rate': '1.641e-05', 'epoch': '1.447'}
{'loss': '0.5813', 'grad_norm': '29.57', 'learning_rate': '1.609e-05', 'epoch': '1.579'}
{'loss': '0.5514', 'grad_norm': '34.89', 'learning_rate': '1.576e-05', 'epoch': '1.711'}
{'loss': '0.5492', 'grad_norm': '38.61', 'learning_rate': '1.543e-05', 'epoch': '1.842'}
{'loss': '0.5262', 'grad_norm': '82.64', 'learning_rate': '1.51e-05', 'epoch': '1.974'}
{'eval_loss': '0.5466', 'eval_accuracy': '0.7426', 'eval_precision': '0.7426', 'eval_recall': '1', 'eval_f1': '0.8523', 'eval_runtime': '0.5405', 'eval_samples_per_second': '1121', 'eval_steps_per_second': '18.5', 'epoch': '2'}
{'loss': '0.5587', 'grad_norm': '77.65', 'learning_rate': '1.477e-05', 'epoch': '2.105'}
{'loss': '0.5551', 'grad_norm': '26.75', 'learning_rate': '1.444e-05', 'epoch': '2.237'}
{'loss': '0.5367', 'grad_norm': '41.41', 'learning_rate': '1.411e-05', 'epoch': '2.368'}
{'loss': '0.5699', 'grad_norm': '39.05', 'learning_rate': '1.378e-05', 'epoch': '2.5'}
{'loss': '0.563', 'grad_norm': '28.86', 'learning_rate': '1.345e-05', 'epoch': '2.632'}
{'loss': '0.5884', 'grad_norm': '55.16', 'learning_rate': '1.313e-05', 'epoch': '2.763'}
{'loss': '0.5556', 'grad_norm': '42.32', 'learning_rate': '1.28e-05', 'epoch': '2.895'}
{'eval_loss': '0.5406', 'eval_accuracy': '0.7426', 'eval_precision': '0.7426', 'eval_recall': '1', 'eval_f1': '0.8523', 'eval_runtime': '0.5406', 'eval_samples_per_second': '1121', 'eval_steps_per_second': '18.5', 'epoch': '3'}
{'loss': '0.5485', 'grad_norm': '26.11', 'learning_rate': '1.247e-05', 'epoch': '3.026'}
{'loss': '0.5416', 'grad_norm': '60.62', 'learning_rate': '1.214e-05', 'epoch': '3.158'}
{'loss': '0.5655', 'grad_norm': '67.62', 'learning_rate': '1.181e-05', 'epoch': '3.289'}
{'loss': '0.5925', 'grad_norm': '21.14', 'learning_rate': '1.148e-05', 'epoch': '3.421'}
{'loss': '0.5328', 'grad_norm': '43.17', 'learning_rate': '1.115e-05', 'epoch': '3.553'}
{'loss': '0.5516', 'grad_norm': '63.54', 'learning_rate': '1.082e-05', 'epoch': '3.684'}
{'loss': '0.576', 'grad_norm': '48.87', 'learning_rate': '1.049e-05', 'epoch': '3.816'}
{'loss': '0.5459', 'grad_norm': '95.92', 'learning_rate': '1.016e-05', 'epoch': '3.947'}
{'eval_loss': '0.532', 'eval_accuracy': '0.7426', 'eval_precision': '0.7426', 'eval_recall': '1', 'eval_f1': '0.8523', 'eval_runtime': '0.5388', 'eval_samples_per_second': '1125', 'eval_steps_per_second': '18.56', 'epoch': '4'}
{'loss': '0.5684', 'grad_norm': '16.88', 'learning_rate': '9.836e-06', 'epoch': '4.079'}
{'loss': '0.5316', 'grad_norm': '53.62', 'learning_rate': '9.507e-06', 'epoch': '4.211'}
{'loss': '0.5328', 'grad_norm': '45.83', 'learning_rate': '9.178e-06', 'epoch': '4.342'}
{'loss': '0.5297', 'grad_norm': '249.1', 'learning_rate': '8.849e-06', 'epoch': '4.474'}
{'loss': '0.5129', 'grad_norm': '68.9', 'learning_rate': '8.52e-06', 'epoch': '4.605'}
{'loss': '0.5976', 'grad_norm': '24.79', 'learning_rate': '8.191e-06', 'epoch': '4.737'}
{'loss': '0.54', 'grad_norm': '31.32', 'learning_rate': '7.862e-06', 'epoch': '4.868'}
{'loss': '0.5948', 'grad_norm': '94.26', 'learning_rate': '7.533e-06', 'epoch': '5'}
{'eval_loss': '0.5258', 'eval_accuracy': '0.7426', 'eval_precision': '0.7426', 'eval_recall': '1', 'eval_f1': '0.8523', 'eval_runtime': '0.5266', 'eval_samples_per_second': '1151', 'eval_steps_per_second': '18.99', 'epoch': '5'}
{'loss': '0.6056', 'grad_norm': '71.29', 'learning_rate': '7.204e-06', 'epoch': '5.132'}
{'loss': '0.53', 'grad_norm': '21.66', 'learning_rate': '6.875e-06', 'epoch': '5.263'}
{'loss': '0.5409', 'grad_norm': '111.4', 'learning_rate': '6.546e-06', 'epoch': '5.395'}
{'loss': '0.5314', 'grad_norm': '42.76', 'learning_rate': '6.217e-06', 'epoch': '5.526'}
{'loss': '0.5313', 'grad_norm': '13.44', 'learning_rate': '5.888e-06', 'epoch': '5.658'}
{'loss': '0.5436', 'grad_norm': '95.07', 'learning_rate': '5.559e-06', 'epoch': '5.789'}
{'loss': '0.5279', 'grad_norm': '61.32', 'learning_rate': '5.23e-06', 'epoch': '5.921'}
{'eval_loss': '0.518', 'eval_accuracy': '0.7426', 'eval_precision': '0.7426', 'eval_recall': '1', 'eval_f1': '0.8523', 'eval_runtime': '0.5398', 'eval_samples_per_second': '1123', 'eval_steps_per_second': '18.53', 'epoch': '6'}
{'loss': '0.5239', 'grad_norm': '34.48', 'learning_rate': '4.901e-06', 'epoch': '6.053'}
{'loss': '0.5515', 'grad_norm': '55.65', 'learning_rate': '4.572e-06', 'epoch': '6.184'}
{'loss': '0.5003', 'grad_norm': '30.58', 'learning_rate': '4.243e-06', 'epoch': '6.316'}
{'loss': '0.551', 'grad_norm': '349', 'learning_rate': '3.914e-06', 'epoch': '6.447'}
{'loss': '0.5428', 'grad_norm': '58.42', 'learning_rate': '3.586e-06', 'epoch': '6.579'}
{'loss': '0.5036', 'grad_norm': '151', 'learning_rate': '3.257e-06', 'epoch': '6.711'}
{'loss': '0.5395', 'grad_norm': '27.51', 'learning_rate': '2.928e-06', 'epoch': '6.842'}
{'loss': '0.5759', 'grad_norm': '35.39', 'learning_rate': '2.599e-06', 'epoch': '6.974'}
{'eval_loss': '0.514', 'eval_accuracy': '0.7442', 'eval_precision': '0.7438', 'eval_recall': '1', 'eval_f1': '0.8531', 'eval_runtime': '0.5387', 'eval_samples_per_second': '1125', 'eval_steps_per_second': '18.56', 'epoch': '7'}
{'loss': '0.5652', 'grad_norm': '56.76', 'learning_rate': '2.27e-06', 'epoch': '7.105'}
{'loss': '0.5494', 'grad_norm': '51.71', 'learning_rate': '1.941e-06', 'epoch': '7.237'}
{'loss': '0.5388', 'grad_norm': '91.01', 'learning_rate': '1.612e-06', 'epoch': '7.368'}
{'loss': '0.5348', 'grad_norm': '44.18', 'learning_rate': '1.283e-06', 'epoch': '7.5'}
{'loss': '0.4947', 'grad_norm': '33.63', 'learning_rate': '9.539e-07', 'epoch': '7.632'}
{'loss': '0.5403', 'grad_norm': '57.21', 'learning_rate': '6.25e-07', 'epoch': '7.763'}
{'loss': '0.5281', 'grad_norm': '45.46', 'learning_rate': '2.961e-07', 'epoch': '7.895'}
{'eval_loss': '0.5128', 'eval_accuracy': '0.7426', 'eval_precision': '0.7434', 'eval_recall': '0.9978', 'eval_f1': '0.852', 'eval_runtime': '0.5385', 'eval_samples_per_second': '1125', 'eval_steps_per_second': '18.57', 'epoch': '8'}
{'train_runtime': '377.2', 'train_samples_per_second': '51.34', 'train_steps_per_second': '1.612', 'train_loss': '0.5539', 'epoch': '8'}
[{'loss': 0.6093144416809082, 'grad_norm': 44.718814849853516, 'learning_rate': 1.9703947368421054e-05, 'epoch': 0.13157894736842105, 'step': 10}, {'loss': 0.5786016941070556, 'grad_norm': 30.823795318603516, 'learning_rate': 1.9375e-05, 'epoch': 0.2631578947368421, 'step': 20}, {'loss': 0.5722443580627441, 'grad_norm': 35.885765075683594, 'learning_rate': 1.904605263157895e-05, 'epoch': 0.39473684210526316, 'step': 30}, {'loss': 0.5854662418365478, 'grad_norm': 47.85847854614258, 'learning_rate': 1.8717105263157895e-05, 'epoch': 0.5263157894736842, 'step': 40}, {'loss': 0.5989491939544678, 'grad_norm': 51.941139221191406, 'learning_rate': 1.8388157894736844e-05, 'epoch': 0.6578947368421053, 'step': 50}, {'loss': 0.5792959690093994, 'grad_norm': 37.05706024169922, 'learning_rate': 1.8059210526315793e-05, 'epoch': 0.7894736842105263, 'step': 60}, {'loss': 0.5705949306488037, 'grad_norm': 30.73420524597168, 'learning_rate': 1.7730263157894738e-05, 'epoch': 0.9210526315789473, 'step': 70}, {'eval_loss': 0.5545514822006226, 'eval_accuracy': 0.7425742574257426, 'eval_precision': 0.7425742574257426, 'eval_recall': 1.0, 'eval_f1': 0.8522727272727273, 'eval_runtime': 0.5643, 'eval_samples_per_second': 1073.949, 'eval_steps_per_second': 17.722, 'epoch': 1.0, 'step': 76}, {'loss': 0.5958076477050781, 'grad_norm': 24.061952590942383, 'learning_rate': 1.7401315789473684e-05, 'epoch': 1.0526315789473684, 'step': 80}, {'loss': 0.5483713150024414, 'grad_norm': 32.924072265625, 'learning_rate': 1.7072368421052633e-05, 'epoch': 1.1842105263157894, 'step': 90}, {'loss': 0.5563792228698731, 'grad_norm': 23.4606990814209, 'learning_rate': 1.6743421052631582e-05, 'epoch': 1.3157894736842106, 'step': 100}, {'loss': 0.5919431209564209, 'grad_norm': 52.61033630371094, 'learning_rate': 1.6414473684210527e-05, 'epoch': 1.4473684210526316, 'step': 110}, {'loss': 0.5812726974487304, 'grad_norm': 29.56756591796875, 'learning_rate': 1.6085526315789473e-05, 'epoch': 1.5789473684210527, 'step': 120}, {'loss': 0.5514159679412842, 'grad_norm': 34.89388656616211, 'learning_rate': 1.5756578947368422e-05, 'epoch': 1.7105263157894737, 'step': 130}, {'loss': 0.5491579055786133, 'grad_norm': 38.61456298828125, 'learning_rate': 1.542763157894737e-05, 'epoch': 1.8421052631578947, 'step': 140}, {'loss': 0.526238489151001, 'grad_norm': 82.63827514648438, 'learning_rate': 1.5098684210526318e-05, 'epoch': 1.973684210526316, 'step': 150}, {'eval_loss': 0.5466349720954895, 'eval_accuracy': 0.7425742574257426, 'eval_precision': 0.7425742574257426, 'eval_recall': 1.0, 'eval_f1': 0.8522727272727273, 'eval_runtime': 0.5405, 'eval_samples_per_second': 1121.089, 'eval_steps_per_second': 18.5, 'epoch': 2.0, 'step': 152}, {'loss': 0.5587022781372071, 'grad_norm': 77.64509582519531, 'learning_rate': 1.4769736842105264e-05, 'epoch': 2.1052631578947367, 'step': 160}, {'loss': 0.5551441192626954, 'grad_norm': 26.750892639160156, 'learning_rate': 1.4440789473684211e-05, 'epoch': 2.236842105263158, 'step': 170}, {'loss': 0.5367192268371582, 'grad_norm': 41.40802764892578, 'learning_rate': 1.4111842105263159e-05, 'epoch': 2.3684210526315788, 'step': 180}, {'loss': 0.5699403762817383, 'grad_norm': 39.052371978759766, 'learning_rate': 1.3782894736842108e-05, 'epoch': 2.5, 'step': 190}, {'loss': 0.5629978179931641, 'grad_norm': 28.8622989654541, 'learning_rate': 1.3453947368421055e-05, 'epoch': 2.6315789473684212, 'step': 200}, {'loss': 0.5884251594543457, 'grad_norm': 55.16240310668945, 'learning_rate': 1.3125e-05, 'epoch': 2.763157894736842, 'step': 210}, {'loss': 0.555582857131958, 'grad_norm': 42.31761932373047, 'learning_rate': 1.2796052631578948e-05, 'epoch': 2.8947368421052633, 'step': 220}, {'eval_loss': 0.5406491160392761, 'eval_accuracy': 0.7425742574257426, 'eval_precision': 0.7425742574257426, 'eval_recall': 1.0, 'eval_f1': 0.8522727272727273, 'eval_runtime': 0.5406, 'eval_samples_per_second': 1120.997, 'eval_steps_per_second': 18.498, 'epoch': 3.0, 'step': 228}, {'loss': 0.5485441207885742, 'grad_norm': 26.11015510559082, 'learning_rate': 1.2467105263157895e-05, 'epoch': 3.026315789473684, 'step': 230}, {'loss': 0.5415630340576172, 'grad_norm': 60.615882873535156, 'learning_rate': 1.2138157894736844e-05, 'epoch': 3.1578947368421053, 'step': 240}, {'loss': 0.5654537200927734, 'grad_norm': 67.6219482421875, 'learning_rate': 1.1809210526315791e-05, 'epoch': 3.2894736842105265, 'step': 250}, {'loss': 0.5925405025482178, 'grad_norm': 21.144268035888672, 'learning_rate': 1.1480263157894737e-05, 'epoch': 3.4210526315789473, 'step': 260}, {'loss': 0.5328114986419678, 'grad_norm': 43.17450714111328, 'learning_rate': 1.1151315789473684e-05, 'epoch': 3.5526315789473686, 'step': 270}, {'loss': 0.5515628814697265, 'grad_norm': 63.5401611328125, 'learning_rate': 1.0822368421052632e-05, 'epoch': 3.6842105263157894, 'step': 280}, {'loss': 0.5760224819183349, 'grad_norm': 48.87112045288086, 'learning_rate': 1.049342105263158e-05, 'epoch': 3.8157894736842106, 'step': 290}, {'loss': 0.5458772659301758, 'grad_norm': 95.92057037353516, 'learning_rate': 1.0164473684210528e-05, 'epoch': 3.9473684210526314, 'step': 300}, {'eval_loss': 0.5319770574569702, 'eval_accuracy': 0.7425742574257426, 'eval_precision': 0.7425742574257426, 'eval_recall': 1.0, 'eval_f1': 0.8522727272727273, 'eval_runtime': 0.5388, 'eval_samples_per_second': 1124.732, 'eval_steps_per_second': 18.56, 'epoch': 4.0, 'step': 304}, {'loss': 0.5683896541595459, 'grad_norm': 16.884733200073242, 'learning_rate': 9.835526315789474e-06, 'epoch': 4.078947368421052, 'step': 310}, {'loss': 0.5316426277160644, 'grad_norm': 53.619651794433594, 'learning_rate': 9.506578947368423e-06, 'epoch': 4.2105263157894735, 'step': 320}, {'loss': 0.5328134059906006, 'grad_norm': 45.82887649536133, 'learning_rate': 9.17763157894737e-06, 'epoch': 4.342105263157895, 'step': 330}, {'loss': 0.5296858787536621, 'grad_norm': 249.1145477294922, 'learning_rate': 8.848684210526316e-06, 'epoch': 4.473684210526316, 'step': 340}, {'loss': 0.5129096031188964, 'grad_norm': 68.898193359375, 'learning_rate': 8.519736842105265e-06, 'epoch': 4.605263157894737, 'step': 350}, {'loss': 0.5976281642913819, 'grad_norm': 24.793428421020508, 'learning_rate': 8.19078947368421e-06, 'epoch': 4.7368421052631575, 'step': 360}, {'loss': 0.539950180053711, 'grad_norm': 31.316362380981445, 'learning_rate': 7.86184210526316e-06, 'epoch': 4.868421052631579, 'step': 370}, {'loss': 0.5948208332061767, 'grad_norm': 94.26433563232422, 'learning_rate': 7.532894736842106e-06, 'epoch': 5.0, 'step': 380}, {'eval_loss': 0.5258152484893799, 'eval_accuracy': 0.7425742574257426, 'eval_precision': 0.7425742574257426, 'eval_recall': 1.0, 'eval_f1': 0.8522727272727273, 'eval_runtime': 0.5266, 'eval_samples_per_second': 1150.862, 'eval_steps_per_second': 18.991, 'epoch': 5.0, 'step': 380}, {'loss': 0.6056034564971924, 'grad_norm': 71.29325866699219, 'learning_rate': 7.203947368421054e-06, 'epoch': 5.131578947368421, 'step': 390}, {'loss': 0.5300083637237549, 'grad_norm': 21.656660079956055, 'learning_rate': 6.875e-06, 'epoch': 5.2631578947368425, 'step': 400}, {'loss': 0.540912389755249, 'grad_norm': 111.3508529663086, 'learning_rate': 6.5460526315789476e-06, 'epoch': 5.394736842105263, 'step': 410}, {'loss': 0.5314159870147706, 'grad_norm': 42.75986862182617, 'learning_rate': 6.217105263157896e-06, 'epoch': 5.526315789473684, 'step': 420}, {'loss': 0.5312839031219483, 'grad_norm': 13.440921783447266, 'learning_rate': 5.888157894736842e-06, 'epoch': 5.657894736842105, 'step': 430}, {'loss': 0.5435782909393311, 'grad_norm': 95.07471466064453, 'learning_rate': 5.55921052631579e-06, 'epoch': 5.7894736842105265, 'step': 440}, {'loss': 0.5279267311096192, 'grad_norm': 61.317237854003906, 'learning_rate': 5.230263157894737e-06, 'epoch': 5.921052631578947, 'step': 450}, {'eval_loss': 0.5180381536483765, 'eval_accuracy': 0.7425742574257426, 'eval_precision': 0.7425742574257426, 'eval_recall': 1.0, 'eval_f1': 0.8522727272727273, 'eval_runtime': 0.5398, 'eval_samples_per_second': 1122.654, 'eval_steps_per_second': 18.526, 'epoch': 6.0, 'step': 456}, {'loss': 0.5239387512207031, 'grad_norm': 34.48464584350586, 'learning_rate': 4.901315789473685e-06, 'epoch': 6.052631578947368, 'step': 460}, {'loss': 0.5515059947967529, 'grad_norm': 55.65386962890625, 'learning_rate': 4.572368421052632e-06, 'epoch': 6.184210526315789, 'step': 470}, {'loss': 0.5003159999847412, 'grad_norm': 30.581043243408203, 'learning_rate': 4.2434210526315796e-06, 'epoch': 6.315789473684211, 'step': 480}, {'loss': 0.5510258674621582, 'grad_norm': 349.041015625, 'learning_rate': 3.914473684210527e-06, 'epoch': 6.447368421052632, 'step': 490}, {'loss': 0.5428303241729736, 'grad_norm': 58.41532897949219, 'learning_rate': 3.5855263157894737e-06, 'epoch': 6.578947368421053, 'step': 500}, {'loss': 0.5035645484924316, 'grad_norm': 151.0107879638672, 'learning_rate': 3.256578947368421e-06, 'epoch': 6.7105263157894735, 'step': 510}, {'loss': 0.5394947528839111, 'grad_norm': 27.51418685913086, 'learning_rate': 2.927631578947369e-06, 'epoch': 6.842105263157895, 'step': 520}, {'loss': 0.5758762359619141, 'grad_norm': 35.39209747314453, 'learning_rate': 2.598684210526316e-06, 'epoch': 6.973684210526316, 'step': 530}, {'eval_loss': 0.5139975547790527, 'eval_accuracy': 0.7442244224422442, 'eval_precision': 0.743801652892562, 'eval_recall': 1.0, 'eval_f1': 0.8530805687203792, 'eval_runtime': 0.5387, 'eval_samples_per_second': 1124.957, 'eval_steps_per_second': 18.564, 'epoch': 7.0, 'step': 532}, {'loss': 0.5651815891265869, 'grad_norm': 56.761688232421875, 'learning_rate': 2.2697368421052634e-06, 'epoch': 7.105263157894737, 'step': 540}, {'loss': 0.5493692398071289, 'grad_norm': 51.71123504638672, 'learning_rate': 1.9407894736842107e-06, 'epoch': 7.2368421052631575, 'step': 550}, {'loss': 0.5387872695922852, 'grad_norm': 91.00846862792969, 'learning_rate': 1.611842105263158e-06, 'epoch': 7.368421052631579, 'step': 560}, {'loss': 0.5348184108734131, 'grad_norm': 44.181575775146484, 'learning_rate': 1.2828947368421055e-06, 'epoch': 7.5, 'step': 570}, {'loss': 0.4946779727935791, 'grad_norm': 33.62678146362305, 'learning_rate': 9.539473684210528e-07, 'epoch': 7.631578947368421, 'step': 580}, {'loss': 0.5403489589691162, 'grad_norm': 57.2098274230957, 'learning_rate': 6.25e-07, 'epoch': 7.7631578947368425, 'step': 590}, {'loss': 0.528096866607666, 'grad_norm': 45.461002349853516, 'learning_rate': 2.9605263157894736e-07, 'epoch': 7.894736842105263, 'step': 600}, {'eval_loss': 0.512836217880249, 'eval_accuracy': 0.7425742574257426, 'eval_precision': 0.7433774834437086, 'eval_recall': 0.9977777777777778, 'eval_f1': 0.8519924098671727, 'eval_runtime': 0.5385, 'eval_samples_per_second': 1125.249, 'eval_steps_per_second': 18.568, 'epoch': 8.0, 'step': 608}, {'train_runtime': 377.2129, 'train_samples_per_second': 51.345, 'train_steps_per_second': 1.612, 'total_flos': 559059176848896.0, 'train_loss': 0.553903015036332, 'epoch': 8.0, 'step': 608}]
Fold F1: 0.8519924098671727
Точность определения арабских заимств.: {'accuracy': 0.11149425287356322, 'precision': 0.10751445086705202, 'recall': 0.9893617021276596, 'f1': 0.19395203336809178}
Точность определения китайских заимств.: {'accuracy': 0.03136762860727729, 'precision': 0.02648171500630517, 'recall': 1.0, 'f1': 0.051597051597051594}
Точность определения английских заимств.: {'accuracy': 0.3992217898832685, 'precision': 0.39734582357533177, 'recall': 1.0, 'f1': 0.5687150837988827}
Точность определения французских заимств.: {'accuracy': 0.5415676959619953, 'precision': 0.5404761904761904, 'recall': 1.0, 'f1': 0.7017001545595054}
Точность определения немецких заимств.: {'accuracy': 0.2633587786259542, 'precision': 0.26053639846743293, 'recall': 1.0, 'f1': 0.4133738601823708}
Точность определения итальянских заимтсв.: {'accuracy': 0.18992654774396642, 'precision': 0.18651211801896733, 'recall': 1.0, 'f1': 0.31438721136767317}
Точность определения японских заимств.: {'accuracy': 0.13258426966292136, 'precision': 0.12866817155756208, 'recall': 1.0, 'f1': 0.228}
Точность определения польских заимств.: {'accuracy': 0.07211538461538461, 'precision': 0.06763285024154589, 'recall': 1.0, 'f1': 0.12669683257918551}
{'eval_loss': 0.512836217880249, 'eval_accuracy': 0.7425742574257426, 'eval_precision': 0.7433774834437086, 'eval_recall': 0.9977777777777778, 'eval_f1': 0.8519924098671727, 'eval_runtime': 0.524, 'eval_samples_per_second': 1156.534, 'eval_steps_per_second': 19.085, 'epoch': 8.0}

===== Fold 2 =====
{'loss': '0.5969', 'grad_norm': '47.64', 'learning_rate': '1.97e-05', 'epoch': '0.1316'}
{'loss': '0.5687', 'grad_norm': '86.76', 'learning_rate': '1.937e-05', 'epoch': '0.2632'}
{'loss': '0.5581', 'grad_norm': '33.75', 'learning_rate': '1.905e-05', 'epoch': '0.3947'}
{'loss': '0.598', 'grad_norm': '34', 'learning_rate': '1.872e-05', 'epoch': '0.5263'}
{'loss': '0.6061', 'grad_norm': '77.97', 'learning_rate': '1.839e-05', 'epoch': '0.6579'}
{'loss': '0.5837', 'grad_norm': '31.64', 'learning_rate': '1.806e-05', 'epoch': '0.7895'}
{'loss': '0.5832', 'grad_norm': '35.26', 'learning_rate': '1.773e-05', 'epoch': '0.9211'}
{'eval_loss': '0.5513', 'eval_accuracy': '0.7442', 'eval_precision': '0.7442', 'eval_recall': '1', 'eval_f1': '0.8534', 'eval_runtime': '0.5409', 'eval_samples_per_second': '1120', 'eval_steps_per_second': '18.49', 'epoch': '1'}
{'loss': '0.602', 'grad_norm': '97.03', 'learning_rate': '1.74e-05', 'epoch': '1.053'}
{'loss': '0.5513', 'grad_norm': '62.48', 'learning_rate': '1.707e-05', 'epoch': '1.184'}
{'loss': '0.557', 'grad_norm': '25.32', 'learning_rate': '1.674e-05', 'epoch': '1.316'}
{'loss': '0.6032', 'grad_norm': '46.7', 'learning_rate': '1.641e-05', 'epoch': '1.447'}
{'loss': '0.5939', 'grad_norm': '18.5', 'learning_rate': '1.609e-05', 'epoch': '1.579'}
{'loss': '0.5566', 'grad_norm': '37.05', 'learning_rate': '1.576e-05', 'epoch': '1.711'}
{'loss': '0.5625', 'grad_norm': '37.23', 'learning_rate': '1.543e-05', 'epoch': '1.842'}
{'loss': '0.5219', 'grad_norm': '64.13', 'learning_rate': '1.51e-05', 'epoch': '1.974'}
{'eval_loss': '0.5511', 'eval_accuracy': '0.7442', 'eval_precision': '0.7442', 'eval_recall': '1', 'eval_f1': '0.8534', 'eval_runtime': '0.5395', 'eval_samples_per_second': '1123', 'eval_steps_per_second': '18.54', 'epoch': '2'}
{'loss': '0.5742', 'grad_norm': '16.21', 'learning_rate': '1.477e-05', 'epoch': '2.105'}
{'loss': '0.567', 'grad_norm': '21.56', 'learning_rate': '1.444e-05', 'epoch': '2.237'}
{'loss': '0.5479', 'grad_norm': '53.24', 'learning_rate': '1.411e-05', 'epoch': '2.368'}
{'loss': '0.5697', 'grad_norm': '30.72', 'learning_rate': '1.378e-05', 'epoch': '2.5'}
{'loss': '0.57', 'grad_norm': '13.55', 'learning_rate': '1.345e-05', 'epoch': '2.632'}
{'loss': '0.5874', 'grad_norm': '58.01', 'learning_rate': '1.313e-05', 'epoch': '2.763'}
{'loss': '0.5662', 'grad_norm': '39.2', 'learning_rate': '1.28e-05', 'epoch': '2.895'}
{'eval_loss': '0.5475', 'eval_accuracy': '0.7442', 'eval_precision': '0.7442', 'eval_recall': '1', 'eval_f1': '0.8534', 'eval_runtime': '0.5383', 'eval_samples_per_second': '1126', 'eval_steps_per_second': '18.58', 'epoch': '3'}
{'loss': '0.5483', 'grad_norm': '14.98', 'learning_rate': '1.247e-05', 'epoch': '3.026'}
{'loss': '0.5598', 'grad_norm': '80.65', 'learning_rate': '1.214e-05', 'epoch': '3.158'}
{'loss': '0.5823', 'grad_norm': '52.36', 'learning_rate': '1.181e-05', 'epoch': '3.289'}
{'loss': '0.6092', 'grad_norm': '40.73', 'learning_rate': '1.148e-05', 'epoch': '3.421'}
{'loss': '0.5205', 'grad_norm': '68.4', 'learning_rate': '1.115e-05', 'epoch': '3.553'}
{'loss': '0.545', 'grad_norm': '153', 'learning_rate': '1.082e-05', 'epoch': '3.684'}
{'loss': '0.5717', 'grad_norm': '37.31', 'learning_rate': '1.049e-05', 'epoch': '3.816'}
{'loss': '0.5237', 'grad_norm': '17.55', 'learning_rate': '1.016e-05', 'epoch': '3.947'}
{'eval_loss': '0.5335', 'eval_accuracy': '0.7442', 'eval_precision': '0.7442', 'eval_recall': '1', 'eval_f1': '0.8534', 'eval_runtime': '0.54', 'eval_samples_per_second': '1122', 'eval_steps_per_second': '18.52', 'epoch': '4'}
{'loss': '0.5718', 'grad_norm': '91.72', 'learning_rate': '9.836e-06', 'epoch': '4.079'}
{'loss': '0.5292', 'grad_norm': '57.58', 'learning_rate': '9.507e-06', 'epoch': '4.211'}
{'loss': '0.5504', 'grad_norm': '29.92', 'learning_rate': '9.178e-06', 'epoch': '4.342'}
{'loss': '0.5381', 'grad_norm': '36.59', 'learning_rate': '8.849e-06', 'epoch': '4.474'}
{'loss': '0.5147', 'grad_norm': '41.06', 'learning_rate': '8.52e-06', 'epoch': '4.605'}
{'loss': '0.5891', 'grad_norm': '86.28', 'learning_rate': '8.191e-06', 'epoch': '4.737'}
{'loss': '0.5287', 'grad_norm': '22.29', 'learning_rate': '7.862e-06', 'epoch': '4.868'}
{'loss': '0.595', 'grad_norm': '62.93', 'learning_rate': '7.533e-06', 'epoch': '5'}
{'eval_loss': '0.529', 'eval_accuracy': '0.7442', 'eval_precision': '0.7442', 'eval_recall': '1', 'eval_f1': '0.8534', 'eval_runtime': '0.5267', 'eval_samples_per_second': '1151', 'eval_steps_per_second': '18.99', 'epoch': '5'}
{'loss': '0.593', 'grad_norm': '26.34', 'learning_rate': '7.204e-06', 'epoch': '5.132'}
{'loss': '0.5456', 'grad_norm': '24.1', 'learning_rate': '6.875e-06', 'epoch': '5.263'}
{'loss': '0.5475', 'grad_norm': '119.7', 'learning_rate': '6.546e-06', 'epoch': '5.395'}
{'loss': '0.5315', 'grad_norm': '37.17', 'learning_rate': '6.217e-06', 'epoch': '5.526'}
{'loss': '0.529', 'grad_norm': '43.48', 'learning_rate': '5.888e-06', 'epoch': '5.658'}
{'loss': '0.5577', 'grad_norm': '136.7', 'learning_rate': '5.559e-06', 'epoch': '5.789'}
{'loss': '0.5248', 'grad_norm': '42.73', 'learning_rate': '5.23e-06', 'epoch': '5.921'}
{'eval_loss': '0.5247', 'eval_accuracy': '0.7442', 'eval_precision': '0.7442', 'eval_recall': '1', 'eval_f1': '0.8534', 'eval_runtime': '0.5399', 'eval_samples_per_second': '1122', 'eval_steps_per_second': '18.52', 'epoch': '6'}
{'loss': '0.5245', 'grad_norm': '39.27', 'learning_rate': '4.901e-06', 'epoch': '6.053'}
{'loss': '0.552', 'grad_norm': '24.61', 'learning_rate': '4.572e-06', 'epoch': '6.184'}
{'loss': '0.5177', 'grad_norm': '151.7', 'learning_rate': '4.243e-06', 'epoch': '6.316'}
{'loss': '0.5529', 'grad_norm': '41.56', 'learning_rate': '3.914e-06', 'epoch': '6.447'}
{'loss': '0.5618', 'grad_norm': '46.73', 'learning_rate': '3.586e-06', 'epoch': '6.579'}
{'loss': '0.5004', 'grad_norm': '75.5', 'learning_rate': '3.257e-06', 'epoch': '6.711'}
{'loss': '0.5443', 'grad_norm': '86.96', 'learning_rate': '2.928e-06', 'epoch': '6.842'}
{'loss': '0.5688', 'grad_norm': '94.21', 'learning_rate': '2.599e-06', 'epoch': '6.974'}
{'eval_loss': '0.5208', 'eval_accuracy': '0.7442', 'eval_precision': '0.7442', 'eval_recall': '1', 'eval_f1': '0.8534', 'eval_runtime': '0.5382', 'eval_samples_per_second': '1126', 'eval_steps_per_second': '18.58', 'epoch': '7'}
{'loss': '0.5571', 'grad_norm': '55.12', 'learning_rate': '2.27e-06', 'epoch': '7.105'}
{'loss': '0.5384', 'grad_norm': '16.58', 'learning_rate': '1.941e-06', 'epoch': '7.237'}
{'loss': '0.561', 'grad_norm': '47.88', 'learning_rate': '1.612e-06', 'epoch': '7.368'}
{'loss': '0.5396', 'grad_norm': '30.04', 'learning_rate': '1.283e-06', 'epoch': '7.5'}
{'loss': '0.503', 'grad_norm': '49.22', 'learning_rate': '9.539e-07', 'epoch': '7.632'}
{'loss': '0.5481', 'grad_norm': '38.53', 'learning_rate': '6.25e-07', 'epoch': '7.763'}
{'loss': '0.5434', 'grad_norm': '40.26', 'learning_rate': '2.961e-07', 'epoch': '7.895'}
{'eval_loss': '0.5202', 'eval_accuracy': '0.7442', 'eval_precision': '0.7442', 'eval_recall': '1', 'eval_f1': '0.8534', 'eval_runtime': '0.5384', 'eval_samples_per_second': '1126', 'eval_steps_per_second': '18.57', 'epoch': '8'}
{'train_runtime': '391.1', 'train_samples_per_second': '49.52', 'train_steps_per_second': '1.554', 'train_loss': '0.5574', 'epoch': '8'}
[{'loss': 0.5969294548034668, 'grad_norm': 47.637699127197266, 'learning_rate': 1.9703947368421054e-05, 'epoch': 0.13157894736842105, 'step': 10}, {'loss': 0.5686915397644043, 'grad_norm': 86.76374053955078, 'learning_rate': 1.9375e-05, 'epoch': 0.2631578947368421, 'step': 20}, {'loss': 0.558099889755249, 'grad_norm': 33.74802780151367, 'learning_rate': 1.904605263157895e-05, 'epoch': 0.39473684210526316, 'step': 30}, {'loss': 0.5979598999023438, 'grad_norm': 34.00335693359375, 'learning_rate': 1.8717105263157895e-05, 'epoch': 0.5263157894736842, 'step': 40}, {'loss': 0.6060757160186767, 'grad_norm': 77.97285461425781, 'learning_rate': 1.8388157894736844e-05, 'epoch': 0.6578947368421053, 'step': 50}, {'loss': 0.5837231636047363, 'grad_norm': 31.641685485839844, 'learning_rate': 1.8059210526315793e-05, 'epoch': 0.7894736842105263, 'step': 60}, {'loss': 0.5832396030426026, 'grad_norm': 35.26201629638672, 'learning_rate': 1.7730263157894738e-05, 'epoch': 0.9210526315789473, 'step': 70}, {'eval_loss': 0.5512837171554565, 'eval_accuracy': 0.7442244224422442, 'eval_precision': 0.7442244224422442, 'eval_recall': 1.0, 'eval_f1': 0.8533585619678334, 'eval_runtime': 0.5409, 'eval_samples_per_second': 1120.263, 'eval_steps_per_second': 18.486, 'epoch': 1.0, 'step': 76}, {'loss': 0.6019761085510253, 'grad_norm': 97.03421020507812, 'learning_rate': 1.7401315789473684e-05, 'epoch': 1.0526315789473684, 'step': 80}, {'loss': 0.55130615234375, 'grad_norm': 62.47817611694336, 'learning_rate': 1.7072368421052633e-05, 'epoch': 1.1842105263157894, 'step': 90}, {'loss': 0.5570168495178223, 'grad_norm': 25.321651458740234, 'learning_rate': 1.6743421052631582e-05, 'epoch': 1.3157894736842106, 'step': 100}, {'loss': 0.603214168548584, 'grad_norm': 46.7028923034668, 'learning_rate': 1.6414473684210527e-05, 'epoch': 1.4473684210526316, 'step': 110}, {'loss': 0.5939398765563965, 'grad_norm': 18.496618270874023, 'learning_rate': 1.6085526315789473e-05, 'epoch': 1.5789473684210527, 'step': 120}, {'loss': 0.5566144466400147, 'grad_norm': 37.054325103759766, 'learning_rate': 1.5756578947368422e-05, 'epoch': 1.7105263157894737, 'step': 130}, {'loss': 0.5625499725341797, 'grad_norm': 37.22526550292969, 'learning_rate': 1.542763157894737e-05, 'epoch': 1.8421052631578947, 'step': 140}, {'loss': 0.521895456314087, 'grad_norm': 64.1282958984375, 'learning_rate': 1.5098684210526318e-05, 'epoch': 1.973684210526316, 'step': 150}, {'eval_loss': 0.5511209964752197, 'eval_accuracy': 0.7442244224422442, 'eval_precision': 0.7442244224422442, 'eval_recall': 1.0, 'eval_f1': 0.8533585619678334, 'eval_runtime': 0.5395, 'eval_samples_per_second': 1123.262, 'eval_steps_per_second': 18.536, 'epoch': 2.0, 'step': 152}, {'loss': 0.5742457866668701, 'grad_norm': 16.205188751220703, 'learning_rate': 1.4769736842105264e-05, 'epoch': 2.1052631578947367, 'step': 160}, {'loss': 0.5670212745666504, 'grad_norm': 21.563444137573242, 'learning_rate': 1.4440789473684211e-05, 'epoch': 2.236842105263158, 'step': 170}, {'loss': 0.5479292869567871, 'grad_norm': 53.237098693847656, 'learning_rate': 1.4111842105263159e-05, 'epoch': 2.3684210526315788, 'step': 180}, {'loss': 0.56968674659729, 'grad_norm': 30.719228744506836, 'learning_rate': 1.3782894736842108e-05, 'epoch': 2.5, 'step': 190}, {'loss': 0.5700359344482422, 'grad_norm': 13.55334186553955, 'learning_rate': 1.3453947368421055e-05, 'epoch': 2.6315789473684212, 'step': 200}, {'loss': 0.5873873710632325, 'grad_norm': 58.007747650146484, 'learning_rate': 1.3125e-05, 'epoch': 2.763157894736842, 'step': 210}, {'loss': 0.5661931037902832, 'grad_norm': 39.197994232177734, 'learning_rate': 1.2796052631578948e-05, 'epoch': 2.8947368421052633, 'step': 220}, {'eval_loss': 0.54749995470047, 'eval_accuracy': 0.7442244224422442, 'eval_precision': 0.7442244224422442, 'eval_recall': 1.0, 'eval_f1': 0.8533585619678334, 'eval_runtime': 0.5383, 'eval_samples_per_second': 1125.817, 'eval_steps_per_second': 18.578, 'epoch': 3.0, 'step': 228}, {'loss': 0.5482729911804199, 'grad_norm': 14.982975006103516, 'learning_rate': 1.2467105263157895e-05, 'epoch': 3.026315789473684, 'step': 230}, {'loss': 0.5598320007324219, 'grad_norm': 80.64559173583984, 'learning_rate': 1.2138157894736844e-05, 'epoch': 3.1578947368421053, 'step': 240}, {'loss': 0.5822612762451171, 'grad_norm': 52.35822677612305, 'learning_rate': 1.1809210526315791e-05, 'epoch': 3.2894736842105265, 'step': 250}, {'loss': 0.6092371463775634, 'grad_norm': 40.72908020019531, 'learning_rate': 1.1480263157894737e-05, 'epoch': 3.4210526315789473, 'step': 260}, {'loss': 0.5204715251922607, 'grad_norm': 68.40239715576172, 'learning_rate': 1.1151315789473684e-05, 'epoch': 3.5526315789473686, 'step': 270}, {'loss': 0.5449828147888184, 'grad_norm': 152.9971466064453, 'learning_rate': 1.0822368421052632e-05, 'epoch': 3.6842105263157894, 'step': 280}, {'loss': 0.5717224597930908, 'grad_norm': 37.30893325805664, 'learning_rate': 1.049342105263158e-05, 'epoch': 3.8157894736842106, 'step': 290}, {'loss': 0.5236880302429199, 'grad_norm': 17.54694366455078, 'learning_rate': 1.0164473684210528e-05, 'epoch': 3.9473684210526314, 'step': 300}, {'eval_loss': 0.5335254073143005, 'eval_accuracy': 0.7442244224422442, 'eval_precision': 0.7442244224422442, 'eval_recall': 1.0, 'eval_f1': 0.8533585619678334, 'eval_runtime': 0.54, 'eval_samples_per_second': 1122.236, 'eval_steps_per_second': 18.519, 'epoch': 4.0, 'step': 304}, {'loss': 0.5718410968780517, 'grad_norm': 91.72323608398438, 'learning_rate': 9.835526315789474e-06, 'epoch': 4.078947368421052, 'step': 310}, {'loss': 0.5291920185089112, 'grad_norm': 57.57548522949219, 'learning_rate': 9.506578947368423e-06, 'epoch': 4.2105263157894735, 'step': 320}, {'loss': 0.550363302230835, 'grad_norm': 29.91914176940918, 'learning_rate': 9.17763157894737e-06, 'epoch': 4.342105263157895, 'step': 330}, {'loss': 0.5380748748779297, 'grad_norm': 36.59175491333008, 'learning_rate': 8.848684210526316e-06, 'epoch': 4.473684210526316, 'step': 340}, {'loss': 0.5146732807159424, 'grad_norm': 41.05659484863281, 'learning_rate': 8.519736842105265e-06, 'epoch': 4.605263157894737, 'step': 350}, {'loss': 0.5891178131103516, 'grad_norm': 86.28353881835938, 'learning_rate': 8.19078947368421e-06, 'epoch': 4.7368421052631575, 'step': 360}, {'loss': 0.5287304878234863, 'grad_norm': 22.28525733947754, 'learning_rate': 7.86184210526316e-06, 'epoch': 4.868421052631579, 'step': 370}, {'loss': 0.5950144290924072, 'grad_norm': 62.929534912109375, 'learning_rate': 7.532894736842106e-06, 'epoch': 5.0, 'step': 380}, {'eval_loss': 0.5289522409439087, 'eval_accuracy': 0.7442244224422442, 'eval_precision': 0.7442244224422442, 'eval_recall': 1.0, 'eval_f1': 0.8533585619678334, 'eval_runtime': 0.5267, 'eval_samples_per_second': 1150.54, 'eval_steps_per_second': 18.986, 'epoch': 5.0, 'step': 380}, {'loss': 0.5929564476013184, 'grad_norm': 26.336009979248047, 'learning_rate': 7.203947368421054e-06, 'epoch': 5.131578947368421, 'step': 390}, {'loss': 0.545602560043335, 'grad_norm': 24.104528427124023, 'learning_rate': 6.875e-06, 'epoch': 5.2631578947368425, 'step': 400}, {'loss': 0.5474613189697266, 'grad_norm': 119.7363510131836, 'learning_rate': 6.5460526315789476e-06, 'epoch': 5.394736842105263, 'step': 410}, {'loss': 0.5314888000488281, 'grad_norm': 37.16838455200195, 'learning_rate': 6.217105263157896e-06, 'epoch': 5.526315789473684, 'step': 420}, {'loss': 0.5289946556091308, 'grad_norm': 43.484195709228516, 'learning_rate': 5.888157894736842e-06, 'epoch': 5.657894736842105, 'step': 430}, {'loss': 0.5577454090118408, 'grad_norm': 136.68716430664062, 'learning_rate': 5.55921052631579e-06, 'epoch': 5.7894736842105265, 'step': 440}, {'loss': 0.5247885227203369, 'grad_norm': 42.73216247558594, 'learning_rate': 5.230263157894737e-06, 'epoch': 5.921052631578947, 'step': 450}, {'eval_loss': 0.5246564149856567, 'eval_accuracy': 0.7442244224422442, 'eval_precision': 0.7442244224422442, 'eval_recall': 1.0, 'eval_f1': 0.8533585619678334, 'eval_runtime': 0.5399, 'eval_samples_per_second': 1122.493, 'eval_steps_per_second': 18.523, 'epoch': 6.0, 'step': 456}, {'loss': 0.5245427131652832, 'grad_norm': 39.269691467285156, 'learning_rate': 4.901315789473685e-06, 'epoch': 6.052631578947368, 'step': 460}, {'loss': 0.5520351886749267, 'grad_norm': 24.609176635742188, 'learning_rate': 4.572368421052632e-06, 'epoch': 6.184210526315789, 'step': 470}, {'loss': 0.5176691055297852, 'grad_norm': 151.66221618652344, 'learning_rate': 4.2434210526315796e-06, 'epoch': 6.315789473684211, 'step': 480}, {'loss': 0.552920150756836, 'grad_norm': 41.5582389831543, 'learning_rate': 3.914473684210527e-06, 'epoch': 6.447368421052632, 'step': 490}, {'loss': 0.5618041515350342, 'grad_norm': 46.72576141357422, 'learning_rate': 3.5855263157894737e-06, 'epoch': 6.578947368421053, 'step': 500}, {'loss': 0.5003961563110352, 'grad_norm': 75.50283813476562, 'learning_rate': 3.256578947368421e-06, 'epoch': 6.7105263157894735, 'step': 510}, {'loss': 0.5443231105804444, 'grad_norm': 86.96305847167969, 'learning_rate': 2.927631578947369e-06, 'epoch': 6.842105263157895, 'step': 520}, {'loss': 0.5687508106231689, 'grad_norm': 94.21061706542969, 'learning_rate': 2.598684210526316e-06, 'epoch': 6.973684210526316, 'step': 530}, {'eval_loss': 0.5208165645599365, 'eval_accuracy': 0.7442244224422442, 'eval_precision': 0.7442244224422442, 'eval_recall': 1.0, 'eval_f1': 0.8533585619678334, 'eval_runtime': 0.5382, 'eval_samples_per_second': 1125.942, 'eval_steps_per_second': 18.58, 'epoch': 7.0, 'step': 532}, {'loss': 0.5571097373962403, 'grad_norm': 55.123863220214844, 'learning_rate': 2.2697368421052634e-06, 'epoch': 7.105263157894737, 'step': 540}, {'loss': 0.5384377479553223, 'grad_norm': 16.581653594970703, 'learning_rate': 1.9407894736842107e-06, 'epoch': 7.2368421052631575, 'step': 550}, {'loss': 0.560981035232544, 'grad_norm': 47.88191604614258, 'learning_rate': 1.611842105263158e-06, 'epoch': 7.368421052631579, 'step': 560}, {'loss': 0.5395658016204834, 'grad_norm': 30.0408935546875, 'learning_rate': 1.2828947368421055e-06, 'epoch': 7.5, 'step': 570}, {'loss': 0.5030308246612549, 'grad_norm': 49.22452926635742, 'learning_rate': 9.539473684210528e-07, 'epoch': 7.631578947368421, 'step': 580}, {'loss': 0.5481040477752686, 'grad_norm': 38.53094482421875, 'learning_rate': 6.25e-07, 'epoch': 7.7631578947368425, 'step': 590}, {'loss': 0.5434034824371338, 'grad_norm': 40.25991439819336, 'learning_rate': 2.9605263157894736e-07, 'epoch': 7.894736842105263, 'step': 600}, {'eval_loss': 0.5202392935752869, 'eval_accuracy': 0.7442244224422442, 'eval_precision': 0.7442244224422442, 'eval_recall': 1.0, 'eval_f1': 0.8533585619678334, 'eval_runtime': 0.5384, 'eval_samples_per_second': 1125.637, 'eval_steps_per_second': 18.575, 'epoch': 8.0, 'step': 608}, {'train_runtime': 391.1498, 'train_samples_per_second': 49.516, 'train_steps_per_second': 1.554, 'total_flos': 559059176848896.0, 'train_loss': 0.5574435505427813, 'epoch': 8.0, 'step': 608}]
Fold F1: 0.8533585619678334
Точность определения арабских заимств.: {'accuracy': 0.10804597701149425, 'precision': 0.10804597701149425, 'recall': 1.0, 'f1': 0.1950207468879668}
Точность определения китайских заимств.: {'accuracy': 0.026348808030112924, 'precision': 0.026348808030112924, 'recall': 1.0, 'f1': 0.05134474327628362}
Точность определения английских заимств.: {'accuracy': 0.3961089494163424, 'precision': 0.3961089494163424, 'recall': 1.0, 'f1': 0.5674470457079153}
Точность определения французских заимств.: {'accuracy': 0.5391923990498813, 'precision': 0.5391923990498813, 'recall': 1.0, 'f1': 0.7006172839506173}
Точность определения немецких заимств.: {'accuracy': 0.2595419847328244, 'precision': 0.2595419847328244, 'recall': 1.0, 'f1': 0.4121212121212121}
Точность определения итальянских заимтсв.: {'accuracy': 0.18572927597061908, 'precision': 0.18572927597061908, 'recall': 1.0, 'f1': 0.31327433628318585}
Точность определения японских заимств.: {'accuracy': 0.12808988764044943, 'precision': 0.12808988764044943, 'recall': 1.0, 'f1': 0.22709163346613545}
Точность определения польских заимств.: {'accuracy': 0.0673076923076923, 'precision': 0.0673076923076923, 'recall': 1.0, 'f1': 0.12612612612612611}
{'eval_loss': 0.5202392935752869, 'eval_accuracy': 0.7442244224422442, 'eval_precision': 0.7442244224422442, 'eval_recall': 1.0, 'eval_f1': 0.8533585619678334, 'eval_runtime': 0.5237, 'eval_samples_per_second': 1157.17, 'eval_steps_per_second': 19.095, 'epoch': 8.0}

===== Fold 3 =====
{'loss': '0.5944', 'grad_norm': '44.82', 'learning_rate': '1.97e-05', 'epoch': '0.1316'}
{'loss': '0.5736', 'grad_norm': '47.95', 'learning_rate': '1.937e-05', 'epoch': '0.2632'}
{'loss': '0.5568', 'grad_norm': '41.19', 'learning_rate': '1.905e-05', 'epoch': '0.3947'}
{'loss': '0.5799', 'grad_norm': '94.69', 'learning_rate': '1.872e-05', 'epoch': '0.5263'}
{'loss': '0.587', 'grad_norm': '132', 'learning_rate': '1.839e-05', 'epoch': '0.6579'}
{'loss': '0.6064', 'grad_norm': '49.11', 'learning_rate': '1.806e-05', 'epoch': '0.7895'}
{'loss': '0.551', 'grad_norm': '39.77', 'learning_rate': '1.773e-05', 'epoch': '0.9211'}
{'eval_loss': '0.5752', 'eval_accuracy': '0.7438', 'eval_precision': '0.7438', 'eval_recall': '1', 'eval_f1': '0.8531', 'eval_runtime': '0.5411', 'eval_samples_per_second': '1118', 'eval_steps_per_second': '18.48', 'epoch': '1'}
{'loss': '0.6196', 'grad_norm': '188.1', 'learning_rate': '1.74e-05', 'epoch': '1.053'}
{'loss': '0.5653', 'grad_norm': '40.4', 'learning_rate': '1.707e-05', 'epoch': '1.184'}
{'loss': '0.589', 'grad_norm': '32.21', 'learning_rate': '1.674e-05', 'epoch': '1.316'}
{'loss': '0.5443', 'grad_norm': '21.87', 'learning_rate': '1.641e-05', 'epoch': '1.447'}
{'loss': '0.5752', 'grad_norm': '35.54', 'learning_rate': '1.609e-05', 'epoch': '1.579'}
{'loss': '0.5894', 'grad_norm': '32.59', 'learning_rate': '1.576e-05', 'epoch': '1.711'}
{'loss': '0.5459', 'grad_norm': '72.66', 'learning_rate': '1.543e-05', 'epoch': '1.842'}
{'loss': '0.5488', 'grad_norm': '47.6', 'learning_rate': '1.51e-05', 'epoch': '1.974'}
{'eval_loss': '0.5654', 'eval_accuracy': '0.7438', 'eval_precision': '0.7438', 'eval_recall': '1', 'eval_f1': '0.8531', 'eval_runtime': '0.5396', 'eval_samples_per_second': '1121', 'eval_steps_per_second': '18.53', 'epoch': '2'}
{'loss': '0.6077', 'grad_norm': '37.15', 'learning_rate': '1.477e-05', 'epoch': '2.105'}
{'loss': '0.5888', 'grad_norm': '37.18', 'learning_rate': '1.444e-05', 'epoch': '2.237'}
{'loss': '0.5565', 'grad_norm': '47.9', 'learning_rate': '1.411e-05', 'epoch': '2.368'}
{'loss': '0.5292', 'grad_norm': '39.15', 'learning_rate': '1.378e-05', 'epoch': '2.5'}
{'loss': '0.611', 'grad_norm': '35.4', 'learning_rate': '1.345e-05', 'epoch': '2.632'}
{'loss': '0.5562', 'grad_norm': '101', 'learning_rate': '1.313e-05', 'epoch': '2.763'}
{'loss': '0.5237', 'grad_norm': '14.44', 'learning_rate': '1.28e-05', 'epoch': '2.895'}
{'eval_loss': '0.5491', 'eval_accuracy': '0.7438', 'eval_precision': '0.7438', 'eval_recall': '1', 'eval_f1': '0.8531', 'eval_runtime': '0.538', 'eval_samples_per_second': '1125', 'eval_steps_per_second': '18.59', 'epoch': '3'}
{'loss': '0.5411', 'grad_norm': '52.39', 'learning_rate': '1.247e-05', 'epoch': '3.026'}
{'loss': '0.5429', 'grad_norm': '38.43', 'learning_rate': '1.214e-05', 'epoch': '3.158'}
{'loss': '0.5583', 'grad_norm': '21.5', 'learning_rate': '1.181e-05', 'epoch': '3.289'}
{'loss': '0.5689', 'grad_norm': '38.32', 'learning_rate': '1.148e-05', 'epoch': '3.421'}
{'loss': '0.5491', 'grad_norm': '54.82', 'learning_rate': '1.115e-05', 'epoch': '3.553'}
{'loss': '0.552', 'grad_norm': '32.44', 'learning_rate': '1.082e-05', 'epoch': '3.684'}
{'loss': '0.5298', 'grad_norm': '29.38', 'learning_rate': '1.049e-05', 'epoch': '3.816'}
{'loss': '0.5872', 'grad_norm': '28.6', 'learning_rate': '1.016e-05', 'epoch': '3.947'}
{'eval_loss': '0.5301', 'eval_accuracy': '0.7438', 'eval_precision': '0.7438', 'eval_recall': '1', 'eval_f1': '0.8531', 'eval_runtime': '0.5373', 'eval_samples_per_second': '1126', 'eval_steps_per_second': '18.61', 'epoch': '4'}
{'loss': '0.5253', 'grad_norm': '18.21', 'learning_rate': '9.836e-06', 'epoch': '4.079'}
{'loss': '0.5503', 'grad_norm': '37.64', 'learning_rate': '9.507e-06', 'epoch': '4.211'}
{'loss': '0.5123', 'grad_norm': '30.89', 'learning_rate': '9.178e-06', 'epoch': '4.342'}
{'loss': '0.5846', 'grad_norm': '78.73', 'learning_rate': '8.849e-06', 'epoch': '4.474'}
{'loss': '0.5764', 'grad_norm': '43.08', 'learning_rate': '8.52e-06', 'epoch': '4.605'}
{'loss': '0.5271', 'grad_norm': '42.22', 'learning_rate': '8.191e-06', 'epoch': '4.737'}
{'loss': '0.5419', 'grad_norm': '19.82', 'learning_rate': '7.862e-06', 'epoch': '4.868'}
{'loss': '0.5563', 'grad_norm': '98.03', 'learning_rate': '7.533e-06', 'epoch': '5'}
{'eval_loss': '0.5216', 'eval_accuracy': '0.7438', 'eval_precision': '0.7438', 'eval_recall': '1', 'eval_f1': '0.8531', 'eval_runtime': '0.5249', 'eval_samples_per_second': '1153', 'eval_steps_per_second': '19.05', 'epoch': '5'}
{'loss': '0.5605', 'grad_norm': '113.5', 'learning_rate': '7.204e-06', 'epoch': '5.132'}
{'loss': '0.5753', 'grad_norm': '39.67', 'learning_rate': '6.875e-06', 'epoch': '5.263'}
{'loss': '0.5881', 'grad_norm': '65.52', 'learning_rate': '6.546e-06', 'epoch': '5.395'}
{'loss': '0.5211', 'grad_norm': '21.23', 'learning_rate': '6.217e-06', 'epoch': '5.526'}
{'loss': '0.5408', 'grad_norm': '61.44', 'learning_rate': '5.888e-06', 'epoch': '5.658'}
{'loss': '0.5311', 'grad_norm': '26.69', 'learning_rate': '5.559e-06', 'epoch': '5.789'}
{'loss': '0.5114', 'grad_norm': '121.8', 'learning_rate': '5.23e-06', 'epoch': '5.921'}
{'eval_loss': '0.5202', 'eval_accuracy': '0.7438', 'eval_precision': '0.7438', 'eval_recall': '1', 'eval_f1': '0.8531', 'eval_runtime': '0.5358', 'eval_samples_per_second': '1129', 'eval_steps_per_second': '18.66', 'epoch': '6'}
{'loss': '0.5615', 'grad_norm': '61.88', 'learning_rate': '4.901e-06', 'epoch': '6.053'}
{'loss': '0.5397', 'grad_norm': '44.68', 'learning_rate': '4.572e-06', 'epoch': '6.184'}
{'loss': '0.5746', 'grad_norm': '32.53', 'learning_rate': '4.243e-06', 'epoch': '6.316'}
{'loss': '0.5295', 'grad_norm': '34.82', 'learning_rate': '3.914e-06', 'epoch': '6.447'}
{'loss': '0.5304', 'grad_norm': '43.21', 'learning_rate': '3.586e-06', 'epoch': '6.579'}
{'loss': '0.5431', 'grad_norm': '90.27', 'learning_rate': '3.257e-06', 'epoch': '6.711'}
{'loss': '0.5548', 'grad_norm': '69.17', 'learning_rate': '2.928e-06', 'epoch': '6.842'}
{'loss': '0.5394', 'grad_norm': '30.5', 'learning_rate': '2.599e-06', 'epoch': '6.974'}
{'eval_loss': '0.5148', 'eval_accuracy': '0.7438', 'eval_precision': '0.7438', 'eval_recall': '1', 'eval_f1': '0.8531', 'eval_runtime': '0.5367', 'eval_samples_per_second': '1127', 'eval_steps_per_second': '18.63', 'epoch': '7'}
{'loss': '0.4744', 'grad_norm': '21.66', 'learning_rate': '2.27e-06', 'epoch': '7.105'}
{'loss': '0.5305', 'grad_norm': '16.63', 'learning_rate': '1.941e-06', 'epoch': '7.237'}
{'loss': '0.5403', 'grad_norm': '33.57', 'learning_rate': '1.612e-06', 'epoch': '7.368'}
{'loss': '0.515', 'grad_norm': '48.34', 'learning_rate': '1.283e-06', 'epoch': '7.5'}
{'loss': '0.5307', 'grad_norm': '120.5', 'learning_rate': '9.539e-07', 'epoch': '7.632'}
{'loss': '0.6079', 'grad_norm': '45.06', 'learning_rate': '6.25e-07', 'epoch': '7.763'}
{'loss': '0.5693', 'grad_norm': '31.94', 'learning_rate': '2.961e-07', 'epoch': '7.895'}
{'eval_loss': '0.5134', 'eval_accuracy': '0.7438', 'eval_precision': '0.7438', 'eval_recall': '1', 'eval_f1': '0.8531', 'eval_runtime': '0.5384', 'eval_samples_per_second': '1124', 'eval_steps_per_second': '18.57', 'epoch': '8'}
{'train_runtime': '366', 'train_samples_per_second': '52.94', 'train_steps_per_second': '1.661', 'train_loss': '0.5557', 'epoch': '8'}
[{'loss': 0.594428825378418, 'grad_norm': 44.82032775878906, 'learning_rate': 1.9703947368421054e-05, 'epoch': 0.13157894736842105, 'step': 10}, {'loss': 0.5736467361450195, 'grad_norm': 47.951717376708984, 'learning_rate': 1.9375e-05, 'epoch': 0.2631578947368421, 'step': 20}, {'loss': 0.556769609451294, 'grad_norm': 41.186771392822266, 'learning_rate': 1.904605263157895e-05, 'epoch': 0.39473684210526316, 'step': 30}, {'loss': 0.5799492359161377, 'grad_norm': 94.69347381591797, 'learning_rate': 1.8717105263157895e-05, 'epoch': 0.5263157894736842, 'step': 40}, {'loss': 0.5870445728302002, 'grad_norm': 131.98233032226562, 'learning_rate': 1.8388157894736844e-05, 'epoch': 0.6578947368421053, 'step': 50}, {'loss': 0.6063621044158936, 'grad_norm': 49.111656188964844, 'learning_rate': 1.8059210526315793e-05, 'epoch': 0.7894736842105263, 'step': 60}, {'loss': 0.551048994064331, 'grad_norm': 39.77375411987305, 'learning_rate': 1.7730263157894738e-05, 'epoch': 0.9210526315789473, 'step': 70}, {'eval_loss': 0.5752352476119995, 'eval_accuracy': 0.743801652892562, 'eval_precision': 0.743801652892562, 'eval_recall': 1.0, 'eval_f1': 0.8530805687203792, 'eval_runtime': 0.5411, 'eval_samples_per_second': 1118.046, 'eval_steps_per_second': 18.48, 'epoch': 1.0, 'step': 76}, {'loss': 0.6196281909942627, 'grad_norm': 188.12518310546875, 'learning_rate': 1.7401315789473684e-05, 'epoch': 1.0526315789473684, 'step': 80}, {'loss': 0.5652749538421631, 'grad_norm': 40.399505615234375, 'learning_rate': 1.7072368421052633e-05, 'epoch': 1.1842105263157894, 'step': 90}, {'loss': 0.5889800071716309, 'grad_norm': 32.213924407958984, 'learning_rate': 1.6743421052631582e-05, 'epoch': 1.3157894736842106, 'step': 100}, {'loss': 0.5443096160888672, 'grad_norm': 21.86849594116211, 'learning_rate': 1.6414473684210527e-05, 'epoch': 1.4473684210526316, 'step': 110}, {'loss': 0.5752264976501464, 'grad_norm': 35.54332733154297, 'learning_rate': 1.6085526315789473e-05, 'epoch': 1.5789473684210527, 'step': 120}, {'loss': 0.5894106864929199, 'grad_norm': 32.59163284301758, 'learning_rate': 1.5756578947368422e-05, 'epoch': 1.7105263157894737, 'step': 130}, {'loss': 0.5459489822387695, 'grad_norm': 72.66401672363281, 'learning_rate': 1.542763157894737e-05, 'epoch': 1.8421052631578947, 'step': 140}, {'loss': 0.5488021850585938, 'grad_norm': 47.601131439208984, 'learning_rate': 1.5098684210526318e-05, 'epoch': 1.973684210526316, 'step': 150}, {'eval_loss': 0.5654018521308899, 'eval_accuracy': 0.743801652892562, 'eval_precision': 0.743801652892562, 'eval_recall': 1.0, 'eval_f1': 0.8530805687203792, 'eval_runtime': 0.5396, 'eval_samples_per_second': 1121.226, 'eval_steps_per_second': 18.533, 'epoch': 2.0, 'step': 152}, {'loss': 0.6076995372772217, 'grad_norm': 37.153995513916016, 'learning_rate': 1.4769736842105264e-05, 'epoch': 2.1052631578947367, 'step': 160}, {'loss': 0.5888474464416504, 'grad_norm': 37.1754035949707, 'learning_rate': 1.4440789473684211e-05, 'epoch': 2.236842105263158, 'step': 170}, {'loss': 0.5564757823944092, 'grad_norm': 47.900665283203125, 'learning_rate': 1.4111842105263159e-05, 'epoch': 2.3684210526315788, 'step': 180}, {'loss': 0.5292452335357666, 'grad_norm': 39.15021896362305, 'learning_rate': 1.3782894736842108e-05, 'epoch': 2.5, 'step': 190}, {'loss': 0.6110460758209229, 'grad_norm': 35.39650344848633, 'learning_rate': 1.3453947368421055e-05, 'epoch': 2.6315789473684212, 'step': 200}, {'loss': 0.556170654296875, 'grad_norm': 101.0019302368164, 'learning_rate': 1.3125e-05, 'epoch': 2.763157894736842, 'step': 210}, {'loss': 0.5237341403961182, 'grad_norm': 14.439370155334473, 'learning_rate': 1.2796052631578948e-05, 'epoch': 2.8947368421052633, 'step': 220}, {'eval_loss': 0.5490511059761047, 'eval_accuracy': 0.743801652892562, 'eval_precision': 0.743801652892562, 'eval_recall': 1.0, 'eval_f1': 0.8530805687203792, 'eval_runtime': 0.538, 'eval_samples_per_second': 1124.565, 'eval_steps_per_second': 18.588, 'epoch': 3.0, 'step': 228}, {'loss': 0.5410917282104493, 'grad_norm': 52.39345932006836, 'learning_rate': 1.2467105263157895e-05, 'epoch': 3.026315789473684, 'step': 230}, {'loss': 0.5428767681121827, 'grad_norm': 38.434326171875, 'learning_rate': 1.2138157894736844e-05, 'epoch': 3.1578947368421053, 'step': 240}, {'loss': 0.558297061920166, 'grad_norm': 21.495704650878906, 'learning_rate': 1.1809210526315791e-05, 'epoch': 3.2894736842105265, 'step': 250}, {'loss': 0.568930721282959, 'grad_norm': 38.32229232788086, 'learning_rate': 1.1480263157894737e-05, 'epoch': 3.4210526315789473, 'step': 260}, {'loss': 0.549085283279419, 'grad_norm': 54.817291259765625, 'learning_rate': 1.1151315789473684e-05, 'epoch': 3.5526315789473686, 'step': 270}, {'loss': 0.55197114944458, 'grad_norm': 32.44108963012695, 'learning_rate': 1.0822368421052632e-05, 'epoch': 3.6842105263157894, 'step': 280}, {'loss': 0.5298070907592773, 'grad_norm': 29.379314422607422, 'learning_rate': 1.049342105263158e-05, 'epoch': 3.8157894736842106, 'step': 290}, {'loss': 0.5871953964233398, 'grad_norm': 28.597911834716797, 'learning_rate': 1.0164473684210528e-05, 'epoch': 3.9473684210526314, 'step': 300}, {'eval_loss': 0.5300822854042053, 'eval_accuracy': 0.743801652892562, 'eval_precision': 0.743801652892562, 'eval_recall': 1.0, 'eval_f1': 0.8530805687203792, 'eval_runtime': 0.5373, 'eval_samples_per_second': 1126.014, 'eval_steps_per_second': 18.612, 'epoch': 4.0, 'step': 304}, {'loss': 0.5252639293670655, 'grad_norm': 18.21274757385254, 'learning_rate': 9.835526315789474e-06, 'epoch': 4.078947368421052, 'step': 310}, {'loss': 0.550290584564209, 'grad_norm': 37.64488983154297, 'learning_rate': 9.506578947368423e-06, 'epoch': 4.2105263157894735, 'step': 320}, {'loss': 0.5122840881347657, 'grad_norm': 30.88540267944336, 'learning_rate': 9.17763157894737e-06, 'epoch': 4.342105263157895, 'step': 330}, {'loss': 0.5845991134643554, 'grad_norm': 78.7340316772461, 'learning_rate': 8.848684210526316e-06, 'epoch': 4.473684210526316, 'step': 340}, {'loss': 0.5763700008392334, 'grad_norm': 43.08455276489258, 'learning_rate': 8.519736842105265e-06, 'epoch': 4.605263157894737, 'step': 350}, {'loss': 0.5271496295928955, 'grad_norm': 42.215599060058594, 'learning_rate': 8.19078947368421e-06, 'epoch': 4.7368421052631575, 'step': 360}, {'loss': 0.541930866241455, 'grad_norm': 19.824920654296875, 'learning_rate': 7.86184210526316e-06, 'epoch': 4.868421052631579, 'step': 370}, {'loss': 0.5562712192535401, 'grad_norm': 98.02915954589844, 'learning_rate': 7.532894736842106e-06, 'epoch': 5.0, 'step': 380}, {'eval_loss': 0.5215533971786499, 'eval_accuracy': 0.743801652892562, 'eval_precision': 0.743801652892562, 'eval_recall': 1.0, 'eval_f1': 0.8530805687203792, 'eval_runtime': 0.5249, 'eval_samples_per_second': 1152.622, 'eval_steps_per_second': 19.052, 'epoch': 5.0, 'step': 380}, {'loss': 0.5605364322662354, 'grad_norm': 113.469482421875, 'learning_rate': 7.203947368421054e-06, 'epoch': 5.131578947368421, 'step': 390}, {'loss': 0.575295352935791, 'grad_norm': 39.66766357421875, 'learning_rate': 6.875e-06, 'epoch': 5.2631578947368425, 'step': 400}, {'loss': 0.5881168365478515, 'grad_norm': 65.5194091796875, 'learning_rate': 6.5460526315789476e-06, 'epoch': 5.394736842105263, 'step': 410}, {'loss': 0.521098279953003, 'grad_norm': 21.225568771362305, 'learning_rate': 6.217105263157896e-06, 'epoch': 5.526315789473684, 'step': 420}, {'loss': 0.5407867908477784, 'grad_norm': 61.443458557128906, 'learning_rate': 5.888157894736842e-06, 'epoch': 5.657894736842105, 'step': 430}, {'loss': 0.5310824394226075, 'grad_norm': 26.691423416137695, 'learning_rate': 5.55921052631579e-06, 'epoch': 5.7894736842105265, 'step': 440}, {'loss': 0.5114287376403809, 'grad_norm': 121.79315948486328, 'learning_rate': 5.230263157894737e-06, 'epoch': 5.921052631578947, 'step': 450}, {'eval_loss': 0.5202147960662842, 'eval_accuracy': 0.743801652892562, 'eval_precision': 0.743801652892562, 'eval_recall': 1.0, 'eval_f1': 0.8530805687203792, 'eval_runtime': 0.5358, 'eval_samples_per_second': 1129.104, 'eval_steps_per_second': 18.663, 'epoch': 6.0, 'step': 456}, {'loss': 0.5614844799041748, 'grad_norm': 61.88391876220703, 'learning_rate': 4.901315789473685e-06, 'epoch': 6.052631578947368, 'step': 460}, {'loss': 0.5397188186645507, 'grad_norm': 44.67829513549805, 'learning_rate': 4.572368421052632e-06, 'epoch': 6.184210526315789, 'step': 470}, {'loss': 0.5746290206909179, 'grad_norm': 32.53273391723633, 'learning_rate': 4.2434210526315796e-06, 'epoch': 6.315789473684211, 'step': 480}, {'loss': 0.5295018196105957, 'grad_norm': 34.82394027709961, 'learning_rate': 3.914473684210527e-06, 'epoch': 6.447368421052632, 'step': 490}, {'loss': 0.5304084777832031, 'grad_norm': 43.20978546142578, 'learning_rate': 3.5855263157894737e-06, 'epoch': 6.578947368421053, 'step': 500}, {'loss': 0.5431295394897461, 'grad_norm': 90.26781463623047, 'learning_rate': 3.256578947368421e-06, 'epoch': 6.7105263157894735, 'step': 510}, {'loss': 0.5548028945922852, 'grad_norm': 69.16925048828125, 'learning_rate': 2.927631578947369e-06, 'epoch': 6.842105263157895, 'step': 520}, {'loss': 0.5394089698791504, 'grad_norm': 30.496110916137695, 'learning_rate': 2.598684210526316e-06, 'epoch': 6.973684210526316, 'step': 530}, {'eval_loss': 0.5148289799690247, 'eval_accuracy': 0.743801652892562, 'eval_precision': 0.743801652892562, 'eval_recall': 1.0, 'eval_f1': 0.8530805687203792, 'eval_runtime': 0.5367, 'eval_samples_per_second': 1127.343, 'eval_steps_per_second': 18.634, 'epoch': 7.0, 'step': 532}, {'loss': 0.4744124889373779, 'grad_norm': 21.66455078125, 'learning_rate': 2.2697368421052634e-06, 'epoch': 7.105263157894737, 'step': 540}, {'loss': 0.5304510116577148, 'grad_norm': 16.6321964263916, 'learning_rate': 1.9407894736842107e-06, 'epoch': 7.2368421052631575, 'step': 550}, {'loss': 0.540255069732666, 'grad_norm': 33.571109771728516, 'learning_rate': 1.611842105263158e-06, 'epoch': 7.368421052631579, 'step': 560}, {'loss': 0.5150142192840577, 'grad_norm': 48.34032440185547, 'learning_rate': 1.2828947368421055e-06, 'epoch': 7.5, 'step': 570}, {'loss': 0.5307422637939453, 'grad_norm': 120.54476165771484, 'learning_rate': 9.539473684210528e-07, 'epoch': 7.631578947368421, 'step': 580}, {'loss': 0.6079233646392822, 'grad_norm': 45.05848693847656, 'learning_rate': 6.25e-07, 'epoch': 7.7631578947368425, 'step': 590}, {'loss': 0.569298505783081, 'grad_norm': 31.944265365600586, 'learning_rate': 2.9605263157894736e-07, 'epoch': 7.894736842105263, 'step': 600}, {'eval_loss': 0.5134103298187256, 'eval_accuracy': 0.743801652892562, 'eval_precision': 0.743801652892562, 'eval_recall': 1.0, 'eval_f1': 0.8530805687203792, 'eval_runtime': 0.5384, 'eval_samples_per_second': 1123.785, 'eval_steps_per_second': 18.575, 'epoch': 8.0, 'step': 608}, {'train_runtime': 365.9911, 'train_samples_per_second': 52.941, 'train_steps_per_second': 1.661, 'total_flos': 559290097615872.0, 'train_loss': 0.5557248184555456, 'epoch': 8.0, 'step': 608}]
Fold F1: 0.8530805687203792
Точность определения арабских заимств.: {'accuracy': 0.10804597701149425, 'precision': 0.10804597701149425, 'recall': 1.0, 'f1': 0.1950207468879668}
Точность определения китайских заимств.: {'accuracy': 0.026348808030112924, 'precision': 0.026348808030112924, 'recall': 1.0, 'f1': 0.05134474327628362}
Точность определения английских заимств.: {'accuracy': 0.3961089494163424, 'precision': 0.3961089494163424, 'recall': 1.0, 'f1': 0.5674470457079153}
Точность определения французских заимств.: {'accuracy': 0.5391923990498813, 'precision': 0.5391923990498813, 'recall': 1.0, 'f1': 0.7006172839506173}
Точность определения немецких заимств.: {'accuracy': 0.2595419847328244, 'precision': 0.2595419847328244, 'recall': 1.0, 'f1': 0.4121212121212121}
Точность определения итальянских заимтсв.: {'accuracy': 0.18572927597061908, 'precision': 0.18572927597061908, 'recall': 1.0, 'f1': 0.31327433628318585}
Точность определения японских заимств.: {'accuracy': 0.12808988764044943, 'precision': 0.12808988764044943, 'recall': 1.0, 'f1': 0.22709163346613545}
Точность определения польских заимств.: {'accuracy': 0.0673076923076923, 'precision': 0.0673076923076923, 'recall': 1.0, 'f1': 0.12612612612612611}
{'eval_loss': 0.5134103298187256, 'eval_accuracy': 0.743801652892562, 'eval_precision': 0.743801652892562, 'eval_recall': 1.0, 'eval_f1': 0.8530805687203792, 'eval_runtime': 0.5224, 'eval_samples_per_second': 1158.164, 'eval_steps_per_second': 19.143, 'epoch': 8.0}

===== Fold 4 =====
{'loss': '0.5839', 'grad_norm': '64.99', 'learning_rate': '1.97e-05', 'epoch': '0.1316'}
{'loss': '0.5762', 'grad_norm': '68.76', 'learning_rate': '1.937e-05', 'epoch': '0.2632'}
{'loss': '0.5589', 'grad_norm': '81.56', 'learning_rate': '1.905e-05', 'epoch': '0.3947'}
{'loss': '0.5863', 'grad_norm': '34.42', 'learning_rate': '1.872e-05', 'epoch': '0.5263'}
{'loss': '0.5931', 'grad_norm': '144.9', 'learning_rate': '1.839e-05', 'epoch': '0.6579'}
{'loss': '0.5829', 'grad_norm': '48.33', 'learning_rate': '1.806e-05', 'epoch': '0.7895'}
{'loss': '0.5424', 'grad_norm': '124.8', 'learning_rate': '1.773e-05', 'epoch': '0.9211'}
{'eval_loss': '0.5698', 'eval_accuracy': '0.7438', 'eval_precision': '0.7438', 'eval_recall': '1', 'eval_f1': '0.8531', 'eval_runtime': '0.54', 'eval_samples_per_second': '1120', 'eval_steps_per_second': '18.52', 'epoch': '1'}
{'loss': '0.6198', 'grad_norm': '27.6', 'learning_rate': '1.74e-05', 'epoch': '1.053'}
{'loss': '0.5597', 'grad_norm': '52.29', 'learning_rate': '1.707e-05', 'epoch': '1.184'}
{'loss': '0.5902', 'grad_norm': '63.96', 'learning_rate': '1.674e-05', 'epoch': '1.316'}
{'loss': '0.5477', 'grad_norm': '55.55', 'learning_rate': '1.641e-05', 'epoch': '1.447'}
{'loss': '0.58', 'grad_norm': '89.77', 'learning_rate': '1.609e-05', 'epoch': '1.579'}
{'loss': '0.6112', 'grad_norm': '75.8', 'learning_rate': '1.576e-05', 'epoch': '1.711'}
{'loss': '0.535', 'grad_norm': '36.26', 'learning_rate': '1.543e-05', 'epoch': '1.842'}
{'loss': '0.5448', 'grad_norm': '48.59', 'learning_rate': '1.51e-05', 'epoch': '1.974'}
{'eval_loss': '0.5611', 'eval_accuracy': '0.7438', 'eval_precision': '0.7438', 'eval_recall': '1', 'eval_f1': '0.8531', 'eval_runtime': '0.5373', 'eval_samples_per_second': '1126', 'eval_steps_per_second': '18.61', 'epoch': '2'}
{'loss': '0.5946', 'grad_norm': '31.53', 'learning_rate': '1.477e-05', 'epoch': '2.105'}
{'loss': '0.5632', 'grad_norm': '37.55', 'learning_rate': '1.444e-05', 'epoch': '2.237'}
{'loss': '0.5542', 'grad_norm': '20.73', 'learning_rate': '1.411e-05', 'epoch': '2.368'}
{'loss': '0.5392', 'grad_norm': '50.06', 'learning_rate': '1.378e-05', 'epoch': '2.5'}
{'loss': '0.6066', 'grad_norm': '27.99', 'learning_rate': '1.345e-05', 'epoch': '2.632'}
{'loss': '0.5618', 'grad_norm': '56.25', 'learning_rate': '1.313e-05', 'epoch': '2.763'}
{'loss': '0.5313', 'grad_norm': '27.96', 'learning_rate': '1.28e-05', 'epoch': '2.895'}
{'eval_loss': '0.5535', 'eval_accuracy': '0.7438', 'eval_precision': '0.7438', 'eval_recall': '1', 'eval_f1': '0.8531', 'eval_runtime': '0.5358', 'eval_samples_per_second': '1129', 'eval_steps_per_second': '18.66', 'epoch': '3'}
{'loss': '0.5502', 'grad_norm': '28.65', 'learning_rate': '1.247e-05', 'epoch': '3.026'}
{'loss': '0.5397', 'grad_norm': '92.83', 'learning_rate': '1.214e-05', 'epoch': '3.158'}
{'loss': '0.5608', 'grad_norm': '22.64', 'learning_rate': '1.181e-05', 'epoch': '3.289'}
{'loss': '0.5718', 'grad_norm': '48.25', 'learning_rate': '1.148e-05', 'epoch': '3.421'}
{'loss': '0.5501', 'grad_norm': '62.6', 'learning_rate': '1.115e-05', 'epoch': '3.553'}
{'loss': '0.5519', 'grad_norm': '16.74', 'learning_rate': '1.082e-05', 'epoch': '3.684'}
{'loss': '0.535', 'grad_norm': '57.52', 'learning_rate': '1.049e-05', 'epoch': '3.816'}
{'loss': '0.5852', 'grad_norm': '26.31', 'learning_rate': '1.016e-05', 'epoch': '3.947'}
{'eval_loss': '0.5511', 'eval_accuracy': '0.7438', 'eval_precision': '0.7438', 'eval_recall': '1', 'eval_f1': '0.8531', 'eval_runtime': '0.536', 'eval_samples_per_second': '1129', 'eval_steps_per_second': '18.66', 'epoch': '4'}
{'loss': '0.5351', 'grad_norm': '47.06', 'learning_rate': '9.836e-06', 'epoch': '4.079'}
{'loss': '0.5388', 'grad_norm': '26.56', 'learning_rate': '9.507e-06', 'epoch': '4.211'}
{'loss': '0.5285', 'grad_norm': '66.74', 'learning_rate': '9.178e-06', 'epoch': '4.342'}
{'loss': '0.5822', 'grad_norm': '84.54', 'learning_rate': '8.849e-06', 'epoch': '4.474'}
{'loss': '0.5669', 'grad_norm': '16.26', 'learning_rate': '8.52e-06', 'epoch': '4.605'}
{'loss': '0.5518', 'grad_norm': '56.85', 'learning_rate': '8.191e-06', 'epoch': '4.737'}
{'loss': '0.5458', 'grad_norm': '38.55', 'learning_rate': '7.862e-06', 'epoch': '4.868'}
{'loss': '0.5505', 'grad_norm': '25.13', 'learning_rate': '7.533e-06', 'epoch': '5'}
{'eval_loss': '0.5486', 'eval_accuracy': '0.7438', 'eval_precision': '0.7438', 'eval_recall': '1', 'eval_f1': '0.8531', 'eval_runtime': '0.523', 'eval_samples_per_second': '1157', 'eval_steps_per_second': '19.12', 'epoch': '5'}
{'loss': '0.567', 'grad_norm': '24.32', 'learning_rate': '7.204e-06', 'epoch': '5.132'}
{'loss': '0.5844', 'grad_norm': '76.34', 'learning_rate': '6.875e-06', 'epoch': '5.263'}
{'loss': '0.5675', 'grad_norm': '24.03', 'learning_rate': '6.546e-06', 'epoch': '5.395'}
{'loss': '0.5139', 'grad_norm': '55.19', 'learning_rate': '6.217e-06', 'epoch': '5.526'}
{'loss': '0.5448', 'grad_norm': '19.06', 'learning_rate': '5.888e-06', 'epoch': '5.658'}
{'loss': '0.539', 'grad_norm': '103.3', 'learning_rate': '5.559e-06', 'epoch': '5.789'}
{'loss': '0.5225', 'grad_norm': '28.47', 'learning_rate': '5.23e-06', 'epoch': '5.921'}
{'eval_loss': '0.5438', 'eval_accuracy': '0.7438', 'eval_precision': '0.7438', 'eval_recall': '1', 'eval_f1': '0.8531', 'eval_runtime': '0.5373', 'eval_samples_per_second': '1126', 'eval_steps_per_second': '18.61', 'epoch': '6'}
{'loss': '0.5611', 'grad_norm': '289.2', 'learning_rate': '4.901e-06', 'epoch': '6.053'}
{'loss': '0.5364', 'grad_norm': '31.7', 'learning_rate': '4.572e-06', 'epoch': '6.184'}
{'loss': '0.5441', 'grad_norm': '113.2', 'learning_rate': '4.243e-06', 'epoch': '6.316'}
{'loss': '0.534', 'grad_norm': '25.87', 'learning_rate': '3.914e-06', 'epoch': '6.447'}
{'loss': '0.525', 'grad_norm': '44.14', 'learning_rate': '3.586e-06', 'epoch': '6.579'}
{'loss': '0.5344', 'grad_norm': '110.3', 'learning_rate': '3.257e-06', 'epoch': '6.711'}
{'loss': '0.5543', 'grad_norm': '48.79', 'learning_rate': '2.928e-06', 'epoch': '6.842'}
{'loss': '0.5534', 'grad_norm': '24.71', 'learning_rate': '2.599e-06', 'epoch': '6.974'}
{'eval_loss': '0.5412', 'eval_accuracy': '0.7438', 'eval_precision': '0.7438', 'eval_recall': '1', 'eval_f1': '0.8531', 'eval_runtime': '0.5364', 'eval_samples_per_second': '1128', 'eval_steps_per_second': '18.64', 'epoch': '7'}
{'loss': '0.4826', 'grad_norm': '519.1', 'learning_rate': '2.27e-06', 'epoch': '7.105'}
{'loss': '0.5303', 'grad_norm': '17.78', 'learning_rate': '1.941e-06', 'epoch': '7.237'}
{'loss': '0.5343', 'grad_norm': '34.48', 'learning_rate': '1.612e-06', 'epoch': '7.368'}
{'loss': '0.5159', 'grad_norm': '49.11', 'learning_rate': '1.283e-06', 'epoch': '7.5'}
{'loss': '0.5367', 'grad_norm': '28.65', 'learning_rate': '9.539e-07', 'epoch': '7.632'}
{'loss': '0.5884', 'grad_norm': '63.67', 'learning_rate': '6.25e-07', 'epoch': '7.763'}
{'loss': '0.575', 'grad_norm': '25.78', 'learning_rate': '2.961e-07', 'epoch': '7.895'}
{'eval_loss': '0.54', 'eval_accuracy': '0.7438', 'eval_precision': '0.7438', 'eval_recall': '1', 'eval_f1': '0.8531', 'eval_runtime': '0.5357', 'eval_samples_per_second': '1129', 'eval_steps_per_second': '18.67', 'epoch': '8'}
{'train_runtime': '372.4', 'train_samples_per_second': '52.03', 'train_steps_per_second': '1.633', 'train_loss': '0.5554', 'epoch': '8'}
[{'loss': 0.5838838577270508, 'grad_norm': 64.98565673828125, 'learning_rate': 1.9703947368421054e-05, 'epoch': 0.13157894736842105, 'step': 10}, {'loss': 0.5761778354644775, 'grad_norm': 68.76055908203125, 'learning_rate': 1.9375e-05, 'epoch': 0.2631578947368421, 'step': 20}, {'loss': 0.5588850498199462, 'grad_norm': 81.5577621459961, 'learning_rate': 1.904605263157895e-05, 'epoch': 0.39473684210526316, 'step': 30}, {'loss': 0.5862762451171875, 'grad_norm': 34.42372512817383, 'learning_rate': 1.8717105263157895e-05, 'epoch': 0.5263157894736842, 'step': 40}, {'loss': 0.5931307792663574, 'grad_norm': 144.85194396972656, 'learning_rate': 1.8388157894736844e-05, 'epoch': 0.6578947368421053, 'step': 50}, {'loss': 0.582944393157959, 'grad_norm': 48.32842254638672, 'learning_rate': 1.8059210526315793e-05, 'epoch': 0.7894736842105263, 'step': 60}, {'loss': 0.5424332618713379, 'grad_norm': 124.835693359375, 'learning_rate': 1.7730263157894738e-05, 'epoch': 0.9210526315789473, 'step': 70}, {'eval_loss': 0.5698316097259521, 'eval_accuracy': 0.743801652892562, 'eval_precision': 0.743801652892562, 'eval_recall': 1.0, 'eval_f1': 0.8530805687203792, 'eval_runtime': 0.54, 'eval_samples_per_second': 1120.301, 'eval_steps_per_second': 18.517, 'epoch': 1.0, 'step': 76}, {'loss': 0.6197751045227051, 'grad_norm': 27.60186004638672, 'learning_rate': 1.7401315789473684e-05, 'epoch': 1.0526315789473684, 'step': 80}, {'loss': 0.5597027778625489, 'grad_norm': 52.29098129272461, 'learning_rate': 1.7072368421052633e-05, 'epoch': 1.1842105263157894, 'step': 90}, {'loss': 0.5902056217193603, 'grad_norm': 63.96434783935547, 'learning_rate': 1.6743421052631582e-05, 'epoch': 1.3157894736842106, 'step': 100}, {'loss': 0.5476926803588867, 'grad_norm': 55.54911422729492, 'learning_rate': 1.6414473684210527e-05, 'epoch': 1.4473684210526316, 'step': 110}, {'loss': 0.5800195217132569, 'grad_norm': 89.76570892333984, 'learning_rate': 1.6085526315789473e-05, 'epoch': 1.5789473684210527, 'step': 120}, {'loss': 0.611193037033081, 'grad_norm': 75.80439758300781, 'learning_rate': 1.5756578947368422e-05, 'epoch': 1.7105263157894737, 'step': 130}, {'loss': 0.5349836826324463, 'grad_norm': 36.25641632080078, 'learning_rate': 1.542763157894737e-05, 'epoch': 1.8421052631578947, 'step': 140}, {'loss': 0.5447793006896973, 'grad_norm': 48.58772659301758, 'learning_rate': 1.5098684210526318e-05, 'epoch': 1.973684210526316, 'step': 150}, {'eval_loss': 0.5610688924789429, 'eval_accuracy': 0.743801652892562, 'eval_precision': 0.743801652892562, 'eval_recall': 1.0, 'eval_f1': 0.8530805687203792, 'eval_runtime': 0.5373, 'eval_samples_per_second': 1125.984, 'eval_steps_per_second': 18.611, 'epoch': 2.0, 'step': 152}, {'loss': 0.5946427345275879, 'grad_norm': 31.525053024291992, 'learning_rate': 1.4769736842105264e-05, 'epoch': 2.1052631578947367, 'step': 160}, {'loss': 0.5632489681243896, 'grad_norm': 37.54745101928711, 'learning_rate': 1.4440789473684211e-05, 'epoch': 2.236842105263158, 'step': 170}, {'loss': 0.5541647434234619, 'grad_norm': 20.725629806518555, 'learning_rate': 1.4111842105263159e-05, 'epoch': 2.3684210526315788, 'step': 180}, {'loss': 0.539243507385254, 'grad_norm': 50.05620193481445, 'learning_rate': 1.3782894736842108e-05, 'epoch': 2.5, 'step': 190}, {'loss': 0.6065701484680176, 'grad_norm': 27.986234664916992, 'learning_rate': 1.3453947368421055e-05, 'epoch': 2.6315789473684212, 'step': 200}, {'loss': 0.561772632598877, 'grad_norm': 56.25377655029297, 'learning_rate': 1.3125e-05, 'epoch': 2.763157894736842, 'step': 210}, {'loss': 0.5313063144683838, 'grad_norm': 27.95891761779785, 'learning_rate': 1.2796052631578948e-05, 'epoch': 2.8947368421052633, 'step': 220}, {'eval_loss': 0.5534891486167908, 'eval_accuracy': 0.743801652892562, 'eval_precision': 0.743801652892562, 'eval_recall': 1.0, 'eval_f1': 0.8530805687203792, 'eval_runtime': 0.5358, 'eval_samples_per_second': 1129.149, 'eval_steps_per_second': 18.664, 'epoch': 3.0, 'step': 228}, {'loss': 0.5502100467681885, 'grad_norm': 28.652164459228516, 'learning_rate': 1.2467105263157895e-05, 'epoch': 3.026315789473684, 'step': 230}, {'loss': 0.5396892547607421, 'grad_norm': 92.82666778564453, 'learning_rate': 1.2138157894736844e-05, 'epoch': 3.1578947368421053, 'step': 240}, {'loss': 0.5607864379882812, 'grad_norm': 22.643693923950195, 'learning_rate': 1.1809210526315791e-05, 'epoch': 3.2894736842105265, 'step': 250}, {'loss': 0.571843433380127, 'grad_norm': 48.249786376953125, 'learning_rate': 1.1480263157894737e-05, 'epoch': 3.4210526315789473, 'step': 260}, {'loss': 0.5501471519470215, 'grad_norm': 62.60002517700195, 'learning_rate': 1.1151315789473684e-05, 'epoch': 3.5526315789473686, 'step': 270}, {'loss': 0.5519351959228516, 'grad_norm': 16.743310928344727, 'learning_rate': 1.0822368421052632e-05, 'epoch': 3.6842105263157894, 'step': 280}, {'loss': 0.535039758682251, 'grad_norm': 57.519649505615234, 'learning_rate': 1.049342105263158e-05, 'epoch': 3.8157894736842106, 'step': 290}, {'loss': 0.5852054595947266, 'grad_norm': 26.311267852783203, 'learning_rate': 1.0164473684210528e-05, 'epoch': 3.9473684210526314, 'step': 300}, {'eval_loss': 0.5510916113853455, 'eval_accuracy': 0.743801652892562, 'eval_precision': 0.743801652892562, 'eval_recall': 1.0, 'eval_f1': 0.8530805687203792, 'eval_runtime': 0.536, 'eval_samples_per_second': 1128.812, 'eval_steps_per_second': 18.658, 'epoch': 4.0, 'step': 304}, {'loss': 0.5350765705108642, 'grad_norm': 47.05574035644531, 'learning_rate': 9.835526315789474e-06, 'epoch': 4.078947368421052, 'step': 310}, {'loss': 0.5388415336608887, 'grad_norm': 26.555591583251953, 'learning_rate': 9.506578947368423e-06, 'epoch': 4.2105263157894735, 'step': 320}, {'loss': 0.528476619720459, 'grad_norm': 66.73892211914062, 'learning_rate': 9.17763157894737e-06, 'epoch': 4.342105263157895, 'step': 330}, {'loss': 0.582153606414795, 'grad_norm': 84.5423583984375, 'learning_rate': 8.848684210526316e-06, 'epoch': 4.473684210526316, 'step': 340}, {'loss': 0.56690993309021, 'grad_norm': 16.262752532958984, 'learning_rate': 8.519736842105265e-06, 'epoch': 4.605263157894737, 'step': 350}, {'loss': 0.5517854213714599, 'grad_norm': 56.84531021118164, 'learning_rate': 8.19078947368421e-06, 'epoch': 4.7368421052631575, 'step': 360}, {'loss': 0.5457683086395264, 'grad_norm': 38.55038833618164, 'learning_rate': 7.86184210526316e-06, 'epoch': 4.868421052631579, 'step': 370}, {'loss': 0.5504681587219238, 'grad_norm': 25.131650924682617, 'learning_rate': 7.532894736842106e-06, 'epoch': 5.0, 'step': 380}, {'eval_loss': 0.5486404895782471, 'eval_accuracy': 0.743801652892562, 'eval_precision': 0.743801652892562, 'eval_recall': 1.0, 'eval_f1': 0.8530805687203792, 'eval_runtime': 0.523, 'eval_samples_per_second': 1156.747, 'eval_steps_per_second': 19.12, 'epoch': 5.0, 'step': 380}, {'loss': 0.5669914245605469, 'grad_norm': 24.319368362426758, 'learning_rate': 7.203947368421054e-06, 'epoch': 5.131578947368421, 'step': 390}, {'loss': 0.5844155788421631, 'grad_norm': 76.34292602539062, 'learning_rate': 6.875e-06, 'epoch': 5.2631578947368425, 'step': 400}, {'loss': 0.567488718032837, 'grad_norm': 24.032594680786133, 'learning_rate': 6.5460526315789476e-06, 'epoch': 5.394736842105263, 'step': 410}, {'loss': 0.513871717453003, 'grad_norm': 55.19215393066406, 'learning_rate': 6.217105263157896e-06, 'epoch': 5.526315789473684, 'step': 420}, {'loss': 0.5447583198547363, 'grad_norm': 19.0562686920166, 'learning_rate': 5.888157894736842e-06, 'epoch': 5.657894736842105, 'step': 430}, {'loss': 0.5390179634094239, 'grad_norm': 103.30254364013672, 'learning_rate': 5.55921052631579e-06, 'epoch': 5.7894736842105265, 'step': 440}, {'loss': 0.5225125312805176, 'grad_norm': 28.470619201660156, 'learning_rate': 5.230263157894737e-06, 'epoch': 5.921052631578947, 'step': 450}, {'eval_loss': 0.5438185930252075, 'eval_accuracy': 0.743801652892562, 'eval_precision': 0.743801652892562, 'eval_recall': 1.0, 'eval_f1': 0.8530805687203792, 'eval_runtime': 0.5373, 'eval_samples_per_second': 1125.911, 'eval_steps_per_second': 18.61, 'epoch': 6.0, 'step': 456}, {'loss': 0.5610914707183838, 'grad_norm': 289.2366943359375, 'learning_rate': 4.901315789473685e-06, 'epoch': 6.052631578947368, 'step': 460}, {'loss': 0.5364331722259521, 'grad_norm': 31.695554733276367, 'learning_rate': 4.572368421052632e-06, 'epoch': 6.184210526315789, 'step': 470}, {'loss': 0.5440984725952148, 'grad_norm': 113.15251922607422, 'learning_rate': 4.2434210526315796e-06, 'epoch': 6.315789473684211, 'step': 480}, {'loss': 0.5339579582214355, 'grad_norm': 25.8696346282959, 'learning_rate': 3.914473684210527e-06, 'epoch': 6.447368421052632, 'step': 490}, {'loss': 0.524958610534668, 'grad_norm': 44.14272689819336, 'learning_rate': 3.5855263157894737e-06, 'epoch': 6.578947368421053, 'step': 500}, {'loss': 0.5344005584716797, 'grad_norm': 110.26655578613281, 'learning_rate': 3.256578947368421e-06, 'epoch': 6.7105263157894735, 'step': 510}, {'loss': 0.5542898178100586, 'grad_norm': 48.78600311279297, 'learning_rate': 2.927631578947369e-06, 'epoch': 6.842105263157895, 'step': 520}, {'loss': 0.5533826351165771, 'grad_norm': 24.705598831176758, 'learning_rate': 2.598684210526316e-06, 'epoch': 6.973684210526316, 'step': 530}, {'eval_loss': 0.5411900877952576, 'eval_accuracy': 0.743801652892562, 'eval_precision': 0.743801652892562, 'eval_recall': 1.0, 'eval_f1': 0.8530805687203792, 'eval_runtime': 0.5364, 'eval_samples_per_second': 1127.803, 'eval_steps_per_second': 18.641, 'epoch': 7.0, 'step': 532}, {'loss': 0.48255352973937987, 'grad_norm': 519.0516967773438, 'learning_rate': 2.2697368421052634e-06, 'epoch': 7.105263157894737, 'step': 540}, {'loss': 0.5302660465240479, 'grad_norm': 17.77985382080078, 'learning_rate': 1.9407894736842107e-06, 'epoch': 7.2368421052631575, 'step': 550}, {'loss': 0.5343282222747803, 'grad_norm': 34.48185348510742, 'learning_rate': 1.611842105263158e-06, 'epoch': 7.368421052631579, 'step': 560}, {'loss': 0.5159318923950196, 'grad_norm': 49.11034393310547, 'learning_rate': 1.2828947368421055e-06, 'epoch': 7.5, 'step': 570}, {'loss': 0.5367348670959473, 'grad_norm': 28.65265655517578, 'learning_rate': 9.539473684210528e-07, 'epoch': 7.631578947368421, 'step': 580}, {'loss': 0.5884415149688721, 'grad_norm': 63.67134094238281, 'learning_rate': 6.25e-07, 'epoch': 7.7631578947368425, 'step': 590}, {'loss': 0.5750270843505859, 'grad_norm': 25.77919578552246, 'learning_rate': 2.9605263157894736e-07, 'epoch': 7.894736842105263, 'step': 600}, {'eval_loss': 0.5399767160415649, 'eval_accuracy': 0.743801652892562, 'eval_precision': 0.743801652892562, 'eval_recall': 1.0, 'eval_f1': 0.8530805687203792, 'eval_runtime': 0.5357, 'eval_samples_per_second': 1129.455, 'eval_steps_per_second': 18.669, 'epoch': 8.0, 'step': 608}, {'train_runtime': 372.3683, 'train_samples_per_second': 52.035, 'train_steps_per_second': 1.633, 'total_flos': 559290097615872.0, 'train_loss': 0.5554080048674032, 'epoch': 8.0, 'step': 608}]
Fold F1: 0.8530805687203792
Точность определения арабских заимств.: {'accuracy': 0.10804597701149425, 'precision': 0.10804597701149425, 'recall': 1.0, 'f1': 0.1950207468879668}
Точность определения китайских заимств.: {'accuracy': 0.026348808030112924, 'precision': 0.026348808030112924, 'recall': 1.0, 'f1': 0.05134474327628362}
Точность определения английских заимств.: {'accuracy': 0.3961089494163424, 'precision': 0.3961089494163424, 'recall': 1.0, 'f1': 0.5674470457079153}
Точность определения французских заимств.: {'accuracy': 0.5391923990498813, 'precision': 0.5391923990498813, 'recall': 1.0, 'f1': 0.7006172839506173}
Точность определения немецких заимств.: {'accuracy': 0.2595419847328244, 'precision': 0.2595419847328244, 'recall': 1.0, 'f1': 0.4121212121212121}
Точность определения итальянских заимтсв.: {'accuracy': 0.18572927597061908, 'precision': 0.18572927597061908, 'recall': 1.0, 'f1': 0.31327433628318585}
Точность определения японских заимств.: {'accuracy': 0.12808988764044943, 'precision': 0.12808988764044943, 'recall': 1.0, 'f1': 0.22709163346613545}
Точность определения польских заимств.: {'accuracy': 0.0673076923076923, 'precision': 0.0673076923076923, 'recall': 1.0, 'f1': 0.12612612612612611}
{'eval_loss': 0.5399767160415649, 'eval_accuracy': 0.743801652892562, 'eval_precision': 0.743801652892562, 'eval_recall': 1.0, 'eval_f1': 0.8530805687203792, 'eval_runtime': 0.525, 'eval_samples_per_second': 1152.421, 'eval_steps_per_second': 19.048, 'epoch': 8.0}

===== Fold 5 =====
{'loss': '0.5771', 'grad_norm': '65.06', 'learning_rate': '1.97e-05', 'epoch': '0.1316'}
{'loss': '0.5859', 'grad_norm': '53.24', 'learning_rate': '1.937e-05', 'epoch': '0.2632'}
{'loss': '0.5715', 'grad_norm': '38.86', 'learning_rate': '1.905e-05', 'epoch': '0.3947'}
{'loss': '0.58', 'grad_norm': '75.07', 'learning_rate': '1.872e-05', 'epoch': '0.5263'}
{'loss': '0.6016', 'grad_norm': '29.89', 'learning_rate': '1.839e-05', 'epoch': '0.6579'}
{'loss': '0.5948', 'grad_norm': '40.83', 'learning_rate': '1.806e-05', 'epoch': '0.7895'}
{'loss': '0.5522', 'grad_norm': '44.08', 'learning_rate': '1.773e-05', 'epoch': '0.9211'}
{'eval_loss': '0.5685', 'eval_accuracy': '0.7438', 'eval_precision': '0.7438', 'eval_recall': '1', 'eval_f1': '0.8531', 'eval_runtime': '0.5405', 'eval_samples_per_second': '1119', 'eval_steps_per_second': '18.5', 'epoch': '1'}
{'loss': '0.6209', 'grad_norm': '33.03', 'learning_rate': '1.74e-05', 'epoch': '1.053'}
{'loss': '0.5614', 'grad_norm': '31.8', 'learning_rate': '1.707e-05', 'epoch': '1.184'}
{'loss': '0.5882', 'grad_norm': '57.54', 'learning_rate': '1.674e-05', 'epoch': '1.316'}
{'loss': '0.5479', 'grad_norm': '23.77', 'learning_rate': '1.641e-05', 'epoch': '1.447'}
{'loss': '0.5775', 'grad_norm': '29.5', 'learning_rate': '1.609e-05', 'epoch': '1.579'}
{'loss': '0.6065', 'grad_norm': '24.27', 'learning_rate': '1.576e-05', 'epoch': '1.711'}
{'loss': '0.5551', 'grad_norm': '27.06', 'learning_rate': '1.543e-05', 'epoch': '1.842'}
{'loss': '0.5425', 'grad_norm': '29.58', 'learning_rate': '1.51e-05', 'epoch': '1.974'}
{'eval_loss': '0.5554', 'eval_accuracy': '0.7438', 'eval_precision': '0.7438', 'eval_recall': '1', 'eval_f1': '0.8531', 'eval_runtime': '0.5371', 'eval_samples_per_second': '1126', 'eval_steps_per_second': '18.62', 'epoch': '2'}
{'loss': '0.6109', 'grad_norm': '1416', 'learning_rate': '1.477e-05', 'epoch': '2.105'}
{'loss': '0.5749', 'grad_norm': '37.35', 'learning_rate': '1.444e-05', 'epoch': '2.237'}
{'loss': '0.559', 'grad_norm': '37.52', 'learning_rate': '1.411e-05', 'epoch': '2.368'}
{'loss': '0.5494', 'grad_norm': '36.88', 'learning_rate': '1.378e-05', 'epoch': '2.5'}
{'loss': '0.6127', 'grad_norm': '23.99', 'learning_rate': '1.345e-05', 'epoch': '2.632'}
{'loss': '0.5717', 'grad_norm': '60.01', 'learning_rate': '1.313e-05', 'epoch': '2.763'}
{'loss': '0.5371', 'grad_norm': '21.07', 'learning_rate': '1.28e-05', 'epoch': '2.895'}
{'eval_loss': '0.5446', 'eval_accuracy': '0.7438', 'eval_precision': '0.7438', 'eval_recall': '1', 'eval_f1': '0.8531', 'eval_runtime': '0.538', 'eval_samples_per_second': '1124', 'eval_steps_per_second': '18.59', 'epoch': '3'}
{'loss': '0.5427', 'grad_norm': '18.22', 'learning_rate': '1.247e-05', 'epoch': '3.026'}
{'loss': '0.5403', 'grad_norm': '59.32', 'learning_rate': '1.214e-05', 'epoch': '3.158'}
{'loss': '0.5661', 'grad_norm': '17.62', 'learning_rate': '1.181e-05', 'epoch': '3.289'}
{'loss': '0.5728', 'grad_norm': '32.93', 'learning_rate': '1.148e-05', 'epoch': '3.421'}
{'loss': '0.555', 'grad_norm': '94.03', 'learning_rate': '1.115e-05', 'epoch': '3.553'}
{'loss': '0.5531', 'grad_norm': '19.38', 'learning_rate': '1.082e-05', 'epoch': '3.684'}
{'loss': '0.5326', 'grad_norm': '27.96', 'learning_rate': '1.049e-05', 'epoch': '3.816'}
{'loss': '0.5942', 'grad_norm': '28.72', 'learning_rate': '1.016e-05', 'epoch': '3.947'}
{'eval_loss': '0.5364', 'eval_accuracy': '0.7438', 'eval_precision': '0.7438', 'eval_recall': '1', 'eval_f1': '0.8531', 'eval_runtime': '0.5378', 'eval_samples_per_second': '1125', 'eval_steps_per_second': '18.6', 'epoch': '4'}
{'loss': '0.5422', 'grad_norm': '58.49', 'learning_rate': '9.836e-06', 'epoch': '4.079'}
{'loss': '0.5366', 'grad_norm': '143.3', 'learning_rate': '9.507e-06', 'epoch': '4.211'}
{'loss': '0.5075', 'grad_norm': '31.52', 'learning_rate': '9.178e-06', 'epoch': '4.342'}
{'loss': '0.5799', 'grad_norm': '37.85', 'learning_rate': '8.849e-06', 'epoch': '4.474'}
{'loss': '0.5622', 'grad_norm': '29.37', 'learning_rate': '8.52e-06', 'epoch': '4.605'}
{'loss': '0.5361', 'grad_norm': '20.75', 'learning_rate': '8.191e-06', 'epoch': '4.737'}
{'loss': '0.5523', 'grad_norm': '62.69', 'learning_rate': '7.862e-06', 'epoch': '4.868'}
{'loss': '0.5668', 'grad_norm': '220.7', 'learning_rate': '7.533e-06', 'epoch': '5'}
{'eval_loss': '0.5277', 'eval_accuracy': '0.7438', 'eval_precision': '0.7438', 'eval_recall': '1', 'eval_f1': '0.8531', 'eval_runtime': '0.5247', 'eval_samples_per_second': '1153', 'eval_steps_per_second': '19.06', 'epoch': '5'}
{'loss': '0.5522', 'grad_norm': '26.35', 'learning_rate': '7.204e-06', 'epoch': '5.132'}
{'loss': '0.5803', 'grad_norm': '31.88', 'learning_rate': '6.875e-06', 'epoch': '5.263'}
{'loss': '0.5709', 'grad_norm': '100.6', 'learning_rate': '6.546e-06', 'epoch': '5.395'}
{'loss': '0.5145', 'grad_norm': '18.03', 'learning_rate': '6.217e-06', 'epoch': '5.526'}
{'loss': '0.5483', 'grad_norm': '136.6', 'learning_rate': '5.888e-06', 'epoch': '5.658'}
{'loss': '0.5459', 'grad_norm': '149.5', 'learning_rate': '5.559e-06', 'epoch': '5.789'}
{'loss': '0.5161', 'grad_norm': '26.22', 'learning_rate': '5.23e-06', 'epoch': '5.921'}
{'eval_loss': '0.5201', 'eval_accuracy': '0.7438', 'eval_precision': '0.7438', 'eval_recall': '1', 'eval_f1': '0.8531', 'eval_runtime': '0.5373', 'eval_samples_per_second': '1126', 'eval_steps_per_second': '18.61', 'epoch': '6'}
{'loss': '0.5612', 'grad_norm': '190.6', 'learning_rate': '4.901e-06', 'epoch': '6.053'}
{'loss': '0.542', 'grad_norm': '33.22', 'learning_rate': '4.572e-06', 'epoch': '6.184'}
{'loss': '0.5539', 'grad_norm': '66.13', 'learning_rate': '4.243e-06', 'epoch': '6.316'}
{'loss': '0.5257', 'grad_norm': '19.75', 'learning_rate': '3.914e-06', 'epoch': '6.447'}
{'loss': '0.5326', 'grad_norm': '49.57', 'learning_rate': '3.586e-06', 'epoch': '6.579'}
{'loss': '0.5409', 'grad_norm': '53.61', 'learning_rate': '3.257e-06', 'epoch': '6.711'}
{'loss': '0.5553', 'grad_norm': '64.61', 'learning_rate': '2.928e-06', 'epoch': '6.842'}
{'loss': '0.5333', 'grad_norm': '36.78', 'learning_rate': '2.599e-06', 'epoch': '6.974'}
{'eval_loss': '0.5166', 'eval_accuracy': '0.7438', 'eval_precision': '0.7438', 'eval_recall': '1', 'eval_f1': '0.8531', 'eval_runtime': '0.5383', 'eval_samples_per_second': '1124', 'eval_steps_per_second': '18.58', 'epoch': '7'}
{'loss': '0.4759', 'grad_norm': '24.28', 'learning_rate': '2.27e-06', 'epoch': '7.105'}
{'loss': '0.5296', 'grad_norm': '82.21', 'learning_rate': '1.941e-06', 'epoch': '7.237'}
{'loss': '0.5366', 'grad_norm': '54.47', 'learning_rate': '1.612e-06', 'epoch': '7.368'}
{'loss': '0.5366', 'grad_norm': '46.06', 'learning_rate': '1.283e-06', 'epoch': '7.5'}
{'loss': '0.5508', 'grad_norm': '37.85', 'learning_rate': '9.539e-07', 'epoch': '7.632'}
{'loss': '0.5903', 'grad_norm': '43.65', 'learning_rate': '6.25e-07', 'epoch': '7.763'}
{'loss': '0.5536', 'grad_norm': '50.26', 'learning_rate': '2.961e-07', 'epoch': '7.895'}
{'eval_loss': '0.5158', 'eval_accuracy': '0.7438', 'eval_precision': '0.7438', 'eval_recall': '1', 'eval_f1': '0.8531', 'eval_runtime': '0.5368', 'eval_samples_per_second': '1127', 'eval_steps_per_second': '18.63', 'epoch': '8'}
{'train_runtime': '369.8', 'train_samples_per_second': '52.39', 'train_steps_per_second': '1.644', 'train_loss': '0.5572', 'epoch': '8'}
[{'loss': 0.5771114349365234, 'grad_norm': 65.0571517944336, 'learning_rate': 1.9703947368421054e-05, 'epoch': 0.13157894736842105, 'step': 10}, {'loss': 0.5859091281890869, 'grad_norm': 53.24471664428711, 'learning_rate': 1.9375e-05, 'epoch': 0.2631578947368421, 'step': 20}, {'loss': 0.5715103149414062, 'grad_norm': 38.8619384765625, 'learning_rate': 1.904605263157895e-05, 'epoch': 0.39473684210526316, 'step': 30}, {'loss': 0.579960298538208, 'grad_norm': 75.07477569580078, 'learning_rate': 1.8717105263157895e-05, 'epoch': 0.5263157894736842, 'step': 40}, {'loss': 0.6016149044036865, 'grad_norm': 29.88808250427246, 'learning_rate': 1.8388157894736844e-05, 'epoch': 0.6578947368421053, 'step': 50}, {'loss': 0.5948070526123047, 'grad_norm': 40.82802963256836, 'learning_rate': 1.8059210526315793e-05, 'epoch': 0.7894736842105263, 'step': 60}, {'loss': 0.5522017478942871, 'grad_norm': 44.07827377319336, 'learning_rate': 1.7730263157894738e-05, 'epoch': 0.9210526315789473, 'step': 70}, {'eval_loss': 0.5684557557106018, 'eval_accuracy': 0.743801652892562, 'eval_precision': 0.743801652892562, 'eval_recall': 1.0, 'eval_f1': 0.8530805687203792, 'eval_runtime': 0.5405, 'eval_samples_per_second': 1119.377, 'eval_steps_per_second': 18.502, 'epoch': 1.0, 'step': 76}, {'loss': 0.6208587646484375, 'grad_norm': 33.02799987792969, 'learning_rate': 1.7401315789473684e-05, 'epoch': 1.0526315789473684, 'step': 80}, {'loss': 0.5613933086395264, 'grad_norm': 31.796560287475586, 'learning_rate': 1.7072368421052633e-05, 'epoch': 1.1842105263157894, 'step': 90}, {'loss': 0.5882472991943359, 'grad_norm': 57.53522872924805, 'learning_rate': 1.6743421052631582e-05, 'epoch': 1.3157894736842106, 'step': 100}, {'loss': 0.5479180812835693, 'grad_norm': 23.773290634155273, 'learning_rate': 1.6414473684210527e-05, 'epoch': 1.4473684210526316, 'step': 110}, {'loss': 0.577457857131958, 'grad_norm': 29.50449562072754, 'learning_rate': 1.6085526315789473e-05, 'epoch': 1.5789473684210527, 'step': 120}, {'loss': 0.6065343379974365, 'grad_norm': 24.269302368164062, 'learning_rate': 1.5756578947368422e-05, 'epoch': 1.7105263157894737, 'step': 130}, {'loss': 0.5551103115081787, 'grad_norm': 27.057573318481445, 'learning_rate': 1.542763157894737e-05, 'epoch': 1.8421052631578947, 'step': 140}, {'loss': 0.5425419330596923, 'grad_norm': 29.57526206970215, 'learning_rate': 1.5098684210526318e-05, 'epoch': 1.973684210526316, 'step': 150}, {'eval_loss': 0.5554335713386536, 'eval_accuracy': 0.743801652892562, 'eval_precision': 0.743801652892562, 'eval_recall': 1.0, 'eval_f1': 0.8530805687203792, 'eval_runtime': 0.5371, 'eval_samples_per_second': 1126.37, 'eval_steps_per_second': 18.618, 'epoch': 2.0, 'step': 152}, {'loss': 0.6108628749847412, 'grad_norm': 1415.7547607421875, 'learning_rate': 1.4769736842105264e-05, 'epoch': 2.1052631578947367, 'step': 160}, {'loss': 0.57485990524292, 'grad_norm': 37.34965515136719, 'learning_rate': 1.4440789473684211e-05, 'epoch': 2.236842105263158, 'step': 170}, {'loss': 0.5590149402618408, 'grad_norm': 37.523353576660156, 'learning_rate': 1.4111842105263159e-05, 'epoch': 2.3684210526315788, 'step': 180}, {'loss': 0.5493852615356445, 'grad_norm': 36.8839225769043, 'learning_rate': 1.3782894736842108e-05, 'epoch': 2.5, 'step': 190}, {'loss': 0.6126532077789306, 'grad_norm': 23.993072509765625, 'learning_rate': 1.3453947368421055e-05, 'epoch': 2.6315789473684212, 'step': 200}, {'loss': 0.5717220783233643, 'grad_norm': 60.011478424072266, 'learning_rate': 1.3125e-05, 'epoch': 2.763157894736842, 'step': 210}, {'loss': 0.5371082305908204, 'grad_norm': 21.069406509399414, 'learning_rate': 1.2796052631578948e-05, 'epoch': 2.8947368421052633, 'step': 220}, {'eval_loss': 0.5445919036865234, 'eval_accuracy': 0.743801652892562, 'eval_precision': 0.743801652892562, 'eval_recall': 1.0, 'eval_f1': 0.8530805687203792, 'eval_runtime': 0.538, 'eval_samples_per_second': 1124.48, 'eval_steps_per_second': 18.586, 'epoch': 3.0, 'step': 228}, {'loss': 0.5427186489105225, 'grad_norm': 18.223058700561523, 'learning_rate': 1.2467105263157895e-05, 'epoch': 3.026315789473684, 'step': 230}, {'loss': 0.5403297424316407, 'grad_norm': 59.31571960449219, 'learning_rate': 1.2138157894736844e-05, 'epoch': 3.1578947368421053, 'step': 240}, {'loss': 0.5661362171173095, 'grad_norm': 17.620681762695312, 'learning_rate': 1.1809210526315791e-05, 'epoch': 3.2894736842105265, 'step': 250}, {'loss': 0.5727809429168701, 'grad_norm': 32.93436813354492, 'learning_rate': 1.1480263157894737e-05, 'epoch': 3.4210526315789473, 'step': 260}, {'loss': 0.5550074100494384, 'grad_norm': 94.02938842773438, 'learning_rate': 1.1151315789473684e-05, 'epoch': 3.5526315789473686, 'step': 270}, {'loss': 0.5530757427215576, 'grad_norm': 19.37906837463379, 'learning_rate': 1.0822368421052632e-05, 'epoch': 3.6842105263157894, 'step': 280}, {'loss': 0.532603645324707, 'grad_norm': 27.962406158447266, 'learning_rate': 1.049342105263158e-05, 'epoch': 3.8157894736842106, 'step': 290}, {'loss': 0.594245433807373, 'grad_norm': 28.720134735107422, 'learning_rate': 1.0164473684210528e-05, 'epoch': 3.9473684210526314, 'step': 300}, {'eval_loss': 0.5364458560943604, 'eval_accuracy': 0.743801652892562, 'eval_precision': 0.743801652892562, 'eval_recall': 1.0, 'eval_f1': 0.8530805687203792, 'eval_runtime': 0.5378, 'eval_samples_per_second': 1125.046, 'eval_steps_per_second': 18.596, 'epoch': 4.0, 'step': 304}, {'loss': 0.5421703338623047, 'grad_norm': 58.49286651611328, 'learning_rate': 9.835526315789474e-06, 'epoch': 4.078947368421052, 'step': 310}, {'loss': 0.5366420745849609, 'grad_norm': 143.28846740722656, 'learning_rate': 9.506578947368423e-06, 'epoch': 4.2105263157894735, 'step': 320}, {'loss': 0.5074687957763672, 'grad_norm': 31.515850067138672, 'learning_rate': 9.17763157894737e-06, 'epoch': 4.342105263157895, 'step': 330}, {'loss': 0.5799055576324463, 'grad_norm': 37.85035705566406, 'learning_rate': 8.848684210526316e-06, 'epoch': 4.473684210526316, 'step': 340}, {'loss': 0.5622299671173095, 'grad_norm': 29.366790771484375, 'learning_rate': 8.519736842105265e-06, 'epoch': 4.605263157894737, 'step': 350}, {'loss': 0.5361355781555176, 'grad_norm': 20.74665641784668, 'learning_rate': 8.19078947368421e-06, 'epoch': 4.7368421052631575, 'step': 360}, {'loss': 0.552347469329834, 'grad_norm': 62.689395904541016, 'learning_rate': 7.86184210526316e-06, 'epoch': 4.868421052631579, 'step': 370}, {'loss': 0.5668297290802002, 'grad_norm': 220.66433715820312, 'learning_rate': 7.532894736842106e-06, 'epoch': 5.0, 'step': 380}, {'eval_loss': 0.5276972651481628, 'eval_accuracy': 0.743801652892562, 'eval_precision': 0.743801652892562, 'eval_recall': 1.0, 'eval_f1': 0.8530805687203792, 'eval_runtime': 0.5247, 'eval_samples_per_second': 1153.072, 'eval_steps_per_second': 19.059, 'epoch': 5.0, 'step': 380}, {'loss': 0.5522419929504394, 'grad_norm': 26.351078033447266, 'learning_rate': 7.203947368421054e-06, 'epoch': 5.131578947368421, 'step': 390}, {'loss': 0.5803318500518799, 'grad_norm': 31.881771087646484, 'learning_rate': 6.875e-06, 'epoch': 5.2631578947368425, 'step': 400}, {'loss': 0.5708671569824219, 'grad_norm': 100.63726806640625, 'learning_rate': 6.5460526315789476e-06, 'epoch': 5.394736842105263, 'step': 410}, {'loss': 0.514533805847168, 'grad_norm': 18.02760887145996, 'learning_rate': 6.217105263157896e-06, 'epoch': 5.526315789473684, 'step': 420}, {'loss': 0.548258113861084, 'grad_norm': 136.62008666992188, 'learning_rate': 5.888157894736842e-06, 'epoch': 5.657894736842105, 'step': 430}, {'loss': 0.5459052562713623, 'grad_norm': 149.52749633789062, 'learning_rate': 5.55921052631579e-06, 'epoch': 5.7894736842105265, 'step': 440}, {'loss': 0.5161167621612549, 'grad_norm': 26.215608596801758, 'learning_rate': 5.230263157894737e-06, 'epoch': 5.921052631578947, 'step': 450}, {'eval_loss': 0.5201486349105835, 'eval_accuracy': 0.743801652892562, 'eval_precision': 0.743801652892562, 'eval_recall': 1.0, 'eval_f1': 0.8530805687203792, 'eval_runtime': 0.5373, 'eval_samples_per_second': 1125.974, 'eval_steps_per_second': 18.611, 'epoch': 6.0, 'step': 456}, {'loss': 0.5611753940582276, 'grad_norm': 190.59242248535156, 'learning_rate': 4.901315789473685e-06, 'epoch': 6.052631578947368, 'step': 460}, {'loss': 0.5420081138610839, 'grad_norm': 33.224327087402344, 'learning_rate': 4.572368421052632e-06, 'epoch': 6.184210526315789, 'step': 470}, {'loss': 0.5538914680480957, 'grad_norm': 66.1264419555664, 'learning_rate': 4.2434210526315796e-06, 'epoch': 6.315789473684211, 'step': 480}, {'loss': 0.5256688594818115, 'grad_norm': 19.75326919555664, 'learning_rate': 3.914473684210527e-06, 'epoch': 6.447368421052632, 'step': 490}, {'loss': 0.5326027393341064, 'grad_norm': 49.57060623168945, 'learning_rate': 3.5855263157894737e-06, 'epoch': 6.578947368421053, 'step': 500}, {'loss': 0.5409469604492188, 'grad_norm': 53.61115646362305, 'learning_rate': 3.256578947368421e-06, 'epoch': 6.7105263157894735, 'step': 510}, {'loss': 0.5553184032440186, 'grad_norm': 64.61404418945312, 'learning_rate': 2.927631578947369e-06, 'epoch': 6.842105263157895, 'step': 520}, {'loss': 0.5332838535308838, 'grad_norm': 36.78041458129883, 'learning_rate': 2.598684210526316e-06, 'epoch': 6.973684210526316, 'step': 530}, {'eval_loss': 0.516619861125946, 'eval_accuracy': 0.743801652892562, 'eval_precision': 0.743801652892562, 'eval_recall': 1.0, 'eval_f1': 0.8530805687203792, 'eval_runtime': 0.5383, 'eval_samples_per_second': 1123.945, 'eval_steps_per_second': 18.578, 'epoch': 7.0, 'step': 532}, {'loss': 0.4759347915649414, 'grad_norm': 24.284748077392578, 'learning_rate': 2.2697368421052634e-06, 'epoch': 7.105263157894737, 'step': 540}, {'loss': 0.5295543670654297, 'grad_norm': 82.20840454101562, 'learning_rate': 1.9407894736842107e-06, 'epoch': 7.2368421052631575, 'step': 550}, {'loss': 0.5365541934967041, 'grad_norm': 54.473201751708984, 'learning_rate': 1.611842105263158e-06, 'epoch': 7.368421052631579, 'step': 560}, {'loss': 0.5366334438323974, 'grad_norm': 46.05587387084961, 'learning_rate': 1.2828947368421055e-06, 'epoch': 7.5, 'step': 570}, {'loss': 0.5508090019226074, 'grad_norm': 37.84751892089844, 'learning_rate': 9.539473684210528e-07, 'epoch': 7.631578947368421, 'step': 580}, {'loss': 0.5902731418609619, 'grad_norm': 43.6452751159668, 'learning_rate': 6.25e-07, 'epoch': 7.7631578947368425, 'step': 590}, {'loss': 0.553643274307251, 'grad_norm': 50.255027770996094, 'learning_rate': 2.9605263157894736e-07, 'epoch': 7.894736842105263, 'step': 600}, {'eval_loss': 0.5158258676528931, 'eval_accuracy': 0.743801652892562, 'eval_precision': 0.743801652892562, 'eval_recall': 1.0, 'eval_f1': 0.8530805687203792, 'eval_runtime': 0.5368, 'eval_samples_per_second': 1127.019, 'eval_steps_per_second': 18.628, 'epoch': 8.0, 'step': 608}, {'train_runtime': 369.8314, 'train_samples_per_second': 52.391, 'train_steps_per_second': 1.644, 'total_flos': 559290097615872.0, 'train_loss': 0.5571758684359098, 'epoch': 8.0, 'step': 608}]
Fold F1: 0.8530805687203792
Точность определения арабских заимств.: {'accuracy': 0.10804597701149425, 'precision': 0.10804597701149425, 'recall': 1.0, 'f1': 0.1950207468879668}
Точность определения китайских заимств.: {'accuracy': 0.026348808030112924, 'precision': 0.026348808030112924, 'recall': 1.0, 'f1': 0.05134474327628362}
Точность определения английских заимств.: {'accuracy': 0.3961089494163424, 'precision': 0.3961089494163424, 'recall': 1.0, 'f1': 0.5674470457079153}
Точность определения французских заимств.: {'accuracy': 0.5391923990498813, 'precision': 0.5391923990498813, 'recall': 1.0, 'f1': 0.7006172839506173}
Точность определения немецких заимств.: {'accuracy': 0.2595419847328244, 'precision': 0.2595419847328244, 'recall': 1.0, 'f1': 0.4121212121212121}
Точность определения итальянских заимтсв.: {'accuracy': 0.18572927597061908, 'precision': 0.18572927597061908, 'recall': 1.0, 'f1': 0.31327433628318585}
Точность определения японских заимств.: {'accuracy': 0.12808988764044943, 'precision': 0.12808988764044943, 'recall': 1.0, 'f1': 0.22709163346613545}
Точность определения польских заимств.: {'accuracy': 0.0673076923076923, 'precision': 0.0673076923076923, 'recall': 1.0, 'f1': 0.12612612612612611}
{'eval_loss': 0.5158258676528931, 'eval_accuracy': 0.743801652892562, 'eval_precision': 0.743801652892562, 'eval_recall': 1.0, 'eval_f1': 0.8530805687203792, 'eval_runtime': 0.5226, 'eval_samples_per_second': 1157.662, 'eval_steps_per_second': 19.135, 'epoch': 8.0}

===== FINAL RESULT =====
Mean F1: 0.8529185355992288
Std F1: 0.0004754148238523881
